{
  "stats": {
    "suites": 1,
    "tests": 8,
    "passes": 8,
    "pending": 0,
    "failures": 0,
    "start": "2021-04-23T09:26:56.235Z",
    "end": "2021-04-23T09:27:38.645Z",
    "duration": 42410,
    "testsRegistered": 8,
    "passPercent": 100,
    "pendingPercent": 0,
    "other": 0,
    "hasOther": false,
    "skipped": 0,
    "hasSkipped": false
  },
  "results": [
    {
      "uuid": "65d30f0b-8e45-43a2-a036-c68ad7764b21",
      "title": "",
      "fullFile": "cypress/integration/extra test suites/extra-test-suite-clients.spec.js",
      "file": "cypress/integration/extra test suites/extra-test-suite-clients.spec.js",
      "beforeHooks": [],
      "afterHooks": [],
      "tests": [],
      "suites": [
        {
          "uuid": "5481118f-3a1f-405d-ad02-be3318edbf0c",
          "title": "Extra test suite with Page-objects - Clients",
          "fullFile": "",
          "file": "",
          "beforeHooks": [],
          "afterHooks": [],
          "tests": [
            {
              "title": "View Clients",
              "fullTitle": "Extra test suite with Page-objects - Clients View Clients",
              "timedOut": null,
              "duration": 2756,
              "state": "passed",
              "speed": "slow",
              "pass": true,
              "fail": false,
              "pending": false,
              "context": null,
              "code": "indexPage.navigateToClients('Clients');\nclientsPage.performLogout('Login');",
              "err": {},
              "uuid": "de43c952-4798-41e2-99e2-554227e9ce62",
              "parentUUID": "5481118f-3a1f-405d-ad02-be3318edbf0c",
              "isHook": false,
              "skipped": false
            },
            {
              "title": "Create a new client by using valid input in all fields",
              "fullTitle": "Extra test suite with Page-objects - Clients Create a new client by using valid input in all fields",
              "timedOut": null,
              "duration": 5275,
              "state": "passed",
              "speed": "slow",
              "pass": true,
              "fail": false,
              "pending": false,
              "context": null,
              "code": "indexPage.navigateToClients('Clients');\nclientsPage.navigateToCreateClientPage('New Client');\ncreateClientPage.addName('ABC');\ncreateClientPage.addEmail('abc@xyz.com');\ncreateClientPage.addTelephone('0701234567');\ncreateClientPage.saveClient('Clients');\nclientsPage.verifyLastClient('ABC', 'abc@xyz.com', '0701234567');\nclientsPage.performLogout('Login');",
              "err": {},
              "uuid": "97b52169-30c0-4755-9459-9f3f3f5c82e2",
              "parentUUID": "5481118f-3a1f-405d-ad02-be3318edbf0c",
              "isHook": false,
              "skipped": false
            },
            {
              "title": "Edit client",
              "fullTitle": "Extra test suite with Page-objects - Clients Edit client",
              "timedOut": null,
              "duration": 7785,
              "state": "passed",
              "speed": "slow",
              "pass": true,
              "fail": false,
              "pending": false,
              "context": null,
              "code": "indexPage.navigateToClients('Clients');\nclientsPage.navigateToCreateClientPage('New Client');\ncreateClientPage.addName('ABC');\ncreateClientPage.addEmail('abc@xyz.com');\ncreateClientPage.addTelephone('0701234567');\ncreateClientPage.saveClient('Clients');\nclientsPage.verifyLastClient('ABC', 'abc@xyz.com', '0701234567');\nclientsPage.navigateToEditClientPage('Client: ');\neditClientPage.editName('XYZ');\neditClientPage.editEmail('xyz@abc.se');\neditClientPage.editTelephone('0707654321');\neditClientPage.saveClient('Clients');\nclientsPage.verifyLastClient('XYZ', 'xyz@abc.se', '0707654321');\nclientsPage.performLogout('Login');",
              "err": {},
              "uuid": "6c3b567a-e828-467d-8365-c19a25cb4710",
              "parentUUID": "5481118f-3a1f-405d-ad02-be3318edbf0c",
              "isHook": false,
              "skipped": false
            },
            {
              "title": "Delete client on clients page",
              "fullTitle": "Extra test suite with Page-objects - Clients Delete client on clients page",
              "timedOut": null,
              "duration": 5892,
              "state": "passed",
              "speed": "slow",
              "pass": true,
              "fail": false,
              "pending": false,
              "context": null,
              "code": "indexPage.navigateToClients('Clients');\nclientsPage.navigateToCreateClientPage('New Client');\ncreateClientPage.addName('ABC');\ncreateClientPage.addEmail('abc@xyz.com');\ncreateClientPage.addTelephone('0701234567');\ncreateClientPage.saveClient('Clients');\nclientsPage.verifyLastClient('ABC', 'abc@xyz.com', '0701234567');\nclientsPage.deleteClient('Clients');\nclientsPage.performLogout('Login');",
              "err": {},
              "uuid": "6254c65f-ebf3-4f4d-a5ca-4b3be012a34a",
              "parentUUID": "5481118f-3a1f-405d-ad02-be3318edbf0c",
              "isHook": false,
              "skipped": false
            },
            {
              "title": "Return to indexpage when creating a client",
              "fullTitle": "Extra test suite with Page-objects - Clients Return to indexpage when creating a client",
              "timedOut": null,
              "duration": 3769,
              "state": "passed",
              "speed": "slow",
              "pass": true,
              "fail": false,
              "pending": false,
              "context": null,
              "code": "indexPage.navigateToClients('Clients');\nclientsPage.navigateToCreateClientPage('New Client');\ncreateClientPage.returnToClientsPage('Clients');\nclientsPage.returnToIndexPage('Tester Hotel Overview');\nclientsPage.performLogout('Login');",
              "err": {},
              "uuid": "cce0735a-500f-4eaf-b142-2d06aaf46d4b",
              "parentUUID": "5481118f-3a1f-405d-ad02-be3318edbf0c",
              "isHook": false,
              "skipped": false
            },
            {
              "title": "Return to indexpage when on Clients page",
              "fullTitle": "Extra test suite with Page-objects - Clients Return to indexpage when on Clients page",
              "timedOut": null,
              "duration": 3299,
              "state": "passed",
              "speed": "slow",
              "pass": true,
              "fail": false,
              "pending": false,
              "context": null,
              "code": "indexPage.navigateToClients('Clients');\nclientsPage.returnToIndexPage('Tester Hotel Overview');\nclientsPage.performLogout('Login');",
              "err": {},
              "uuid": "f3de7109-162b-4635-98a2-3c4d3755fb5c",
              "parentUUID": "5481118f-3a1f-405d-ad02-be3318edbf0c",
              "isHook": false,
              "skipped": false
            },
            {
              "title": "Return to indexpage when editing a client",
              "fullTitle": "Extra test suite with Page-objects - Clients Return to indexpage when editing a client",
              "timedOut": null,
              "duration": 6355,
              "state": "passed",
              "speed": "slow",
              "pass": true,
              "fail": false,
              "pending": false,
              "context": null,
              "code": "indexPage.navigateToClients('Clients');\nclientsPage.navigateToCreateClientPage('New Client');\ncreateClientPage.addName('ABC');\ncreateClientPage.addEmail('abc@xyz.com');\ncreateClientPage.addTelephone('0701234567');\ncreateClientPage.saveClient('Clients');\nclientsPage.navigateToEditClientPage('Client: ');\neditClientPage.returnToClientsPage('Clients');\nclientsPage.returnToIndexPage('Tester Hotel Overview');\nclientsPage.performLogout('Login');",
              "err": {},
              "uuid": "c530ea8a-f6dc-4b5e-bac1-808461a0cb2e",
              "parentUUID": "5481118f-3a1f-405d-ad02-be3318edbf0c",
              "isHook": false,
              "skipped": false
            },
            {
              "title": "Delete client on edit clients page",
              "fullTitle": "Extra test suite with Page-objects - Clients Delete client on edit clients page",
              "timedOut": null,
              "duration": 5766,
              "state": "passed",
              "speed": "slow",
              "pass": true,
              "fail": false,
              "pending": false,
              "context": null,
              "code": "indexPage.navigateToClients('Clients');\nclientsPage.navigateToCreateClientPage('New Client');\ncreateClientPage.addName('ABC');\ncreateClientPage.addEmail('abc@xyz.com');\ncreateClientPage.addTelephone('0701234567');\ncreateClientPage.saveClient('Clients');\nclientsPage.verifyLastClient('ABC', 'abc@xyz.com', '0701234567');\nclientsPage.navigateToEditClientPage('Client: ');\neditClientPage.deleteClient('Clients');\nclientsPage.performLogout('Login');",
              "err": {},
              "uuid": "b6ec58a6-6eb4-45e3-b2b4-6c4c535fb357",
              "parentUUID": "5481118f-3a1f-405d-ad02-be3318edbf0c",
              "isHook": false,
              "skipped": false
            }
          ],
          "suites": [],
          "passes": [
            "de43c952-4798-41e2-99e2-554227e9ce62",
            "97b52169-30c0-4755-9459-9f3f3f5c82e2",
            "6c3b567a-e828-467d-8365-c19a25cb4710",
            "6254c65f-ebf3-4f4d-a5ca-4b3be012a34a",
            "cce0735a-500f-4eaf-b142-2d06aaf46d4b",
            "f3de7109-162b-4635-98a2-3c4d3755fb5c",
            "c530ea8a-f6dc-4b5e-bac1-808461a0cb2e",
            "b6ec58a6-6eb4-45e3-b2b4-6c4c535fb357"
          ],
          "failures": [],
          "pending": [],
          "skipped": [],
          "duration": 40897,
          "root": false,
          "rootEmpty": false,
          "_timeout": 2000
        }
      ],
      "passes": [],
      "failures": [],
      "pending": [],
      "skipped": [],
      "duration": 0,
      "root": true,
      "rootEmpty": true,
      "_timeout": 2000
    }
  ],
  "meta": {
    "mocha": {
      "version": "7.0.1"
    },
    "mochawesome": {
      "options": {
        "quiet": false,
        "reportFilename": "mochawesome",
        "saveHtml": false,
        "saveJson": true,
        "consoleReporter": "spec",
        "useInlineDiffs": false,
        "code": true
      },
      "version": "6.2.2"
    },
    "marge": {
      "options": {
        "reportDir": "cypress/results",
        "overwrite": false,
        "html": false,
        "json": true
      },
      "version": "5.2.0"
    }
  }
}