{
  "stats": {
    "suites": 1,
    "tests": 5,
    "passes": 2,
    "pending": 0,
    "failures": 3,
    "start": "2021-04-23T08:44:59.056Z",
    "end": "2021-04-23T08:45:34.476Z",
    "duration": 35420,
    "testsRegistered": 5,
    "passPercent": 40,
    "pendingPercent": 0,
    "other": 0,
    "hasOther": false,
    "skipped": 0,
    "hasSkipped": false
  },
  "results": [
    {
      "uuid": "a1cfa5fd-e966-4c2d-a210-ba4dc728979b",
      "title": "",
      "fullFile": "cypress/integration/extra test suites/extra-test-suite-reservations.spec.js",
      "file": "cypress/integration/extra test suites/extra-test-suite-reservations.spec.js",
      "beforeHooks": [],
      "afterHooks": [],
      "tests": [],
      "suites": [
        {
          "uuid": "6e594938-8362-4663-99ee-35aa6d6e20da",
          "title": "Extra test suite with Page-objects - Reservations",
          "fullFile": "",
          "file": "",
          "beforeHooks": [],
          "afterHooks": [],
          "tests": [
            {
              "title": "View Reservations",
              "fullTitle": "Extra test suite with Page-objects - Reservations View Reservations",
              "timedOut": null,
              "duration": 3127,
              "state": "passed",
              "speed": "slow",
              "pass": true,
              "fail": false,
              "pending": false,
              "context": null,
              "code": "indexPage.navigateToReservations('Reservations');\nreservationsPage.performLogout('Login');",
              "err": {},
              "uuid": "ab837107-6d61-486e-b732-e7e3826ad2bd",
              "parentUUID": "6e594938-8362-4663-99ee-35aa6d6e20da",
              "isHook": false,
              "skipped": false
            },
            {
              "title": "Create a new reservation by using valid input in all fields",
              "fullTitle": "Extra test suite with Page-objects - Reservations Create a new reservation by using valid input in all fields",
              "timedOut": null,
              "duration": 8681,
              "state": "failed",
              "speed": null,
              "pass": false,
              "fail": true,
              "pending": false,
              "context": null,
              "code": "indexPage.navigateToReservations('Reservation');\nreservationsPage.navigateToCreateReservationPage('New Reservation');\ncreateReservationPage.addStartDate('2022-01-01');\ncreateReservationPage.addEndDate('2022-01-03');\ncreateReservationPage.addClient('Jonas Hellman (#1)');\ncreateReservationPage.addRoom('Floor 1, Room 101');\ncreateReservationPage.addBill('1');\ncreateReservationPage.saveReservation('Reservations');\nreservationsPage.verifyLastReservation('2022-01-01', '2022-01-03', 'Jonas Hellman');\nreservationsPage.performLogout('Login');",
              "err": {
                "message": "AssertionError: Timed out retrying after 4000ms: Expected to find content: 'Reservations' but never did.",
                "estack": "AssertionError: Timed out retrying after 4000ms: Expected to find content: 'Reservations' but never did.\n    at Object.saveReservation (http://localhost:3000/__cypress/tests?p=cypress/integration/extra%20test%20suites/extra-test-suite-reservations.spec.js:331:6)\n    at Context.eval (http://localhost:3000/__cypress/tests?p=cypress/integration/extra%20test%20suites/extra-test-suite-reservations.spec.js:228:27)",
                "diff": null
              },
              "uuid": "8d71f34e-eb4c-4152-ad0a-0b15b8d23344",
              "parentUUID": "6e594938-8362-4663-99ee-35aa6d6e20da",
              "isHook": false,
              "skipped": false
            },
            {
              "title": "Delete reservation on reservations page",
              "fullTitle": "Extra test suite with Page-objects - Reservations Delete reservation on reservations page",
              "timedOut": null,
              "duration": 4841,
              "state": "passed",
              "speed": "slow",
              "pass": true,
              "fail": false,
              "pending": false,
              "context": null,
              "code": "indexPage.navigateToReservations('Reservation');\nreservationsPage.navigateToCreateReservationPage('New Reservation');\ncreateReservationPage.addStartDate('2022-01-01');\ncreateReservationPage.addEndDate('2022-01-03');\ncreateReservationPage.addClient('Jonas Hellman (#1)');\ncreateReservationPage.addRoom('Floor 1, Room 101');\ncreateReservationPage.addBill('1');\ncreateReservationPage.saveReservation('Reservations');\nreservationsPage.verifyLastReservation('2022-01-01', '2022-01-03', 'Jonas Hellman');\nreservationsPage.deleteReservation('Reservations');\nreservationsPage.performLogout('Login');",
              "err": {},
              "uuid": "55b31424-4953-4a12-b71a-748078d2ed67",
              "parentUUID": "6e594938-8362-4663-99ee-35aa6d6e20da",
              "isHook": false,
              "skipped": false
            },
            {
              "title": "Edit reservation",
              "fullTitle": "Extra test suite with Page-objects - Reservations Edit reservation",
              "timedOut": null,
              "duration": 8119,
              "state": "failed",
              "speed": null,
              "pass": false,
              "fail": true,
              "pending": false,
              "context": null,
              "code": "indexPage.navigateToReservations('Reservation');\nreservationsPage.navigateToCreateReservationPage('New Reservation');\ncreateReservationPage.addStartDate('2022-01-01');\ncreateReservationPage.addEndDate('2022-01-03');\ncreateReservationPage.addClient('Jonas Hellman (#1)');\ncreateReservationPage.addRoom('Floor 1, Room 101');\ncreateReservationPage.addBill('1');\ncreateReservationPage.saveReservation('Reservations');\nreservationsPage.verifyLastReservation('2022-01-01', '2022-01-03', 'Jonas Hellman');\nreservationsPage.navigateToEditReservationPage('Reservation: ');\neditReservationPage.editStartDate('2022-02-01');\neditReservationPage.editEndDate('2022-02-03');\neditReservationPage.editClient('Mikael Eriksson (#2)');\neditReservationPage.editRoom('Floor 1, Room 102');\neditReservationPage.editBill('2');\neditReservationPage.saveReservation('Reservations');\nreservationsPage.verifyLastReservation('2022-02-01', '2022-02-03', 'Mikael Eriksson');\nreservationsPage.performLogout('Login');",
              "err": {
                "message": "AssertionError: Timed out retrying after 4000ms: Expected to find content: 'Reservations' but never did.",
                "estack": "AssertionError: Timed out retrying after 4000ms: Expected to find content: 'Reservations' but never did.\n    at Object.saveReservation (http://localhost:3000/__cypress/tests?p=cypress/integration/extra%20test%20suites/extra-test-suite-reservations.spec.js:331:6)\n    at Context.eval (http://localhost:3000/__cypress/tests?p=cypress/integration/extra%20test%20suites/extra-test-suite-reservations.spec.js:253:27)",
                "diff": null
              },
              "uuid": "63b8ea93-d5f6-4697-863f-44c745a8e02c",
              "parentUUID": "6e594938-8362-4663-99ee-35aa6d6e20da",
              "isHook": false,
              "skipped": false
            },
            {
              "title": "Delete reservation on edit reservation page",
              "fullTitle": "Extra test suite with Page-objects - Reservations Delete reservation on edit reservation page",
              "timedOut": null,
              "duration": 8816,
              "state": "failed",
              "speed": null,
              "pass": false,
              "fail": true,
              "pending": false,
              "context": null,
              "code": "indexPage.navigateToReservations('Reservation');\nreservationsPage.navigateToCreateReservationPage('New Reservation');\ncreateReservationPage.addStartDate('2022-01-01');\ncreateReservationPage.addEndDate('2022-01-03');\ncreateReservationPage.addClient('Jonas Hellman (#1)');\ncreateReservationPage.addRoom('Floor 1, Room 101');\ncreateReservationPage.addBill('1');\ncreateReservationPage.saveReservation('Reservations');\nreservationsPage.verifyLastReservation('2022-01-01', '2022-01-03', 'Jonas Hellman');\nreservationsPage.navigateToEditReservationPage('Reservation: ');\neditReservationPage.deleteReservation('Reservations');\nreservationsPage.performLogout('Login');",
              "err": {
                "message": "AssertionError: Timed out retrying after 4000ms: Expected to find content: 'Reservations' but never did.",
                "estack": "AssertionError: Timed out retrying after 4000ms: Expected to find content: 'Reservations' but never did.\n    at Object.deleteReservation (http://localhost:3000/__cypress/tests?p=cypress/integration/extra%20test%20suites/extra-test-suite-reservations.spec.js:417:6)\n    at Context.eval (http://localhost:3000/__cypress/tests?p=cypress/integration/extra%20test%20suites/extra-test-suite-reservations.spec.js:276:25)",
                "diff": null
              },
              "uuid": "6ff0abd5-7a06-4fc5-bbd7-b4df784af674",
              "parentUUID": "6e594938-8362-4663-99ee-35aa6d6e20da",
              "isHook": false,
              "skipped": false
            }
          ],
          "suites": [],
          "passes": [
            "ab837107-6d61-486e-b732-e7e3826ad2bd",
            "55b31424-4953-4a12-b71a-748078d2ed67"
          ],
          "failures": [
            "8d71f34e-eb4c-4152-ad0a-0b15b8d23344",
            "63b8ea93-d5f6-4697-863f-44c745a8e02c",
            "6ff0abd5-7a06-4fc5-bbd7-b4df784af674"
          ],
          "pending": [],
          "skipped": [],
          "duration": 33584,
          "root": false,
          "rootEmpty": false,
          "_timeout": 2000
        }
      ],
      "passes": [],
      "failures": [],
      "pending": [],
      "skipped": [],
      "duration": 0,
      "root": true,
      "rootEmpty": true,
      "_timeout": 2000
    }
  ],
  "meta": {
    "mocha": {
      "version": "7.0.1"
    },
    "mochawesome": {
      "options": {
        "quiet": false,
        "reportFilename": "mochawesome",
        "saveHtml": false,
        "saveJson": true,
        "consoleReporter": "spec",
        "useInlineDiffs": false,
        "code": true
      },
      "version": "6.2.2"
    },
    "marge": {
      "options": {
        "reportDir": "cypress/results",
        "overwrite": false,
        "html": false,
        "json": true
      },
      "version": "5.2.0"
    }
  }
}