{
  "stats": {
    "suites": 1,
    "tests": 8,
    "passes": 8,
    "pending": 0,
    "failures": 0,
    "start": "2021-04-23T08:28:22.308Z",
    "end": "2021-04-23T08:28:46.846Z",
    "duration": 24538,
    "testsRegistered": 8,
    "passPercent": 100,
    "pendingPercent": 0,
    "other": 0,
    "hasOther": false,
    "skipped": 0,
    "hasSkipped": false
  },
  "results": [
    {
      "uuid": "6242b2a2-c53f-4ab9-ba87-7fa8ea93c3ea",
      "title": "",
      "fullFile": "cypress/integration/extra test suites/extra-test-suite-clients.spec.js",
      "file": "cypress/integration/extra test suites/extra-test-suite-clients.spec.js",
      "beforeHooks": [],
      "afterHooks": [],
      "tests": [],
      "suites": [
        {
          "uuid": "dcbb25c1-f2ff-4644-a1f6-c4f2a677710e",
          "title": "Extra test suite with Page-objects - Clients",
          "fullFile": "",
          "file": "",
          "beforeHooks": [],
          "afterHooks": [],
          "tests": [
            {
              "title": "View Clients",
              "fullTitle": "Extra test suite with Page-objects - Clients View Clients",
              "timedOut": null,
              "duration": 2191,
              "state": "passed",
              "speed": "slow",
              "pass": true,
              "fail": false,
              "pending": false,
              "context": null,
              "code": "indexPage.navigateToClients('Clients');\nclientsPage.performLogout('Login');",
              "err": {},
              "uuid": "eb0e2213-c3d9-4adb-a4f1-f458c80434b2",
              "parentUUID": "dcbb25c1-f2ff-4644-a1f6-c4f2a677710e",
              "isHook": false,
              "skipped": false
            },
            {
              "title": "Create a new client by using valid input in all fields",
              "fullTitle": "Extra test suite with Page-objects - Clients Create a new client by using valid input in all fields",
              "timedOut": null,
              "duration": 3026,
              "state": "passed",
              "speed": "slow",
              "pass": true,
              "fail": false,
              "pending": false,
              "context": null,
              "code": "indexPage.navigateToClients('Clients');\nclientsPage.navigateToCreateClientPage('New Client');\ncreateClientPage.addName('ABC');\ncreateClientPage.addEmail('abc@xyz.com');\ncreateClientPage.addTelephone('0701234567');\ncreateClientPage.saveClient('Clients');\nclientsPage.verifyLastClient('ABC', 'abc@xyz.com', '0701234567');\nclientsPage.performLogout('Login');",
              "err": {},
              "uuid": "9ff4e465-e79c-4747-8dd5-9e3cd80a5024",
              "parentUUID": "dcbb25c1-f2ff-4644-a1f6-c4f2a677710e",
              "isHook": false,
              "skipped": false
            },
            {
              "title": "Edit client",
              "fullTitle": "Extra test suite with Page-objects - Clients Edit client",
              "timedOut": null,
              "duration": 4379,
              "state": "passed",
              "speed": "slow",
              "pass": true,
              "fail": false,
              "pending": false,
              "context": null,
              "code": "indexPage.navigateToClients('Clients');\nclientsPage.navigateToCreateClientPage('New Client');\ncreateClientPage.addName('ABC');\ncreateClientPage.addEmail('abc@xyz.com');\ncreateClientPage.addTelephone('0701234567');\ncreateClientPage.saveClient('Clients');\nclientsPage.verifyLastClient('ABC', 'abc@xyz.com', '0701234567');\nclientsPage.navigateToEditClientPage('Client: ');\neditClientPage.editName('XYZ');\neditClientPage.editEmail('xyz@abc.se');\neditClientPage.editTelephone('0707654321');\neditClientPage.saveClient('Clients');\nclientsPage.verifyLastClient('XYZ', 'xyz@abc.se', '0707654321');\nclientsPage.performLogout('Login');",
              "err": {},
              "uuid": "40709c13-d798-4055-b1c5-9070de88632f",
              "parentUUID": "dcbb25c1-f2ff-4644-a1f6-c4f2a677710e",
              "isHook": false,
              "skipped": false
            },
            {
              "title": "Delete client on clients page",
              "fullTitle": "Extra test suite with Page-objects - Clients Delete client on clients page",
              "timedOut": null,
              "duration": 3071,
              "state": "passed",
              "speed": "slow",
              "pass": true,
              "fail": false,
              "pending": false,
              "context": null,
              "code": "indexPage.navigateToClients('Clients');\nclientsPage.navigateToCreateClientPage('New Client');\ncreateClientPage.addName('ABC');\ncreateClientPage.addEmail('abc@xyz.com');\ncreateClientPage.addTelephone('0701234567');\ncreateClientPage.saveClient('Clients');\nclientsPage.verifyLastClient('ABC', 'abc@xyz.com', '0701234567');\nclientsPage.deleteClient('Clients');\nclientsPage.performLogout('Login');",
              "err": {},
              "uuid": "1713a06b-aa5e-4e66-95cb-895e7ec8f5b6",
              "parentUUID": "dcbb25c1-f2ff-4644-a1f6-c4f2a677710e",
              "isHook": false,
              "skipped": false
            },
            {
              "title": "Return to indexpage when creating a client",
              "fullTitle": "Extra test suite with Page-objects - Clients Return to indexpage when creating a client",
              "timedOut": null,
              "duration": 2089,
              "state": "passed",
              "speed": "slow",
              "pass": true,
              "fail": false,
              "pending": false,
              "context": null,
              "code": "indexPage.navigateToClients('Clients');\nclientsPage.navigateToCreateClientPage('New Client');\ncreateClientPage.returnToClientsPage('Clients');\nclientsPage.returnToIndexPage('Tester Hotel Overview');\nclientsPage.performLogout('Login');",
              "err": {},
              "uuid": "f1ba8551-39fd-43da-a4c4-b42b0b21b369",
              "parentUUID": "dcbb25c1-f2ff-4644-a1f6-c4f2a677710e",
              "isHook": false,
              "skipped": false
            },
            {
              "title": "Return to indexpage when on Clients page",
              "fullTitle": "Extra test suite with Page-objects - Clients Return to indexpage when on Clients page",
              "timedOut": null,
              "duration": 2214,
              "state": "passed",
              "speed": "slow",
              "pass": true,
              "fail": false,
              "pending": false,
              "context": null,
              "code": "indexPage.navigateToClients('Clients');\nclientsPage.returnToIndexPage('Tester Hotel Overview');\nclientsPage.performLogout('Login');",
              "err": {},
              "uuid": "50a56120-c4cf-4516-8d29-54e67f77f083",
              "parentUUID": "dcbb25c1-f2ff-4644-a1f6-c4f2a677710e",
              "isHook": false,
              "skipped": false
            },
            {
              "title": "Return to indexpage when editing a client",
              "fullTitle": "Extra test suite with Page-objects - Clients Return to indexpage when editing a client",
              "timedOut": null,
              "duration": 3198,
              "state": "passed",
              "speed": "slow",
              "pass": true,
              "fail": false,
              "pending": false,
              "context": null,
              "code": "indexPage.navigateToClients('Clients');\nclientsPage.navigateToCreateClientPage('New Client');\ncreateClientPage.addName('ABC');\ncreateClientPage.addEmail('abc@xyz.com');\ncreateClientPage.addTelephone('0701234567');\ncreateClientPage.saveClient('Clients');\nclientsPage.navigateToEditClientPage('Client: ');\neditClientPage.returnToClientsPage('Clients');\nclientsPage.returnToIndexPage('Tester Hotel Overview');\nclientsPage.performLogout('Login');",
              "err": {},
              "uuid": "7043ad96-ad2a-40e4-98ac-1ab05536ab23",
              "parentUUID": "dcbb25c1-f2ff-4644-a1f6-c4f2a677710e",
              "isHook": false,
              "skipped": false
            },
            {
              "title": "Delete client on edit clients page",
              "fullTitle": "Extra test suite with Page-objects - Clients Delete client on edit clients page",
              "timedOut": null,
              "duration": 3291,
              "state": "passed",
              "speed": "slow",
              "pass": true,
              "fail": false,
              "pending": false,
              "context": null,
              "code": "indexPage.navigateToClients('Clients');\nclientsPage.navigateToCreateClientPage('New Client');\ncreateClientPage.addName('ABC');\ncreateClientPage.addEmail('abc@xyz.com');\ncreateClientPage.addTelephone('0701234567');\ncreateClientPage.saveClient('Clients');\nclientsPage.verifyLastClient('ABC', 'abc@xyz.com', '0701234567');\nclientsPage.navigateToEditClientPage('Client: ');\neditClientPage.deleteClient('Clients');\nclientsPage.performLogout('Login');",
              "err": {},
              "uuid": "a95fd5df-5f02-4bc0-928c-67b6df90e680",
              "parentUUID": "dcbb25c1-f2ff-4644-a1f6-c4f2a677710e",
              "isHook": false,
              "skipped": false
            }
          ],
          "suites": [],
          "passes": [
            "eb0e2213-c3d9-4adb-a4f1-f458c80434b2",
            "9ff4e465-e79c-4747-8dd5-9e3cd80a5024",
            "40709c13-d798-4055-b1c5-9070de88632f",
            "1713a06b-aa5e-4e66-95cb-895e7ec8f5b6",
            "f1ba8551-39fd-43da-a4c4-b42b0b21b369",
            "50a56120-c4cf-4516-8d29-54e67f77f083",
            "7043ad96-ad2a-40e4-98ac-1ab05536ab23",
            "a95fd5df-5f02-4bc0-928c-67b6df90e680"
          ],
          "failures": [],
          "pending": [],
          "skipped": [],
          "duration": 23459,
          "root": false,
          "rootEmpty": false,
          "_timeout": 2000
        }
      ],
      "passes": [],
      "failures": [],
      "pending": [],
      "skipped": [],
      "duration": 0,
      "root": true,
      "rootEmpty": true,
      "_timeout": 2000
    }
  ],
  "meta": {
    "mocha": {
      "version": "7.0.1"
    },
    "mochawesome": {
      "options": {
        "quiet": false,
        "reportFilename": "mochawesome",
        "saveHtml": false,
        "saveJson": true,
        "consoleReporter": "spec",
        "useInlineDiffs": false,
        "code": true
      },
      "version": "6.2.2"
    },
    "marge": {
      "options": {
        "reportDir": "cypress/results",
        "overwrite": false,
        "html": false,
        "json": true
      },
      "version": "5.2.0"
    }
  }
}