{
  "stats": {
    "suites": 1,
    "tests": 2,
    "passes": 2,
    "pending": 0,
    "failures": 0,
    "start": "2021-04-23T09:28:47.567Z",
    "end": "2021-04-23T09:29:00.087Z",
    "duration": 12520,
    "testsRegistered": 2,
    "passPercent": 100,
    "pendingPercent": 0,
    "other": 0,
    "hasOther": false,
    "skipped": 0,
    "hasSkipped": false
  },
  "results": [
    {
      "uuid": "ca03cc58-d39b-4931-b015-19a059b17ca5",
      "title": "",
      "fullFile": "cypress/integration/extra test suites/extra-test-suite-rooms.spec.js",
      "file": "cypress/integration/extra test suites/extra-test-suite-rooms.spec.js",
      "beforeHooks": [],
      "afterHooks": [],
      "tests": [],
      "suites": [
        {
          "uuid": "a99d2ba0-aee3-47f7-8cca-02b163394473",
          "title": "Extra test suite with Page-objects - Rooms",
          "fullFile": "",
          "file": "",
          "beforeHooks": [],
          "afterHooks": [],
          "tests": [
            {
              "title": "Edit a room",
              "fullTitle": "Extra test suite with Page-objects - Rooms Edit a room",
              "timedOut": null,
              "duration": 6807,
              "state": "passed",
              "speed": "slow",
              "pass": true,
              "fail": false,
              "pending": false,
              "context": null,
              "code": "indexPage.navigateToRooms('Rooms');\nroomsPage.navigateToCreateRoom('New Room');\ncreateRoomPage.chooseCategory('double');\ncreateRoomPage.addRoomNumber('103');\ncreateRoomPage.addFloorNumber('1');\ncreateRoomPage.chooseAsAvailable();\ncreateRoomPage.addPrice('1500kr');\ncreateRoomPage.chooseFeatures('Balcony');\ncreateRoomPage.saveRoom('Rooms');\nroomsPage.verifyLastRoom('1', '103', 'double', 'true', '1500kr', 'balcony');\nroomsPage.navigateToEditRoomPage('Room:');\neditRoomPage.editCategory('single');\neditRoomPage.editRoomNumber(203);\neditRoomPage.editFloorNumber(2);\neditRoomPage.editAvailability();\neditRoomPage.editPrice('1000kr');\neditRoomPage.editFeatures('ensuite');\neditRoomPage.saveEdit('Rooms');\nroomsPage.verifyLastRoom('2', '203', 'single', 'false', '1000kr', 'ensuite');\nroomsPage.performLogout('Login');",
              "err": {},
              "uuid": "10cd9633-337d-4cc3-bef6-f7550fbe0ad5",
              "parentUUID": "a99d2ba0-aee3-47f7-8cca-02b163394473",
              "isHook": false,
              "skipped": false
            },
            {
              "title": "Delete room",
              "fullTitle": "Extra test suite with Page-objects - Rooms Delete room",
              "timedOut": null,
              "duration": 4147,
              "state": "passed",
              "speed": "slow",
              "pass": true,
              "fail": false,
              "pending": false,
              "context": null,
              "code": "indexPage.navigateToRooms('Rooms');\nroomsPage.navigateToCreateRoom('New Room');\ncreateRoomPage.chooseCategory('double');\ncreateRoomPage.addRoomNumber('103');\ncreateRoomPage.addFloorNumber('1');\ncreateRoomPage.chooseAsAvailable();\ncreateRoomPage.addPrice('1500kr');\ncreateRoomPage.chooseFeatures('Balcony');\ncreateRoomPage.saveRoom('Rooms');\nroomsPage.verifyLastRoom('1', '103', 'double', 'true', '1500kr', 'balcony');\nroomsPage.deleteRoom();\nroomsPage.performLogout('Login');",
              "err": {},
              "uuid": "26234d79-1905-4612-9455-d46efbb489e5",
              "parentUUID": "a99d2ba0-aee3-47f7-8cca-02b163394473",
              "isHook": false,
              "skipped": false
            }
          ],
          "suites": [],
          "passes": [
            "10cd9633-337d-4cc3-bef6-f7550fbe0ad5",
            "26234d79-1905-4612-9455-d46efbb489e5"
          ],
          "failures": [],
          "pending": [],
          "skipped": [],
          "duration": 10954,
          "root": false,
          "rootEmpty": false,
          "_timeout": 2000
        }
      ],
      "passes": [],
      "failures": [],
      "pending": [],
      "skipped": [],
      "duration": 0,
      "root": true,
      "rootEmpty": true,
      "_timeout": 2000
    }
  ],
  "meta": {
    "mocha": {
      "version": "7.0.1"
    },
    "mochawesome": {
      "options": {
        "quiet": false,
        "reportFilename": "mochawesome",
        "saveHtml": false,
        "saveJson": true,
        "consoleReporter": "spec",
        "useInlineDiffs": false,
        "code": true
      },
      "version": "6.2.2"
    },
    "marge": {
      "options": {
        "reportDir": "cypress/results",
        "overwrite": false,
        "html": false,
        "json": true
      },
      "version": "5.2.0"
    }
  }
}