{
  "stats": {
    "suites": 1,
    "tests": 5,
    "passes": 5,
    "pending": 0,
    "failures": 0,
    "start": "2021-04-23T09:12:24.406Z",
    "end": "2021-04-23T09:13:02.925Z",
    "duration": 38519,
    "testsRegistered": 5,
    "passPercent": 100,
    "pendingPercent": 0,
    "other": 0,
    "hasOther": false,
    "skipped": 0,
    "hasSkipped": false
  },
  "results": [
    {
      "uuid": "134a33e2-cb14-40c2-b755-c229fd8d8260",
      "title": "",
      "fullFile": "cypress/integration/extra test suites/extra-test-suite-reservations.spec.js",
      "file": "cypress/integration/extra test suites/extra-test-suite-reservations.spec.js",
      "beforeHooks": [],
      "afterHooks": [],
      "tests": [],
      "suites": [
        {
          "uuid": "b7f702b7-1fac-47a5-94bf-68c87bda7f06",
          "title": "Extra test suite with Page-objects - Reservations",
          "fullFile": "",
          "file": "",
          "beforeHooks": [],
          "afterHooks": [],
          "tests": [
            {
              "title": "View Reservations",
              "fullTitle": "Extra test suite with Page-objects - Reservations View Reservations",
              "timedOut": null,
              "duration": 4480,
              "state": "passed",
              "speed": "slow",
              "pass": true,
              "fail": false,
              "pending": false,
              "context": null,
              "code": "indexPage.navigateToReservations('Reservations');\nreservationsPage.performLogout('Login');",
              "err": {},
              "uuid": "33e2f423-2e70-47a6-8049-f5db993eb664",
              "parentUUID": "b7f702b7-1fac-47a5-94bf-68c87bda7f06",
              "isHook": false,
              "skipped": false
            },
            {
              "title": "Create a new reservation by using valid input in all fields",
              "fullTitle": "Extra test suite with Page-objects - Reservations Create a new reservation by using valid input in all fields",
              "timedOut": null,
              "duration": 6753,
              "state": "passed",
              "speed": "slow",
              "pass": true,
              "fail": false,
              "pending": false,
              "context": null,
              "code": "indexPage.navigateToReservations('Reservation');\nreservationsPage.navigateToCreateReservationPage('New Reservation');\ncreateReservationPage.addStartDate('2022-01-01');\ncreateReservationPage.addEndDate('2022-01-03');\ncreateReservationPage.addClient('Jonas Hellman (#1)');\ncreateReservationPage.addRoom('Floor 1, Room 101');\ncreateReservationPage.addBill('1');\ncreateReservationPage.saveReservation('Reservations');\nreservationsPage.verifyLastReservation('2022-01-01', '2022-01-03', 'Jonas Hellman');\nreservationsPage.performLogout('Login');",
              "err": {},
              "uuid": "7a999a01-bbf7-4a65-9df3-f5caf0dfd459",
              "parentUUID": "b7f702b7-1fac-47a5-94bf-68c87bda7f06",
              "isHook": false,
              "skipped": false
            },
            {
              "title": "Delete reservation on reservations page",
              "fullTitle": "Extra test suite with Page-objects - Reservations Delete reservation on reservations page",
              "timedOut": null,
              "duration": 7290,
              "state": "passed",
              "speed": "slow",
              "pass": true,
              "fail": false,
              "pending": false,
              "context": null,
              "code": "indexPage.navigateToReservations('Reservation');\nreservationsPage.navigateToCreateReservationPage('New Reservation');\ncreateReservationPage.addStartDate('2022-01-01');\ncreateReservationPage.addEndDate('2022-01-03');\ncreateReservationPage.addClient('Jonas Hellman (#1)');\ncreateReservationPage.addRoom('Floor 1, Room 101');\ncreateReservationPage.addBill('1');\ncreateReservationPage.saveReservation('Reservations');\nreservationsPage.verifyLastReservation('2022-01-01', '2022-01-03', 'Jonas Hellman');\nreservationsPage.deleteReservation('Reservations');\nreservationsPage.performLogout('Login');",
              "err": {},
              "uuid": "c910eda5-f918-4176-bdf1-b092d8592289",
              "parentUUID": "b7f702b7-1fac-47a5-94bf-68c87bda7f06",
              "isHook": false,
              "skipped": false
            },
            {
              "title": "Edit reservation",
              "fullTitle": "Extra test suite with Page-objects - Reservations Edit reservation",
              "timedOut": null,
              "duration": 10016,
              "state": "passed",
              "speed": "slow",
              "pass": true,
              "fail": false,
              "pending": false,
              "context": null,
              "code": "indexPage.navigateToReservations('Reservation');\nreservationsPage.navigateToCreateReservationPage('New Reservation');\ncreateReservationPage.addStartDate('2022-01-01');\ncreateReservationPage.addEndDate('2022-01-03');\ncreateReservationPage.addClient('Jonas Hellman (#1)');\ncreateReservationPage.addRoom('Floor 1, Room 101');\ncreateReservationPage.addBill('1');\ncreateReservationPage.saveReservation('Reservations');\nreservationsPage.verifyLastReservation('2022-01-01', '2022-01-03', 'Jonas Hellman');\nreservationsPage.navigateToEditReservationPage('Reservation: ');\neditReservationPage.editStartDate('2022-02-01');\neditReservationPage.editEndDate('2022-02-03');\neditReservationPage.editClient('Mikael Eriksson (#2)');\neditReservationPage.editRoom('Floor 1, Room 102');\neditReservationPage.editBill('2');\neditReservationPage.saveReservation('Reservations');\nreservationsPage.verifyLastReservation('2022-02-01', '2022-02-03', 'Mikael Eriksson');\nreservationsPage.performLogout('Login');",
              "err": {},
              "uuid": "0af494a7-0afa-41d0-b8f1-3dd75810123b",
              "parentUUID": "b7f702b7-1fac-47a5-94bf-68c87bda7f06",
              "isHook": false,
              "skipped": false
            },
            {
              "title": "Delete reservation on edit reservation page",
              "fullTitle": "Extra test suite with Page-objects - Reservations Delete reservation on edit reservation page",
              "timedOut": null,
              "duration": 7309,
              "state": "passed",
              "speed": "slow",
              "pass": true,
              "fail": false,
              "pending": false,
              "context": null,
              "code": "indexPage.navigateToReservations('Reservation');\nreservationsPage.navigateToCreateReservationPage('New Reservation');\ncreateReservationPage.addStartDate('2022-01-01');\ncreateReservationPage.addEndDate('2022-01-03');\ncreateReservationPage.addClient('Jonas Hellman (#1)');\ncreateReservationPage.addRoom('Floor 1, Room 101');\ncreateReservationPage.addBill('1');\ncreateReservationPage.saveReservation('Reservations');\nreservationsPage.verifyLastReservation('2022-01-01', '2022-01-03', 'Jonas Hellman');\nreservationsPage.navigateToEditReservationPage('Reservation: ');\neditReservationPage.deleteReservation('Reservations');\nreservationsPage.performLogout('Login');",
              "err": {},
              "uuid": "2b61f66f-c0a4-48a1-be4e-60b65b622b7c",
              "parentUUID": "b7f702b7-1fac-47a5-94bf-68c87bda7f06",
              "isHook": false,
              "skipped": false
            }
          ],
          "suites": [],
          "passes": [
            "33e2f423-2e70-47a6-8049-f5db993eb664",
            "7a999a01-bbf7-4a65-9df3-f5caf0dfd459",
            "c910eda5-f918-4176-bdf1-b092d8592289",
            "0af494a7-0afa-41d0-b8f1-3dd75810123b",
            "2b61f66f-c0a4-48a1-be4e-60b65b622b7c"
          ],
          "failures": [],
          "pending": [],
          "skipped": [],
          "duration": 35848,
          "root": false,
          "rootEmpty": false,
          "_timeout": 2000
        }
      ],
      "passes": [],
      "failures": [],
      "pending": [],
      "skipped": [],
      "duration": 0,
      "root": true,
      "rootEmpty": true,
      "_timeout": 2000
    }
  ],
  "meta": {
    "mocha": {
      "version": "7.0.1"
    },
    "mochawesome": {
      "options": {
        "quiet": false,
        "reportFilename": "mochawesome",
        "saveHtml": false,
        "saveJson": true,
        "consoleReporter": "spec",
        "useInlineDiffs": false,
        "code": true
      },
      "version": "6.2.2"
    },
    "marge": {
      "options": {
        "reportDir": "cypress/results",
        "overwrite": false,
        "html": false,
        "json": true
      },
      "version": "5.2.0"
    }
  }
}