{
  "stats": {
    "suites": 1,
    "tests": 8,
    "passes": 8,
    "pending": 0,
    "failures": 0,
    "start": "2021-04-23T08:44:22.621Z",
    "end": "2021-04-23T08:44:48.636Z",
    "duration": 26015,
    "testsRegistered": 8,
    "passPercent": 100,
    "pendingPercent": 0,
    "other": 0,
    "hasOther": false,
    "skipped": 0,
    "hasSkipped": false
  },
  "results": [
    {
      "uuid": "cbf4d78a-f948-4a2a-8be2-f48cdf890fb7",
      "title": "",
      "fullFile": "cypress/integration/extra test suites/extra-test-suite-clients.spec.js",
      "file": "cypress/integration/extra test suites/extra-test-suite-clients.spec.js",
      "beforeHooks": [],
      "afterHooks": [],
      "tests": [],
      "suites": [
        {
          "uuid": "da1ba076-0b49-4a1a-aeb5-34993ea6fb15",
          "title": "Extra test suite with Page-objects - Clients",
          "fullFile": "",
          "file": "",
          "beforeHooks": [],
          "afterHooks": [],
          "tests": [
            {
              "title": "View Clients",
              "fullTitle": "Extra test suite with Page-objects - Clients View Clients",
              "timedOut": null,
              "duration": 2557,
              "state": "passed",
              "speed": "slow",
              "pass": true,
              "fail": false,
              "pending": false,
              "context": null,
              "code": "indexPage.navigateToClients('Clients');\nclientsPage.performLogout('Login');",
              "err": {},
              "uuid": "503a734a-1ae3-47bb-9b80-ac46de109752",
              "parentUUID": "da1ba076-0b49-4a1a-aeb5-34993ea6fb15",
              "isHook": false,
              "skipped": false
            },
            {
              "title": "Create a new client by using valid input in all fields",
              "fullTitle": "Extra test suite with Page-objects - Clients Create a new client by using valid input in all fields",
              "timedOut": null,
              "duration": 3406,
              "state": "passed",
              "speed": "slow",
              "pass": true,
              "fail": false,
              "pending": false,
              "context": null,
              "code": "indexPage.navigateToClients('Clients');\nclientsPage.navigateToCreateClientPage('New Client');\ncreateClientPage.addName('ABC');\ncreateClientPage.addEmail('abc@xyz.com');\ncreateClientPage.addTelephone('0701234567');\ncreateClientPage.saveClient('Clients');\nclientsPage.verifyLastClient('ABC', 'abc@xyz.com', '0701234567');\nclientsPage.performLogout('Login');",
              "err": {},
              "uuid": "14102eab-76e8-47b3-8169-ea7fd8c37304",
              "parentUUID": "da1ba076-0b49-4a1a-aeb5-34993ea6fb15",
              "isHook": false,
              "skipped": false
            },
            {
              "title": "Edit client",
              "fullTitle": "Extra test suite with Page-objects - Clients Edit client",
              "timedOut": null,
              "duration": 4435,
              "state": "passed",
              "speed": "slow",
              "pass": true,
              "fail": false,
              "pending": false,
              "context": null,
              "code": "indexPage.navigateToClients('Clients');\nclientsPage.navigateToCreateClientPage('New Client');\ncreateClientPage.addName('ABC');\ncreateClientPage.addEmail('abc@xyz.com');\ncreateClientPage.addTelephone('0701234567');\ncreateClientPage.saveClient('Clients');\nclientsPage.verifyLastClient('ABC', 'abc@xyz.com', '0701234567');\nclientsPage.navigateToEditClientPage('Client: ');\neditClientPage.editName('XYZ');\neditClientPage.editEmail('xyz@abc.se');\neditClientPage.editTelephone('0707654321');\neditClientPage.saveClient('Clients');\nclientsPage.verifyLastClient('XYZ', 'xyz@abc.se', '0707654321');\nclientsPage.performLogout('Login');",
              "err": {},
              "uuid": "544eaf12-1c4e-47c8-afab-b4107b701fff",
              "parentUUID": "da1ba076-0b49-4a1a-aeb5-34993ea6fb15",
              "isHook": false,
              "skipped": false
            },
            {
              "title": "Delete client on clients page",
              "fullTitle": "Extra test suite with Page-objects - Clients Delete client on clients page",
              "timedOut": null,
              "duration": 3292,
              "state": "passed",
              "speed": "slow",
              "pass": true,
              "fail": false,
              "pending": false,
              "context": null,
              "code": "indexPage.navigateToClients('Clients');\nclientsPage.navigateToCreateClientPage('New Client');\ncreateClientPage.addName('ABC');\ncreateClientPage.addEmail('abc@xyz.com');\ncreateClientPage.addTelephone('0701234567');\ncreateClientPage.saveClient('Clients');\nclientsPage.verifyLastClient('ABC', 'abc@xyz.com', '0701234567');\nclientsPage.deleteClient('Clients');\nclientsPage.performLogout('Login');",
              "err": {},
              "uuid": "5c773498-8812-4a3d-9697-cc04c66554f5",
              "parentUUID": "da1ba076-0b49-4a1a-aeb5-34993ea6fb15",
              "isHook": false,
              "skipped": false
            },
            {
              "title": "Return to indexpage when creating a client",
              "fullTitle": "Extra test suite with Page-objects - Clients Return to indexpage when creating a client",
              "timedOut": null,
              "duration": 2398,
              "state": "passed",
              "speed": "slow",
              "pass": true,
              "fail": false,
              "pending": false,
              "context": null,
              "code": "indexPage.navigateToClients('Clients');\nclientsPage.navigateToCreateClientPage('New Client');\ncreateClientPage.returnToClientsPage('Clients');\nclientsPage.returnToIndexPage('Tester Hotel Overview');\nclientsPage.performLogout('Login');",
              "err": {},
              "uuid": "cb6620ac-02b8-406b-b9fb-4cd3389a3acf",
              "parentUUID": "da1ba076-0b49-4a1a-aeb5-34993ea6fb15",
              "isHook": false,
              "skipped": false
            },
            {
              "title": "Return to indexpage when on Clients page",
              "fullTitle": "Extra test suite with Page-objects - Clients Return to indexpage when on Clients page",
              "timedOut": null,
              "duration": 2022,
              "state": "passed",
              "speed": "slow",
              "pass": true,
              "fail": false,
              "pending": false,
              "context": null,
              "code": "indexPage.navigateToClients('Clients');\nclientsPage.returnToIndexPage('Tester Hotel Overview');\nclientsPage.performLogout('Login');",
              "err": {},
              "uuid": "258e3cfa-e6df-433a-8bc7-cfd365438cd5",
              "parentUUID": "da1ba076-0b49-4a1a-aeb5-34993ea6fb15",
              "isHook": false,
              "skipped": false
            },
            {
              "title": "Return to indexpage when editing a client",
              "fullTitle": "Extra test suite with Page-objects - Clients Return to indexpage when editing a client",
              "timedOut": null,
              "duration": 3399,
              "state": "passed",
              "speed": "slow",
              "pass": true,
              "fail": false,
              "pending": false,
              "context": null,
              "code": "indexPage.navigateToClients('Clients');\nclientsPage.navigateToCreateClientPage('New Client');\ncreateClientPage.addName('ABC');\ncreateClientPage.addEmail('abc@xyz.com');\ncreateClientPage.addTelephone('0701234567');\ncreateClientPage.saveClient('Clients');\nclientsPage.navigateToEditClientPage('Client: ');\neditClientPage.returnToClientsPage('Clients');\nclientsPage.returnToIndexPage('Tester Hotel Overview');\nclientsPage.performLogout('Login');",
              "err": {},
              "uuid": "7080a3cb-27ac-42b6-baac-7084f1393e6c",
              "parentUUID": "da1ba076-0b49-4a1a-aeb5-34993ea6fb15",
              "isHook": false,
              "skipped": false
            },
            {
              "title": "Delete client on edit clients page",
              "fullTitle": "Extra test suite with Page-objects - Clients Delete client on edit clients page",
              "timedOut": null,
              "duration": 3321,
              "state": "passed",
              "speed": "slow",
              "pass": true,
              "fail": false,
              "pending": false,
              "context": null,
              "code": "indexPage.navigateToClients('Clients');\nclientsPage.navigateToCreateClientPage('New Client');\ncreateClientPage.addName('ABC');\ncreateClientPage.addEmail('abc@xyz.com');\ncreateClientPage.addTelephone('0701234567');\ncreateClientPage.saveClient('Clients');\nclientsPage.verifyLastClient('ABC', 'abc@xyz.com', '0701234567');\nclientsPage.navigateToEditClientPage('Client: ');\neditClientPage.deleteClient('Clients');\nclientsPage.performLogout('Login');",
              "err": {},
              "uuid": "f04e6d24-a954-409d-bf95-0b70199294a4",
              "parentUUID": "da1ba076-0b49-4a1a-aeb5-34993ea6fb15",
              "isHook": false,
              "skipped": false
            }
          ],
          "suites": [],
          "passes": [
            "503a734a-1ae3-47bb-9b80-ac46de109752",
            "14102eab-76e8-47b3-8169-ea7fd8c37304",
            "544eaf12-1c4e-47c8-afab-b4107b701fff",
            "5c773498-8812-4a3d-9697-cc04c66554f5",
            "cb6620ac-02b8-406b-b9fb-4cd3389a3acf",
            "258e3cfa-e6df-433a-8bc7-cfd365438cd5",
            "7080a3cb-27ac-42b6-baac-7084f1393e6c",
            "f04e6d24-a954-409d-bf95-0b70199294a4"
          ],
          "failures": [],
          "pending": [],
          "skipped": [],
          "duration": 24830,
          "root": false,
          "rootEmpty": false,
          "_timeout": 2000
        }
      ],
      "passes": [],
      "failures": [],
      "pending": [],
      "skipped": [],
      "duration": 0,
      "root": true,
      "rootEmpty": true,
      "_timeout": 2000
    }
  ],
  "meta": {
    "mocha": {
      "version": "7.0.1"
    },
    "mochawesome": {
      "options": {
        "quiet": false,
        "reportFilename": "mochawesome",
        "saveHtml": false,
        "saveJson": true,
        "consoleReporter": "spec",
        "useInlineDiffs": false,
        "code": true
      },
      "version": "6.2.2"
    },
    "marge": {
      "options": {
        "reportDir": "cypress/results",
        "overwrite": false,
        "html": false,
        "json": true
      },
      "version": "5.2.0"
    }
  }
}