{
  "stats": {
    "suites": 1,
    "tests": 5,
    "passes": 5,
    "pending": 0,
    "failures": 0,
    "start": "2021-04-23T13:24:46.433Z",
    "end": "2021-04-23T13:25:07.537Z",
    "duration": 21104,
    "testsRegistered": 5,
    "passPercent": 100,
    "pendingPercent": 0,
    "other": 0,
    "hasOther": false,
    "skipped": 0,
    "hasSkipped": false
  },
  "results": [
    {
      "uuid": "4a2e9107-0da0-479b-8b78-0e70fdf34815",
      "title": "",
      "fullFile": "cypress/integration/extra-test-suites/extra-test-suite-bills.spec.js",
      "file": "cypress/integration/extra-test-suites/extra-test-suite-bills.spec.js",
      "beforeHooks": [],
      "afterHooks": [],
      "tests": [],
      "suites": [
        {
          "uuid": "775458a3-818f-4fe7-bcc2-c8f62039ac82",
          "title": "Extra test suite with Page-objects - Bills",
          "fullFile": "",
          "file": "",
          "beforeHooks": [],
          "afterHooks": [],
          "tests": [
            {
              "title": "View Bills",
              "fullTitle": "Extra test suite with Page-objects - Bills View Bills",
              "timedOut": null,
              "duration": 2609,
              "state": "passed",
              "speed": "slow",
              "pass": true,
              "fail": false,
              "pending": false,
              "context": null,
              "code": "indexPage.navigateToBills('Bills');\nbillsPage.performLogout('Login');",
              "err": {},
              "uuid": "2cd41632-15a8-4ca7-b021-002b555f125c",
              "parentUUID": "775458a3-818f-4fe7-bcc2-c8f62039ac82",
              "isHook": false,
              "skipped": false
            },
            {
              "title": "Create a new bill by using valid input in all fields",
              "fullTitle": "Extra test suite with Page-objects - Bills Create a new bill by using valid input in all fields",
              "timedOut": null,
              "duration": 3636,
              "state": "passed",
              "speed": "slow",
              "pass": true,
              "fail": false,
              "pending": false,
              "context": null,
              "code": "indexPage.navigateToBills('Bills');\nbillsPage.navigateToCreateBillPage('New Bill');\ncreateBillPage.addValue('1000kr');\ncreateBillPage.addAsPaid();\ncreateBillPage.saveBill('Bills');\nbillsPage.verifyLastBill('1000kr', 'Yes');\nbillsPage.performLogout('Login');",
              "err": {},
              "uuid": "76d7ca1c-b047-4915-a8dd-f8cec21799cb",
              "parentUUID": "775458a3-818f-4fe7-bcc2-c8f62039ac82",
              "isHook": false,
              "skipped": false
            },
            {
              "title": "Delete bill on bills page",
              "fullTitle": "Extra test suite with Page-objects - Bills Delete bill on bills page",
              "timedOut": null,
              "duration": 4295,
              "state": "passed",
              "speed": "slow",
              "pass": true,
              "fail": false,
              "pending": false,
              "context": null,
              "code": "indexPage.navigateToBills('Bills');\nbillsPage.navigateToCreateBillPage('New Bill');\ncreateBillPage.addValue('1000kr');\ncreateBillPage.addAsPaid();\ncreateBillPage.saveBill('Bills');\nbillsPage.verifyLastBill('1000kr', 'Yes');\nbillsPage.deleteBill('Bills');\nbillsPage.performLogout('Login');",
              "err": {},
              "uuid": "a4ec76a6-57ca-4929-8b74-881a58f61be3",
              "parentUUID": "775458a3-818f-4fe7-bcc2-c8f62039ac82",
              "isHook": false,
              "skipped": false
            },
            {
              "title": "Edit bill",
              "fullTitle": "Extra test suite with Page-objects - Bills Edit bill",
              "timedOut": null,
              "duration": 4970,
              "state": "passed",
              "speed": "slow",
              "pass": true,
              "fail": false,
              "pending": false,
              "context": null,
              "code": "indexPage.navigateToBills('Bills');\nbillsPage.navigateToCreateBillPage('New Bill');\ncreateBillPage.addValue('1000kr');\ncreateBillPage.addAsPaid();\ncreateBillPage.saveBill('Bills');\nbillsPage.verifyLastBill('1000kr', 'Yes');\nbillsPage.navigateToEditBillPage('Bill: ');\neditBillPage.editValue('500kr');\neditBillPage.editPaid();\neditBillPage.saveBill('Bills');\nbillsPage.verifyLastBill('500kr', 'No');\nbillsPage.performLogout('Login');",
              "err": {},
              "uuid": "10906655-600e-452a-aef2-697940284662",
              "parentUUID": "775458a3-818f-4fe7-bcc2-c8f62039ac82",
              "isHook": false,
              "skipped": false
            },
            {
              "title": "Delete bill on edit bill page",
              "fullTitle": "Extra test suite with Page-objects - Bills Delete bill on edit bill page",
              "timedOut": null,
              "duration": 4461,
              "state": "passed",
              "speed": "slow",
              "pass": true,
              "fail": false,
              "pending": false,
              "context": null,
              "code": "indexPage.navigateToBills('Bills');\nbillsPage.navigateToCreateBillPage('New Bill');\ncreateBillPage.addValue('1000kr');\ncreateBillPage.addAsPaid();\ncreateBillPage.saveBill('Bills');\nbillsPage.verifyLastBill('1000kr', 'Yes');\nbillsPage.navigateToEditBillPage('Bill: ');\neditBillPage.deleteBill('Bills');\nbillsPage.performLogout('Login');",
              "err": {},
              "uuid": "8d3f94a3-68da-4281-88c4-6c92db379ed8",
              "parentUUID": "775458a3-818f-4fe7-bcc2-c8f62039ac82",
              "isHook": false,
              "skipped": false
            }
          ],
          "suites": [],
          "passes": [
            "2cd41632-15a8-4ca7-b021-002b555f125c",
            "76d7ca1c-b047-4915-a8dd-f8cec21799cb",
            "a4ec76a6-57ca-4929-8b74-881a58f61be3",
            "10906655-600e-452a-aef2-697940284662",
            "8d3f94a3-68da-4281-88c4-6c92db379ed8"
          ],
          "failures": [],
          "pending": [],
          "skipped": [],
          "duration": 19971,
          "root": false,
          "rootEmpty": false,
          "_timeout": 2000
        }
      ],
      "passes": [],
      "failures": [],
      "pending": [],
      "skipped": [],
      "duration": 0,
      "root": true,
      "rootEmpty": true,
      "_timeout": 2000
    }
  ],
  "meta": {
    "mocha": {
      "version": "7.0.1"
    },
    "mochawesome": {
      "options": {
        "quiet": false,
        "reportFilename": "mochawesome",
        "saveHtml": false,
        "saveJson": true,
        "consoleReporter": "spec",
        "useInlineDiffs": false,
        "code": true
      },
      "version": "6.2.2"
    },
    "marge": {
      "options": {
        "reportDir": "cypress/results",
        "overwrite": false,
        "html": false,
        "json": true
      },
      "version": "5.2.0"
    }
  }
}