{
  "stats": {
    "suites": 1,
    "tests": 5,
    "passes": 5,
    "pending": 0,
    "failures": 0,
    "start": "2021-04-23T13:26:14.692Z",
    "end": "2021-04-23T13:26:45.500Z",
    "duration": 30808,
    "testsRegistered": 5,
    "passPercent": 100,
    "pendingPercent": 0,
    "other": 0,
    "hasOther": false,
    "skipped": 0,
    "hasSkipped": false
  },
  "results": [
    {
      "uuid": "45776d40-b0b0-4166-be68-fe251c4daa02",
      "title": "",
      "fullFile": "cypress/integration/extra-test-suites/extra-test-suite-reservations.spec.js",
      "file": "cypress/integration/extra-test-suites/extra-test-suite-reservations.spec.js",
      "beforeHooks": [],
      "afterHooks": [],
      "tests": [],
      "suites": [
        {
          "uuid": "86c00eca-cce0-4329-9a8b-dbee9c4a1ed9",
          "title": "Extra test suite with Page-objects - Reservations",
          "fullFile": "",
          "file": "",
          "beforeHooks": [],
          "afterHooks": [],
          "tests": [
            {
              "title": "View Reservations",
              "fullTitle": "Extra test suite with Page-objects - Reservations View Reservations",
              "timedOut": null,
              "duration": 2789,
              "state": "passed",
              "speed": "slow",
              "pass": true,
              "fail": false,
              "pending": false,
              "context": null,
              "code": "indexPage.navigateToReservations('Reservations');\nreservationsPage.performLogout('Login');",
              "err": {},
              "uuid": "484978d2-98cb-4f53-8d38-9c146a44b3b4",
              "parentUUID": "86c00eca-cce0-4329-9a8b-dbee9c4a1ed9",
              "isHook": false,
              "skipped": false
            },
            {
              "title": "Create a new reservation by using valid input in all fields",
              "fullTitle": "Extra test suite with Page-objects - Reservations Create a new reservation by using valid input in all fields",
              "timedOut": null,
              "duration": 5769,
              "state": "passed",
              "speed": "slow",
              "pass": true,
              "fail": false,
              "pending": false,
              "context": null,
              "code": "indexPage.navigateToReservations('Reservation');\nreservationsPage.navigateToCreateReservationPage('New Reservation');\ncreateReservationPage.addStartDate('2022-01-01');\ncreateReservationPage.addEndDate('2022-01-03');\ncreateReservationPage.addClient('Jonas Hellman (#1)');\ncreateReservationPage.addRoom('Floor 1, Room 101');\ncreateReservationPage.addBill('1');\ncreateReservationPage.saveReservation('Reservations');\nreservationsPage.verifyLastReservation('2022-01-01', '2022-01-03', 'Jonas Hellman');\nreservationsPage.performLogout('Login');",
              "err": {},
              "uuid": "ff53be7d-518c-4509-9c88-bb001e9e2339",
              "parentUUID": "86c00eca-cce0-4329-9a8b-dbee9c4a1ed9",
              "isHook": false,
              "skipped": false
            },
            {
              "title": "Delete reservation on reservations page",
              "fullTitle": "Extra test suite with Page-objects - Reservations Delete reservation on reservations page",
              "timedOut": null,
              "duration": 6115,
              "state": "passed",
              "speed": "slow",
              "pass": true,
              "fail": false,
              "pending": false,
              "context": null,
              "code": "indexPage.navigateToReservations('Reservation');\nreservationsPage.navigateToCreateReservationPage('New Reservation');\ncreateReservationPage.addStartDate('2022-01-01');\ncreateReservationPage.addEndDate('2022-01-03');\ncreateReservationPage.addClient('Jonas Hellman (#1)');\ncreateReservationPage.addRoom('Floor 1, Room 101');\ncreateReservationPage.addBill('1');\ncreateReservationPage.saveReservation('Reservations');\nreservationsPage.verifyLastReservation('2022-01-01', '2022-01-03', 'Jonas Hellman');\nreservationsPage.deleteReservation('Reservations');\nreservationsPage.performLogout('Login');",
              "err": {},
              "uuid": "c86bea82-66bf-4621-88a8-a6cb636706f7",
              "parentUUID": "86c00eca-cce0-4329-9a8b-dbee9c4a1ed9",
              "isHook": false,
              "skipped": false
            },
            {
              "title": "Edit reservation",
              "fullTitle": "Extra test suite with Page-objects - Reservations Edit reservation",
              "timedOut": null,
              "duration": 8202,
              "state": "passed",
              "speed": "slow",
              "pass": true,
              "fail": false,
              "pending": false,
              "context": null,
              "code": "indexPage.navigateToReservations('Reservation');\nreservationsPage.navigateToCreateReservationPage('New Reservation');\ncreateReservationPage.addStartDate('2022-01-01');\ncreateReservationPage.addEndDate('2022-01-03');\ncreateReservationPage.addClient('Jonas Hellman (#1)');\ncreateReservationPage.addRoom('Floor 1, Room 101');\ncreateReservationPage.addBill('1');\ncreateReservationPage.saveReservation('Reservations');\nreservationsPage.verifyLastReservation('2022-01-01', '2022-01-03', 'Jonas Hellman');\nreservationsPage.navigateToEditReservationPage('Reservation: ');\neditReservationPage.editStartDate('2022-02-01');\neditReservationPage.editEndDate('2022-02-03');\neditReservationPage.editClient('Mikael Eriksson (#2)');\neditReservationPage.editRoom('Floor 1, Room 102');\neditReservationPage.editBill('2');\neditReservationPage.saveReservation('Reservations');\nreservationsPage.verifyLastReservation('2022-02-01', '2022-02-03', 'Mikael Eriksson');\nreservationsPage.performLogout('Login');",
              "err": {},
              "uuid": "2a975b46-4c4f-4da0-a9dc-d4ed56dbdb94",
              "parentUUID": "86c00eca-cce0-4329-9a8b-dbee9c4a1ed9",
              "isHook": false,
              "skipped": false
            },
            {
              "title": "Delete reservation on edit reservation page",
              "fullTitle": "Extra test suite with Page-objects - Reservations Delete reservation on edit reservation page",
              "timedOut": null,
              "duration": 6705,
              "state": "passed",
              "speed": "slow",
              "pass": true,
              "fail": false,
              "pending": false,
              "context": null,
              "code": "indexPage.navigateToReservations('Reservation');\nreservationsPage.navigateToCreateReservationPage('New Reservation');\ncreateReservationPage.addStartDate('2022-01-01');\ncreateReservationPage.addEndDate('2022-01-03');\ncreateReservationPage.addClient('Jonas Hellman (#1)');\ncreateReservationPage.addRoom('Floor 1, Room 101');\ncreateReservationPage.addBill('1');\ncreateReservationPage.saveReservation('Reservations');\nreservationsPage.verifyLastReservation('2022-01-01', '2022-01-03', 'Jonas Hellman');\nreservationsPage.navigateToEditReservationPage('Reservation: ');\neditReservationPage.deleteReservation('Reservations');\nreservationsPage.performLogout('Login');",
              "err": {},
              "uuid": "5a237588-00cc-43b6-82fd-4935ca7dc5f3",
              "parentUUID": "86c00eca-cce0-4329-9a8b-dbee9c4a1ed9",
              "isHook": false,
              "skipped": false
            }
          ],
          "suites": [],
          "passes": [
            "484978d2-98cb-4f53-8d38-9c146a44b3b4",
            "ff53be7d-518c-4509-9c88-bb001e9e2339",
            "c86bea82-66bf-4621-88a8-a6cb636706f7",
            "2a975b46-4c4f-4da0-a9dc-d4ed56dbdb94",
            "5a237588-00cc-43b6-82fd-4935ca7dc5f3"
          ],
          "failures": [],
          "pending": [],
          "skipped": [],
          "duration": 29580,
          "root": false,
          "rootEmpty": false,
          "_timeout": 2000
        }
      ],
      "passes": [],
      "failures": [],
      "pending": [],
      "skipped": [],
      "duration": 0,
      "root": true,
      "rootEmpty": true,
      "_timeout": 2000
    }
  ],
  "meta": {
    "mocha": {
      "version": "7.0.1"
    },
    "mochawesome": {
      "options": {
        "quiet": false,
        "reportFilename": "mochawesome",
        "saveHtml": false,
        "saveJson": true,
        "consoleReporter": "spec",
        "useInlineDiffs": false,
        "code": true
      },
      "version": "6.2.2"
    },
    "marge": {
      "options": {
        "reportDir": "cypress/results",
        "overwrite": false,
        "html": false,
        "json": true
      },
      "version": "5.2.0"
    }
  }
}