{
  "stats": {
    "suites": 1,
    "tests": 10,
    "passes": 10,
    "pending": 0,
    "failures": 0,
    "start": "2021-04-23T08:29:36.028Z",
    "end": "2021-04-23T08:30:14.097Z",
    "duration": 38069,
    "testsRegistered": 10,
    "passPercent": 100,
    "pendingPercent": 0,
    "other": 0,
    "hasOther": false,
    "skipped": 0,
    "hasSkipped": false
  },
  "results": [
    {
      "uuid": "7cf2ae10-b942-47fe-ab61-c4eebbaf9351",
      "title": "",
      "fullFile": "cypress/integration/test-suite-rooms.spec.js",
      "file": "cypress/integration/test-suite-rooms.spec.js",
      "beforeHooks": [],
      "afterHooks": [],
      "tests": [],
      "suites": [
        {
          "uuid": "5304fe89-ca60-404f-a474-14a30fd3eafd",
          "title": "Test suite with Page-objects - Rooms",
          "fullFile": "",
          "file": "",
          "beforeHooks": [],
          "afterHooks": [],
          "tests": [
            {
              "title": "View Rooms",
              "fullTitle": "Test suite with Page-objects - Rooms View Rooms",
              "timedOut": null,
              "duration": 2975,
              "state": "passed",
              "speed": "slow",
              "pass": true,
              "fail": false,
              "pending": false,
              "context": null,
              "code": "indexPage.navigateToRooms('Rooms');\nroomsPage.performLogout('Login');",
              "err": {},
              "uuid": "0e31f885-1e1d-4345-9e5d-510bec67c1d8",
              "parentUUID": "5304fe89-ca60-404f-a474-14a30fd3eafd",
              "isHook": false,
              "skipped": false
            },
            {
              "title": "Create a room by entering valid input in all fields",
              "fullTitle": "Test suite with Page-objects - Rooms Create a room by entering valid input in all fields",
              "timedOut": null,
              "duration": 3998,
              "state": "passed",
              "speed": "slow",
              "pass": true,
              "fail": false,
              "pending": false,
              "context": null,
              "code": "indexPage.navigateToRooms('Rooms');\nroomsPage.navigateToCreateRoom('New Room');\ncreateRoomPage.chooseCategory('double');\ncreateRoomPage.addRoomNumber('103');\ncreateRoomPage.addFloorNumber('1');\ncreateRoomPage.chooseAsAvailable();\ncreateRoomPage.addPrice('1500kr');\ncreateRoomPage.chooseFeatures('Balcony');\ncreateRoomPage.saveRoom('Rooms');\nroomsPage.verifyLastRoom('1', '103', 'double', 'true', '1500kr', 'balcony');\nroomsPage.performLogout('Login');",
              "err": {},
              "uuid": "d1263072-5199-4b39-9733-d3eace8d69e1",
              "parentUUID": "5304fe89-ca60-404f-a474-14a30fd3eafd",
              "isHook": false,
              "skipped": false
            },
            {
              "title": "Create a room without choosing a category",
              "fullTitle": "Test suite with Page-objects - Rooms Create a room without choosing a category",
              "timedOut": null,
              "duration": 3905,
              "state": "passed",
              "speed": "slow",
              "pass": true,
              "fail": false,
              "pending": false,
              "context": null,
              "code": "indexPage.navigateToRooms('Rooms');\nroomsPage.navigateToCreateRoom('New Room');\ncreateRoomPage.addRoomNumber('103');\ncreateRoomPage.addFloorNumber('1');\ncreateRoomPage.chooseAsAvailable();\ncreateRoomPage.addPrice('1500kr');\ncreateRoomPage.chooseFeatures('Balcony');\ncreateRoomPage.saveRoom('Rooms');\nroomsPage.verifyLastRoom('1', '103', '', 'true', '1500kr', 'balcony');\nroomsPage.checkForNoCategory();\nroomsPage.performLogout('Login');",
              "err": {},
              "uuid": "48226fb0-7d97-4ecf-9411-b6be0af255dc",
              "parentUUID": "5304fe89-ca60-404f-a474-14a30fd3eafd",
              "isHook": false,
              "skipped": false
            },
            {
              "title": "Create a room without entering a roomnumber",
              "fullTitle": "Test suite with Page-objects - Rooms Create a room without entering a roomnumber",
              "timedOut": null,
              "duration": 3313,
              "state": "passed",
              "speed": "slow",
              "pass": true,
              "fail": false,
              "pending": false,
              "context": null,
              "code": "indexPage.navigateToRooms('Rooms');\nroomsPage.navigateToCreateRoom('New Room');\ncreateRoomPage.chooseCategory('double');\ncreateRoomPage.addFloorNumber('1');\ncreateRoomPage.chooseAsAvailable();\ncreateRoomPage.addPrice('1500kr');\ncreateRoomPage.chooseFeatures('Balcony');\ncreateRoomPage.saveRoom('Room number must be set');\ncreateRoomPage.performLogout('Login');",
              "err": {},
              "uuid": "35b80ece-7b1c-4073-9d19-615286e40c36",
              "parentUUID": "5304fe89-ca60-404f-a474-14a30fd3eafd",
              "isHook": false,
              "skipped": false
            },
            {
              "title": "Create a room by entering a floor",
              "fullTitle": "Test suite with Page-objects - Rooms Create a room by entering a floor",
              "timedOut": null,
              "duration": 3534,
              "state": "passed",
              "speed": "slow",
              "pass": true,
              "fail": false,
              "pending": false,
              "context": null,
              "code": "indexPage.navigateToRooms('Rooms');\nroomsPage.navigateToCreateRoom('New Room');\ncreateRoomPage.chooseCategory('double');\ncreateRoomPage.addRoomNumber('103');\ncreateRoomPage.chooseAsAvailable();\ncreateRoomPage.addPrice('1500kr');\ncreateRoomPage.chooseFeatures('Balcony');\ncreateRoomPage.saveRoom('Floor must be set');\ncreateRoomPage.performLogout('Login');",
              "err": {},
              "uuid": "fefb0fe2-553f-40ff-b97b-7bad95f1127b",
              "parentUUID": "5304fe89-ca60-404f-a474-14a30fd3eafd",
              "isHook": false,
              "skipped": false
            },
            {
              "title": "Create room without entering availability",
              "fullTitle": "Test suite with Page-objects - Rooms Create room without entering availability",
              "timedOut": null,
              "duration": 4991,
              "state": "passed",
              "speed": "slow",
              "pass": true,
              "fail": false,
              "pending": false,
              "context": null,
              "code": "indexPage.navigateToRooms('Rooms');\nroomsPage.navigateToCreateRoom('New Room');\ncreateRoomPage.chooseCategory('double');\ncreateRoomPage.addRoomNumber('103');\ncreateRoomPage.addFloorNumber('1');\ncreateRoomPage.addPrice('1500kr');\ncreateRoomPage.chooseFeatures('Balcony');\ncreateRoomPage.saveRoom('Rooms');\nroomsPage.verifyLastRoom('1', '103', 'double', '', '1500kr', 'balcony');\nroomsPage.checkForNoAvailability();\nroomsPage.performLogout('Login');",
              "err": {},
              "uuid": "61703533-35dd-407c-99c5-99af0c034556",
              "parentUUID": "5304fe89-ca60-404f-a474-14a30fd3eafd",
              "isHook": false,
              "skipped": false
            },
            {
              "title": "Create a room without entering features",
              "fullTitle": "Test suite with Page-objects - Rooms Create a room without entering features",
              "timedOut": null,
              "duration": 4148,
              "state": "passed",
              "speed": "slow",
              "pass": true,
              "fail": false,
              "pending": false,
              "context": null,
              "code": "indexPage.navigateToRooms('Rooms');\nroomsPage.navigateToCreateRoom('New Room');\ncreateRoomPage.chooseCategory('double');\ncreateRoomPage.addRoomNumber('103');\ncreateRoomPage.addFloorNumber('1');\ncreateRoomPage.chooseAsAvailable();\ncreateRoomPage.addPrice('1500kr');\ncreateRoomPage.saveRoom('Rooms');\nroomsPage.verifyLastRoom('1', '103', 'double', 'true', '1500kr', '');\nroomsPage.checkForNoFeatures();\nroomsPage.performLogout('Login');",
              "err": {},
              "uuid": "0f1d8836-a8c5-483d-8081-7b1cc9bdf9c9",
              "parentUUID": "5304fe89-ca60-404f-a474-14a30fd3eafd",
              "isHook": false,
              "skipped": false
            },
            {
              "title": "Create a room without entering a price",
              "fullTitle": "Test suite with Page-objects - Rooms Create a room without entering a price",
              "timedOut": null,
              "duration": 3151,
              "state": "passed",
              "speed": "slow",
              "pass": true,
              "fail": false,
              "pending": false,
              "context": null,
              "code": "indexPage.navigateToRooms('Rooms');\nroomsPage.navigateToCreateRoom('New Room');\ncreateRoomPage.chooseCategory('double');\ncreateRoomPage.addRoomNumber('103');\ncreateRoomPage.addFloorNumber('1');\ncreateRoomPage.chooseAsAvailable();\ncreateRoomPage.chooseFeatures('Balcony');\ncreateRoomPage.saveRoom('Price must be a whole number');\ncreateRoomPage.performLogout('Login');",
              "err": {},
              "uuid": "e87c7da3-e7b6-43ea-bb8a-af71ca02dd16",
              "parentUUID": "5304fe89-ca60-404f-a474-14a30fd3eafd",
              "isHook": false,
              "skipped": false
            },
            {
              "title": "Use the Back button on the page for creating a new room",
              "fullTitle": "Test suite with Page-objects - Rooms Use the Back button on the page for creating a new room",
              "timedOut": null,
              "duration": 3683,
              "state": "passed",
              "speed": "slow",
              "pass": true,
              "fail": false,
              "pending": false,
              "context": null,
              "code": "indexPage.navigateToRooms('Rooms');\nroomsPage.navigateToCreateRoom('New Room');\ncreateRoomPage.returnToRoomsPage('Rooms');\nroomsPage.performLogout('Login');",
              "err": {},
              "uuid": "68790a21-bb5b-48f1-8eb8-07c452d1a0fe",
              "parentUUID": "5304fe89-ca60-404f-a474-14a30fd3eafd",
              "isHook": false,
              "skipped": false
            },
            {
              "title": "Return to homepage when on the page Rooms",
              "fullTitle": "Test suite with Page-objects - Rooms Return to homepage when on the page Rooms",
              "timedOut": null,
              "duration": 2692,
              "state": "passed",
              "speed": "slow",
              "pass": true,
              "fail": false,
              "pending": false,
              "context": null,
              "code": "indexPage.navigateToRooms('Rooms');\nroomsPage.returnToIndexPage('Tester Hotel Overview');\nindexPage.performLogout('Login');",
              "err": {},
              "uuid": "69db2b8a-312a-4e73-aaa4-520bb752c58e",
              "parentUUID": "5304fe89-ca60-404f-a474-14a30fd3eafd",
              "isHook": false,
              "skipped": false
            }
          ],
          "suites": [],
          "passes": [
            "0e31f885-1e1d-4345-9e5d-510bec67c1d8",
            "d1263072-5199-4b39-9733-d3eace8d69e1",
            "48226fb0-7d97-4ecf-9411-b6be0af255dc",
            "35b80ece-7b1c-4073-9d19-615286e40c36",
            "fefb0fe2-553f-40ff-b97b-7bad95f1127b",
            "61703533-35dd-407c-99c5-99af0c034556",
            "0f1d8836-a8c5-483d-8081-7b1cc9bdf9c9",
            "e87c7da3-e7b6-43ea-bb8a-af71ca02dd16",
            "68790a21-bb5b-48f1-8eb8-07c452d1a0fe",
            "69db2b8a-312a-4e73-aaa4-520bb752c58e"
          ],
          "failures": [],
          "pending": [],
          "skipped": [],
          "duration": 36390,
          "root": false,
          "rootEmpty": false,
          "_timeout": 2000
        }
      ],
      "passes": [],
      "failures": [],
      "pending": [],
      "skipped": [],
      "duration": 0,
      "root": true,
      "rootEmpty": true,
      "_timeout": 2000
    }
  ],
  "meta": {
    "mocha": {
      "version": "7.0.1"
    },
    "mochawesome": {
      "options": {
        "quiet": false,
        "reportFilename": "mochawesome",
        "saveHtml": false,
        "saveJson": true,
        "consoleReporter": "spec",
        "useInlineDiffs": false,
        "code": true
      },
      "version": "6.2.2"
    },
    "marge": {
      "options": {
        "reportDir": "cypress/results",
        "overwrite": false,
        "html": false,
        "json": true
      },
      "version": "5.2.0"
    }
  }
}