{
  "stats": {
    "suites": 1,
    "tests": 5,
    "passes": 3,
    "pending": 0,
    "failures": 2,
    "start": "2021-04-23T08:28:55.156Z",
    "end": "2021-04-23T08:29:21.939Z",
    "duration": 26783,
    "testsRegistered": 5,
    "passPercent": 60,
    "pendingPercent": 0,
    "other": 0,
    "hasOther": false,
    "skipped": 0,
    "hasSkipped": false
  },
  "results": [
    {
      "uuid": "5a4cb2d4-e135-44c0-9976-c96bc1b8e25b",
      "title": "",
      "fullFile": "cypress/integration/extra test suites/extra-test-suite-reservations.spec.js",
      "file": "cypress/integration/extra test suites/extra-test-suite-reservations.spec.js",
      "beforeHooks": [],
      "afterHooks": [],
      "tests": [],
      "suites": [
        {
          "uuid": "4fed16a7-b062-4cdc-b8e9-ef23067d569f",
          "title": "Extra test suite with Page-objects - Reservations",
          "fullFile": "",
          "file": "",
          "beforeHooks": [],
          "afterHooks": [],
          "tests": [
            {
              "title": "View Reservations",
              "fullTitle": "Extra test suite with Page-objects - Reservations View Reservations",
              "timedOut": null,
              "duration": 2115,
              "state": "passed",
              "speed": "slow",
              "pass": true,
              "fail": false,
              "pending": false,
              "context": null,
              "code": "indexPage.navigateToReservations('Reservations');\nreservationsPage.performLogout('Login');",
              "err": {},
              "uuid": "422571a5-9c6d-46d5-a33c-ea6483d95aef",
              "parentUUID": "4fed16a7-b062-4cdc-b8e9-ef23067d569f",
              "isHook": false,
              "skipped": false
            },
            {
              "title": "Create a new reservation by using valid input in all fields",
              "fullTitle": "Extra test suite with Page-objects - Reservations Create a new reservation by using valid input in all fields",
              "timedOut": null,
              "duration": 3266,
              "state": "passed",
              "speed": "slow",
              "pass": true,
              "fail": false,
              "pending": false,
              "context": null,
              "code": "indexPage.navigateToReservations('Reservation');\nreservationsPage.navigateToCreateReservationPage('New Reservation');\ncreateReservationPage.addStartDate('2022-01-01');\ncreateReservationPage.addEndDate('2022-01-03');\ncreateReservationPage.addClient('Jonas Hellman (#1)');\ncreateReservationPage.addRoom('Floor 1, Room 101');\ncreateReservationPage.addBill('1');\ncreateReservationPage.saveReservation('Reservations');\nreservationsPage.verifyLastReservation('2022-01-01', '2022-01-03', 'Jonas Hellman');\nreservationsPage.performLogout('Login');",
              "err": {},
              "uuid": "ec9ea4a2-25c5-4604-8c2f-86571f960a73",
              "parentUUID": "4fed16a7-b062-4cdc-b8e9-ef23067d569f",
              "isHook": false,
              "skipped": false
            },
            {
              "title": "Delete reservation on reservations page",
              "fullTitle": "Extra test suite with Page-objects - Reservations Delete reservation on reservations page",
              "timedOut": null,
              "duration": 3351,
              "state": "passed",
              "speed": "slow",
              "pass": true,
              "fail": false,
              "pending": false,
              "context": null,
              "code": "indexPage.navigateToReservations('Reservation');\nreservationsPage.navigateToCreateReservationPage('New Reservation');\ncreateReservationPage.addStartDate('2022-01-01');\ncreateReservationPage.addEndDate('2022-01-03');\ncreateReservationPage.addClient('Jonas Hellman (#1)');\ncreateReservationPage.addRoom('Floor 1, Room 101');\ncreateReservationPage.addBill('1');\ncreateReservationPage.saveReservation('Reservations');\nreservationsPage.verifyLastReservation('2022-01-01', '2022-01-03', 'Jonas Hellman');\nreservationsPage.deleteReservation('Reservations');\nreservationsPage.performLogout('Login');",
              "err": {},
              "uuid": "21c5f764-5782-4d31-88cf-2991c732be23",
              "parentUUID": "4fed16a7-b062-4cdc-b8e9-ef23067d569f",
              "isHook": false,
              "skipped": false
            },
            {
              "title": "Edit reservation",
              "fullTitle": "Extra test suite with Page-objects - Reservations Edit reservation",
              "timedOut": null,
              "duration": 8220,
              "state": "failed",
              "speed": null,
              "pass": false,
              "fail": true,
              "pending": false,
              "context": null,
              "code": "indexPage.navigateToReservations('Reservation');\nreservationsPage.navigateToCreateReservationPage('New Reservation');\ncreateReservationPage.addStartDate('2022-01-01');\ncreateReservationPage.addEndDate('2022-01-03');\ncreateReservationPage.addClient('Jonas Hellman (#1)');\ncreateReservationPage.addRoom('Floor 1, Room 101');\ncreateReservationPage.addBill('1');\ncreateReservationPage.saveReservation('Reservations');\nreservationsPage.verifyLastReservation('2022-01-01', '2022-01-03', 'Jonas Hellman');\nreservationsPage.navigateToEditReservationPage('Reservation: ');\neditReservationPage.editStartDate('2022-02-01');\neditReservationPage.editEndDate('2022-02-03');\neditReservationPage.editClient('Mikael Eriksson (#2)');\neditReservationPage.editRoom('Floor 1, Room 102');\neditReservationPage.editBill('2');\neditReservationPage.saveReservation('Reservations');\nreservationsPage.verifyLastReservation('2022-02-01', '2022-02-03', 'Mikael Eriksson');\nreservationsPage.performLogout('Login');",
              "err": {
                "message": "CypressError: Timed out retrying after 4000ms: `cy.clear()` failed because this element is detached from the DOM.\n\n`<input data-v-3333ec2d=\"\" type=\"text\" placeholder=\"YYYY-MM-DD\">`\n\nCypress requires elements be attached in the DOM to interact with them.\n\nThe previous command that ran was:\n\n  > `cy.get()`\n\nThis DOM element likely became detached somewhere between the previous and current command.\n\nCommon situations why this happens:\n  - Your JS framework re-rendered asynchronously\n  - Your app code reacted to an event firing and removed the element\n\nYou typically need to re-query for the element or add 'guards' which delay Cypress from running new commands.\n\nhttps://on.cypress.io/element-has-detached-from-dom",
                "estack": "CypressError: Timed out retrying after 4000ms: `cy.clear()` failed because this element is detached from the DOM.\n\n`<input data-v-3333ec2d=\"\" type=\"text\" placeholder=\"YYYY-MM-DD\">`\n\nCypress requires elements be attached in the DOM to interact with them.\n\nThe previous command that ran was:\n\n  > `cy.get()`\n\nThis DOM element likely became detached somewhere between the previous and current command.\n\nCommon situations why this happens:\n  - Your JS framework re-rendered asynchronously\n  - Your app code reacted to an event firing and removed the element\n\nYou typically need to re-query for the element or add 'guards' which delay Cypress from running new commands.\n\nhttps://on.cypress.io/element-has-detached-from-dom\n    at $Cy.ensureAttached (http://localhost:3000/__cypress/runner/cypress_runner.js:141687:24)\n    at runAllChecks (http://localhost:3000/__cypress/runner/cypress_runner.js:130414:12)\n    at retryActionability (http://localhost:3000/__cypress/runner/cypress_runner.js:130491:16)\n    at tryCatcher (http://localhost:3000/__cypress/runner/cypress_runner.js:10747:23)\n    at Function.Promise.attempt.Promise.try (http://localhost:3000/__cypress/runner/cypress_runner.js:8021:29)\n    at tryFn (http://localhost:3000/__cypress/runner/cypress_runner.js:146270:21)\n    at whenStable (http://localhost:3000/__cypress/runner/cypress_runner.js:146308:12)\n    at http://localhost:3000/__cypress/runner/cypress_runner.js:145803:16\n    at tryCatcher (http://localhost:3000/__cypress/runner/cypress_runner.js:10747:23)\n    at Promise._settlePromiseFromHandler (http://localhost:3000/__cypress/runner/cypress_runner.js:8682:31)\n    at Promise._settlePromise (http://localhost:3000/__cypress/runner/cypress_runner.js:8739:18)\n    at Promise._settlePromise0 (http://localhost:3000/__cypress/runner/cypress_runner.js:8784:10)\n    at Promise._settlePromises (http://localhost:3000/__cypress/runner/cypress_runner.js:8864:18)\n    at Promise._fulfill (http://localhost:3000/__cypress/runner/cypress_runner.js:8808:18)\n    at http://localhost:3000/__cypress/runner/cypress_runner.js:10422:46\nFrom Your Spec Code:\n    at Object.editStartDate (http://localhost:3000/__cypress/tests?p=cypress/integration/extra%20test%20suites/extra-test-suite-reservations.spec.js:381:33)\n    at Context.eval (http://localhost:3000/__cypress/tests?p=cypress/integration/extra%20test%20suites/extra-test-suite-reservations.spec.js:256:25)",
                "diff": null
              },
              "uuid": "fdef478e-e5a7-463c-806a-9be093c28194",
              "parentUUID": "4fed16a7-b062-4cdc-b8e9-ef23067d569f",
              "isHook": false,
              "skipped": false
            },
            {
              "title": "Delete reservation on edit reservation page",
              "fullTitle": "Extra test suite with Page-objects - Reservations Delete reservation on edit reservation page",
              "timedOut": null,
              "duration": 8458,
              "state": "failed",
              "speed": null,
              "pass": false,
              "fail": true,
              "pending": false,
              "context": null,
              "code": "indexPage.navigateToReservations('Reservation');\nreservationsPage.navigateToCreateReservationPage('New Reservation');\ncreateReservationPage.addStartDate('2022-01-01');\ncreateReservationPage.addEndDate('2022-01-03');\ncreateReservationPage.addClient('Jonas Hellman (#1)');\ncreateReservationPage.addRoom('Floor 1, Room 101');\ncreateReservationPage.addBill('1');\ncreateReservationPage.saveReservation('Reservations');\nreservationsPage.verifyLastReservation('2022-01-01', '2022-01-03', 'Jonas Hellman');\nreservationsPage.navigateToEditReservationPage('Reservation: ');\neditReservationPage.deleteReservation('Reservations');\nreservationsPage.performLogout('Login');",
              "err": {
                "message": "AssertionError: Timed out retrying after 4000ms: Expected to find content: 'Reservations' but never did.",
                "estack": "AssertionError: Timed out retrying after 4000ms: Expected to find content: 'Reservations' but never did.\n    at Object.deleteReservation (http://localhost:3000/__cypress/tests?p=cypress/integration/extra%20test%20suites/extra-test-suite-reservations.spec.js:412:6)\n    at Context.eval (http://localhost:3000/__cypress/tests?p=cypress/integration/extra%20test%20suites/extra-test-suite-reservations.spec.js:276:25)",
                "diff": null
              },
              "uuid": "f829934f-815a-4309-b6f7-f00d3ec6a4e9",
              "parentUUID": "4fed16a7-b062-4cdc-b8e9-ef23067d569f",
              "isHook": false,
              "skipped": false
            }
          ],
          "suites": [],
          "passes": [
            "422571a5-9c6d-46d5-a33c-ea6483d95aef",
            "ec9ea4a2-25c5-4604-8c2f-86571f960a73",
            "21c5f764-5782-4d31-88cf-2991c732be23"
          ],
          "failures": [
            "fdef478e-e5a7-463c-806a-9be093c28194",
            "f829934f-815a-4309-b6f7-f00d3ec6a4e9"
          ],
          "pending": [],
          "skipped": [],
          "duration": 25410,
          "root": false,
          "rootEmpty": false,
          "_timeout": 2000
        }
      ],
      "passes": [],
      "failures": [],
      "pending": [],
      "skipped": [],
      "duration": 0,
      "root": true,
      "rootEmpty": true,
      "_timeout": 2000
    }
  ],
  "meta": {
    "mocha": {
      "version": "7.0.1"
    },
    "mochawesome": {
      "options": {
        "quiet": false,
        "reportFilename": "mochawesome",
        "saveHtml": false,
        "saveJson": true,
        "consoleReporter": "spec",
        "useInlineDiffs": false,
        "code": true
      },
      "version": "6.2.2"
    },
    "marge": {
      "options": {
        "reportDir": "cypress/results",
        "overwrite": false,
        "html": false,
        "json": true
      },
      "version": "5.2.0"
    }
  }
}