{
  "stats": {
    "suites": 1,
    "tests": 9,
    "passes": 9,
    "pending": 0,
    "failures": 0,
    "start": "2021-04-28T12:00:32.766Z",
    "end": "2021-04-28T12:01:28.831Z",
    "duration": 56065,
    "testsRegistered": 9,
    "passPercent": 100,
    "pendingPercent": 0,
    "other": 0,
    "hasOther": false,
    "skipped": 0,
    "hasSkipped": false
  },
  "results": [
    {
      "uuid": "15862502-e2ee-4619-b1f6-4475bd67d503",
      "title": "",
      "fullFile": "cypress/integration/extra-test-suites/extra-test-suite-bills.spec.js",
      "file": "cypress/integration/extra-test-suites/extra-test-suite-bills.spec.js",
      "beforeHooks": [],
      "afterHooks": [],
      "tests": [],
      "suites": [
        {
          "uuid": "092634f2-cff0-4d4a-96f3-29549ba69a6c",
          "title": "Extra test suite with Page-objects - Bills",
          "fullFile": "",
          "file": "",
          "beforeHooks": [],
          "afterHooks": [],
          "tests": [
            {
              "title": "View Bills",
              "fullTitle": "Extra test suite with Page-objects - Bills View Bills",
              "timedOut": null,
              "duration": 3624,
              "state": "passed",
              "speed": "slow",
              "pass": true,
              "fail": false,
              "pending": false,
              "context": null,
              "code": "indexPage.navigateToBills('Bills');\nbillsPage.performLogout('Login');",
              "err": {},
              "uuid": "3606311d-734a-4c64-accb-b4a55c376c28",
              "parentUUID": "092634f2-cff0-4d4a-96f3-29549ba69a6c",
              "isHook": false,
              "skipped": false
            },
            {
              "title": "Create a new bill by using valid input in all fields",
              "fullTitle": "Extra test suite with Page-objects - Bills Create a new bill by using valid input in all fields",
              "timedOut": null,
              "duration": 5455,
              "state": "passed",
              "speed": "slow",
              "pass": true,
              "fail": false,
              "pending": false,
              "context": null,
              "code": "indexPage.navigateToBills('Bills');\nbillsPage.navigateToCreateBillPage('New Bill');\ncreateBillPage.createBill(randomValue1, randomPaid1);\ncreateBillPage.saveBill('Bills');\nbillsPage.verifyNewBill(randomValue1, randomPaid1);\nbillsPage.performLogout('Login');",
              "err": {},
              "uuid": "fd1219c9-43d2-4d8a-852d-b320c16fc767",
              "parentUUID": "092634f2-cff0-4d4a-96f3-29549ba69a6c",
              "isHook": false,
              "skipped": false
            },
            {
              "title": "Delete bill on bills page",
              "fullTitle": "Extra test suite with Page-objects - Bills Delete bill on bills page",
              "timedOut": null,
              "duration": 6227,
              "state": "passed",
              "speed": "slow",
              "pass": true,
              "fail": false,
              "pending": false,
              "context": null,
              "code": "indexPage.navigateToBills('Bills');\nbillsPage.navigateToCreateBillPage('New Bill');\ncreateBillPage.createBill(randomValue1, randomPaid1);\ncreateBillPage.saveBill('Bills');\nbillsPage.verifyNewBill(randomValue1, randomPaid1);\nbillsPage.deleteBill();\nbillsPage.performLogout('Login');",
              "err": {},
              "uuid": "5001edc3-4140-4119-9c79-fb53fa9da067",
              "parentUUID": "092634f2-cff0-4d4a-96f3-29549ba69a6c",
              "isHook": false,
              "skipped": false
            },
            {
              "title": "Edit value of bill",
              "fullTitle": "Extra test suite with Page-objects - Bills Edit value of bill",
              "timedOut": null,
              "duration": 7332,
              "state": "passed",
              "speed": "slow",
              "pass": true,
              "fail": false,
              "pending": false,
              "context": null,
              "code": "indexPage.navigateToBills('Bills');\nbillsPage.navigateToCreateBillPage('New Bill');\ncreateBillPage.createBill(randomValue1, randomPaid1);\ncreateBillPage.saveBill('Bills');\nbillsPage.verifyNewBill(randomValue1, randomPaid1);\nbillsPage.navigateToEditBillPage('Bill: ');\neditBillPage.editValue(randomValue2);\neditBillPage.saveBill('Bills');\nbillsPage.verifyValueEdit(randomValue2);\nbillsPage.performLogout('Login');",
              "err": {},
              "uuid": "4c242b62-3640-483b-bffb-6ee51d10d7e4",
              "parentUUID": "092634f2-cff0-4d4a-96f3-29549ba69a6c",
              "isHook": false,
              "skipped": false
            },
            {
              "title": "Edit payment of bill",
              "fullTitle": "Extra test suite with Page-objects - Bills Edit payment of bill",
              "timedOut": null,
              "duration": 7151,
              "state": "passed",
              "speed": "slow",
              "pass": true,
              "fail": false,
              "pending": false,
              "context": null,
              "code": "indexPage.navigateToBills('Bills');\nbillsPage.navigateToCreateBillPage('New Bill');\ncreateBillPage.createBill(randomValue1, randomPaid1);\ncreateBillPage.saveBill('Bills');\nbillsPage.verifyNewBill(randomValue1, randomPaid1);\nbillsPage.navigateToEditBillPage('Bill: ');\neditBillPage.editPaid(randomPaid2);\neditBillPage.saveBill('Bills');\nbillsPage.verifyPaidEdit(randomPaid1);\nbillsPage.performLogout('Login');",
              "err": {},
              "uuid": "882f34f5-6ca5-4af7-891b-c20d8dbe9766",
              "parentUUID": "092634f2-cff0-4d4a-96f3-29549ba69a6c",
              "isHook": false,
              "skipped": false
            },
            {
              "title": "Delete bill on edit bill page",
              "fullTitle": "Extra test suite with Page-objects - Bills Delete bill on edit bill page",
              "timedOut": null,
              "duration": 6873,
              "state": "passed",
              "speed": "slow",
              "pass": true,
              "fail": false,
              "pending": false,
              "context": null,
              "code": "indexPage.navigateToBills('Bills');\nbillsPage.navigateToCreateBillPage('New Bill');\ncreateBillPage.createBill(randomValue1, randomPaid1);\ncreateBillPage.saveBill('Bills');\nbillsPage.verifyNewBill(randomValue1, randomPaid1);\nbillsPage.navigateToEditBillPage('Bill: ');\neditBillPage.deleteBill('Bills');\nbillsPage.performLogout('Login');",
              "err": {},
              "uuid": "94d1be79-c937-4df5-aec0-feea4109467c",
              "parentUUID": "092634f2-cff0-4d4a-96f3-29549ba69a6c",
              "isHook": false,
              "skipped": false
            },
            {
              "title": "Return to indexpage when creating a bill",
              "fullTitle": "Extra test suite with Page-objects - Bills Return to indexpage when creating a bill",
              "timedOut": null,
              "duration": 5067,
              "state": "passed",
              "speed": "slow",
              "pass": true,
              "fail": false,
              "pending": false,
              "context": null,
              "code": "indexPage.navigateToBills('Bills');\nbillsPage.navigateToCreateBillPage('New Bill');\ncreateBillPage.returnToBillsPage('Bills');\nbillsPage.returnToIndexPage('Tester Hotel Overview');\nindexPage.performLogout('Login');",
              "err": {},
              "uuid": "1193f2d1-c84c-4e6f-88be-f80028d60f6a",
              "parentUUID": "092634f2-cff0-4d4a-96f3-29549ba69a6c",
              "isHook": false,
              "skipped": false
            },
            {
              "title": "Return to indexpage when on Bills page",
              "fullTitle": "Extra test suite with Page-objects - Bills Return to indexpage when on Bills page",
              "timedOut": null,
              "duration": 3818,
              "state": "passed",
              "speed": "slow",
              "pass": true,
              "fail": false,
              "pending": false,
              "context": null,
              "code": "indexPage.navigateToBills('Bills');\nbillsPage.returnToIndexPage('Tester Hotel Overview');\nindexPage.performLogout('Login');",
              "err": {},
              "uuid": "49663d96-7c59-4451-a46b-cb019aa16bdb",
              "parentUUID": "092634f2-cff0-4d4a-96f3-29549ba69a6c",
              "isHook": false,
              "skipped": false
            },
            {
              "title": "Return to indexpage when editing a bill",
              "fullTitle": "Extra test suite with Page-objects - Bills Return to indexpage when editing a bill",
              "timedOut": null,
              "duration": 7516,
              "state": "passed",
              "speed": "slow",
              "pass": true,
              "fail": false,
              "pending": false,
              "context": null,
              "code": "indexPage.navigateToBills('Bills');\nbillsPage.navigateToCreateBillPage('New Bill');\ncreateBillPage.createBill(randomValue1, randomPaid1);\ncreateBillPage.saveBill('Bills');\nbillsPage.verifyNewBill(randomValue1, randomPaid1);\nbillsPage.navigateToEditBillPage('Bill: ');\neditBillPage.returnToBillsPage('Bills');\nbillsPage.returnToIndexPage('Tester Hotel Overview');\nindexPage.performLogout('Login');",
              "err": {},
              "uuid": "49a95be3-2da9-490d-afbb-6946752a8bc3",
              "parentUUID": "092634f2-cff0-4d4a-96f3-29549ba69a6c",
              "isHook": false,
              "skipped": false
            }
          ],
          "suites": [],
          "passes": [
            "3606311d-734a-4c64-accb-b4a55c376c28",
            "fd1219c9-43d2-4d8a-852d-b320c16fc767",
            "5001edc3-4140-4119-9c79-fb53fa9da067",
            "4c242b62-3640-483b-bffb-6ee51d10d7e4",
            "882f34f5-6ca5-4af7-891b-c20d8dbe9766",
            "94d1be79-c937-4df5-aec0-feea4109467c",
            "1193f2d1-c84c-4e6f-88be-f80028d60f6a",
            "49663d96-7c59-4451-a46b-cb019aa16bdb",
            "49a95be3-2da9-490d-afbb-6946752a8bc3"
          ],
          "failures": [],
          "pending": [],
          "skipped": [],
          "duration": 53063,
          "root": false,
          "rootEmpty": false,
          "_timeout": 2000
        }
      ],
      "passes": [],
      "failures": [],
      "pending": [],
      "skipped": [],
      "duration": 0,
      "root": true,
      "rootEmpty": true,
      "_timeout": 2000
    }
  ],
  "meta": {
    "mocha": {
      "version": "7.0.1"
    },
    "mochawesome": {
      "options": {
        "quiet": false,
        "reportFilename": "mochawesome",
        "saveHtml": false,
        "saveJson": true,
        "consoleReporter": "spec",
        "useInlineDiffs": false,
        "code": true
      },
      "version": "6.2.2"
    },
    "marge": {
      "options": {
        "reportDir": "cypress/results",
        "overwrite": false,
        "html": false,
        "json": true
      },
      "version": "5.2.0"
    }
  }
}