{
  "stats": {
    "suites": 1,
    "tests": 10,
    "passes": 10,
    "pending": 0,
    "failures": 0,
    "start": "2021-04-23T09:02:28.507Z",
    "end": "2021-04-23T09:03:01.846Z",
    "duration": 33339,
    "testsRegistered": 10,
    "passPercent": 100,
    "pendingPercent": 0,
    "other": 0,
    "hasOther": false,
    "skipped": 0,
    "hasSkipped": false
  },
  "results": [
    {
      "uuid": "d3315b66-25c3-4789-9761-57b63e7a149c",
      "title": "",
      "fullFile": "cypress/integration/test-suite-rooms.spec.js",
      "file": "cypress/integration/test-suite-rooms.spec.js",
      "beforeHooks": [],
      "afterHooks": [],
      "tests": [],
      "suites": [
        {
          "uuid": "3348c2a2-290a-41d6-9df3-5ddd3bbc2142",
          "title": "Test suite with Page-objects - Rooms",
          "fullFile": "",
          "file": "",
          "beforeHooks": [],
          "afterHooks": [],
          "tests": [
            {
              "title": "View Rooms",
              "fullTitle": "Test suite with Page-objects - Rooms View Rooms",
              "timedOut": null,
              "duration": 3281,
              "state": "passed",
              "speed": "slow",
              "pass": true,
              "fail": false,
              "pending": false,
              "context": null,
              "code": "indexPage.navigateToRooms('Rooms');\nroomsPage.performLogout('Login');",
              "err": {},
              "uuid": "ed127668-09af-464d-97ae-401c3567c7a1",
              "parentUUID": "3348c2a2-290a-41d6-9df3-5ddd3bbc2142",
              "isHook": false,
              "skipped": false
            },
            {
              "title": "Create a room by entering valid input in all fields",
              "fullTitle": "Test suite with Page-objects - Rooms Create a room by entering valid input in all fields",
              "timedOut": null,
              "duration": 3661,
              "state": "passed",
              "speed": "slow",
              "pass": true,
              "fail": false,
              "pending": false,
              "context": null,
              "code": "indexPage.navigateToRooms('Rooms');\nroomsPage.navigateToCreateRoom('New Room');\ncreateRoomPage.chooseCategory('double');\ncreateRoomPage.addRoomNumber('103');\ncreateRoomPage.addFloorNumber('1');\ncreateRoomPage.chooseAsAvailable();\ncreateRoomPage.addPrice('1500kr');\ncreateRoomPage.chooseFeatures('Balcony');\ncreateRoomPage.saveRoom('Rooms');\nroomsPage.verifyLastRoom('1', '103', 'double', 'true', '1500kr', 'balcony');\nroomsPage.performLogout('Login');",
              "err": {},
              "uuid": "ffc33fa5-c072-4d1d-bc23-a0b701bf84b0",
              "parentUUID": "3348c2a2-290a-41d6-9df3-5ddd3bbc2142",
              "isHook": false,
              "skipped": false
            },
            {
              "title": "Create a room without choosing a category",
              "fullTitle": "Test suite with Page-objects - Rooms Create a room without choosing a category",
              "timedOut": null,
              "duration": 3597,
              "state": "passed",
              "speed": "slow",
              "pass": true,
              "fail": false,
              "pending": false,
              "context": null,
              "code": "indexPage.navigateToRooms('Rooms');\nroomsPage.navigateToCreateRoom('New Room');\ncreateRoomPage.addRoomNumber('103');\ncreateRoomPage.addFloorNumber('1');\ncreateRoomPage.chooseAsAvailable();\ncreateRoomPage.addPrice('1500kr');\ncreateRoomPage.chooseFeatures('Balcony');\ncreateRoomPage.saveRoom('Rooms');\nroomsPage.verifyLastRoom('1', '103', '', 'true', '1500kr', 'balcony');\nroomsPage.checkForNoCategory();\nroomsPage.performLogout('Login');",
              "err": {},
              "uuid": "87b837f3-5a9c-4faa-ac9f-85ef99338177",
              "parentUUID": "3348c2a2-290a-41d6-9df3-5ddd3bbc2142",
              "isHook": false,
              "skipped": false
            },
            {
              "title": "Create a room without entering a roomnumber",
              "fullTitle": "Test suite with Page-objects - Rooms Create a room without entering a roomnumber",
              "timedOut": null,
              "duration": 2932,
              "state": "passed",
              "speed": "slow",
              "pass": true,
              "fail": false,
              "pending": false,
              "context": null,
              "code": "indexPage.navigateToRooms('Rooms');\nroomsPage.navigateToCreateRoom('New Room');\ncreateRoomPage.chooseCategory('double');\ncreateRoomPage.addFloorNumber('1');\ncreateRoomPage.chooseAsAvailable();\ncreateRoomPage.addPrice('1500kr');\ncreateRoomPage.chooseFeatures('Balcony');\ncreateRoomPage.saveRoom('Room number must be set');\ncreateRoomPage.performLogout('Login');",
              "err": {},
              "uuid": "7d15419a-e42f-47e1-8580-b15e3f0e5875",
              "parentUUID": "3348c2a2-290a-41d6-9df3-5ddd3bbc2142",
              "isHook": false,
              "skipped": false
            },
            {
              "title": "Create a room by entering a floor",
              "fullTitle": "Test suite with Page-objects - Rooms Create a room by entering a floor",
              "timedOut": null,
              "duration": 3281,
              "state": "passed",
              "speed": "slow",
              "pass": true,
              "fail": false,
              "pending": false,
              "context": null,
              "code": "indexPage.navigateToRooms('Rooms');\nroomsPage.navigateToCreateRoom('New Room');\ncreateRoomPage.chooseCategory('double');\ncreateRoomPage.addRoomNumber('103');\ncreateRoomPage.chooseAsAvailable();\ncreateRoomPage.addPrice('1500kr');\ncreateRoomPage.chooseFeatures('Balcony');\ncreateRoomPage.saveRoom('Floor must be set');\ncreateRoomPage.performLogout('Login');",
              "err": {},
              "uuid": "9858a0a0-3ece-4054-a6d1-e2bf3f5a9005",
              "parentUUID": "3348c2a2-290a-41d6-9df3-5ddd3bbc2142",
              "isHook": false,
              "skipped": false
            },
            {
              "title": "Create room without entering availability",
              "fullTitle": "Test suite with Page-objects - Rooms Create room without entering availability",
              "timedOut": null,
              "duration": 3425,
              "state": "passed",
              "speed": "slow",
              "pass": true,
              "fail": false,
              "pending": false,
              "context": null,
              "code": "indexPage.navigateToRooms('Rooms');\nroomsPage.navigateToCreateRoom('New Room');\ncreateRoomPage.chooseCategory('double');\ncreateRoomPage.addRoomNumber('103');\ncreateRoomPage.addFloorNumber('1');\ncreateRoomPage.addPrice('1500kr');\ncreateRoomPage.chooseFeatures('Balcony');\ncreateRoomPage.saveRoom('Rooms');\nroomsPage.verifyLastRoom('1', '103', 'double', '', '1500kr', 'balcony');\nroomsPage.checkForNoAvailability();\nroomsPage.performLogout('Login');",
              "err": {},
              "uuid": "9a161ca6-ebdb-4da9-9681-ec2519dab3d3",
              "parentUUID": "3348c2a2-290a-41d6-9df3-5ddd3bbc2142",
              "isHook": false,
              "skipped": false
            },
            {
              "title": "Create a room without entering features",
              "fullTitle": "Test suite with Page-objects - Rooms Create a room without entering features",
              "timedOut": null,
              "duration": 3247,
              "state": "passed",
              "speed": "slow",
              "pass": true,
              "fail": false,
              "pending": false,
              "context": null,
              "code": "indexPage.navigateToRooms('Rooms');\nroomsPage.navigateToCreateRoom('New Room');\ncreateRoomPage.chooseCategory('double');\ncreateRoomPage.addRoomNumber('103');\ncreateRoomPage.addFloorNumber('1');\ncreateRoomPage.chooseAsAvailable();\ncreateRoomPage.addPrice('1500kr');\ncreateRoomPage.saveRoom('Rooms');\nroomsPage.verifyLastRoom('1', '103', 'double', 'true', '1500kr', '');\nroomsPage.checkForNoFeatures();\nroomsPage.performLogout('Login');",
              "err": {},
              "uuid": "9ed40550-195f-4aea-bc33-a7fd2631cd7f",
              "parentUUID": "3348c2a2-290a-41d6-9df3-5ddd3bbc2142",
              "isHook": false,
              "skipped": false
            },
            {
              "title": "Create a room without entering a price",
              "fullTitle": "Test suite with Page-objects - Rooms Create a room without entering a price",
              "timedOut": null,
              "duration": 3522,
              "state": "passed",
              "speed": "slow",
              "pass": true,
              "fail": false,
              "pending": false,
              "context": null,
              "code": "indexPage.navigateToRooms('Rooms');\nroomsPage.navigateToCreateRoom('New Room');\ncreateRoomPage.chooseCategory('double');\ncreateRoomPage.addRoomNumber('103');\ncreateRoomPage.addFloorNumber('1');\ncreateRoomPage.chooseAsAvailable();\ncreateRoomPage.chooseFeatures('Balcony');\ncreateRoomPage.saveRoom('Price must be a whole number');\ncreateRoomPage.performLogout('Login');",
              "err": {},
              "uuid": "8389f38b-577e-4d38-b324-2ef231371d61",
              "parentUUID": "3348c2a2-290a-41d6-9df3-5ddd3bbc2142",
              "isHook": false,
              "skipped": false
            },
            {
              "title": "Use the Back button on the page for creating a new room",
              "fullTitle": "Test suite with Page-objects - Rooms Use the Back button on the page for creating a new room",
              "timedOut": null,
              "duration": 2377,
              "state": "passed",
              "speed": "slow",
              "pass": true,
              "fail": false,
              "pending": false,
              "context": null,
              "code": "indexPage.navigateToRooms('Rooms');\nroomsPage.navigateToCreateRoom('New Room');\ncreateRoomPage.returnToRoomsPage('Rooms');\nroomsPage.performLogout('Login');",
              "err": {},
              "uuid": "ca67e3e3-20f7-4cfb-a5aa-52542bcafbd3",
              "parentUUID": "3348c2a2-290a-41d6-9df3-5ddd3bbc2142",
              "isHook": false,
              "skipped": false
            },
            {
              "title": "Return to homepage when on the page Rooms",
              "fullTitle": "Test suite with Page-objects - Rooms Return to homepage when on the page Rooms",
              "timedOut": null,
              "duration": 2534,
              "state": "passed",
              "speed": "slow",
              "pass": true,
              "fail": false,
              "pending": false,
              "context": null,
              "code": "indexPage.navigateToRooms('Rooms');\nroomsPage.returnToIndexPage('Tester Hotel Overview');\nindexPage.performLogout('Login');",
              "err": {},
              "uuid": "bbf0c643-88f9-4653-9172-2acac1ab0dee",
              "parentUUID": "3348c2a2-290a-41d6-9df3-5ddd3bbc2142",
              "isHook": false,
              "skipped": false
            }
          ],
          "suites": [],
          "passes": [
            "ed127668-09af-464d-97ae-401c3567c7a1",
            "ffc33fa5-c072-4d1d-bc23-a0b701bf84b0",
            "87b837f3-5a9c-4faa-ac9f-85ef99338177",
            "7d15419a-e42f-47e1-8580-b15e3f0e5875",
            "9858a0a0-3ece-4054-a6d1-e2bf3f5a9005",
            "9a161ca6-ebdb-4da9-9681-ec2519dab3d3",
            "9ed40550-195f-4aea-bc33-a7fd2631cd7f",
            "8389f38b-577e-4d38-b324-2ef231371d61",
            "ca67e3e3-20f7-4cfb-a5aa-52542bcafbd3",
            "bbf0c643-88f9-4653-9172-2acac1ab0dee"
          ],
          "failures": [],
          "pending": [],
          "skipped": [],
          "duration": 31857,
          "root": false,
          "rootEmpty": false,
          "_timeout": 2000
        }
      ],
      "passes": [],
      "failures": [],
      "pending": [],
      "skipped": [],
      "duration": 0,
      "root": true,
      "rootEmpty": true,
      "_timeout": 2000
    }
  ],
  "meta": {
    "mocha": {
      "version": "7.0.1"
    },
    "mochawesome": {
      "options": {
        "quiet": false,
        "reportFilename": "mochawesome",
        "saveHtml": false,
        "saveJson": true,
        "consoleReporter": "spec",
        "useInlineDiffs": false,
        "code": true
      },
      "version": "6.2.2"
    },
    "marge": {
      "options": {
        "reportDir": "cypress/results",
        "overwrite": false,
        "html": false,
        "json": true
      },
      "version": "5.2.0"
    }
  }
}