{
  "stats": {
    "suites": 1,
    "tests": 17,
    "passes": 17,
    "pending": 0,
    "failures": 0,
    "start": "2021-04-28T12:05:57.122Z",
    "end": "2021-04-28T12:08:02.766Z",
    "duration": 125644,
    "testsRegistered": 17,
    "passPercent": 100,
    "pendingPercent": 0,
    "other": 0,
    "hasOther": false,
    "skipped": 0,
    "hasSkipped": false
  },
  "results": [
    {
      "uuid": "cfad3e9b-cb09-41ab-9d03-1eb1444a9cb6",
      "title": "",
      "fullFile": "cypress/integration/test-suite-assignment02.spec.js",
      "file": "cypress/integration/test-suite-assignment02.spec.js",
      "beforeHooks": [],
      "afterHooks": [],
      "tests": [],
      "suites": [
        {
          "uuid": "6d0d29fa-eb5b-4389-a36b-3b279248c092",
          "title": "Test suite with Page-objects - Assignment02",
          "fullFile": "",
          "file": "",
          "beforeHooks": [],
          "afterHooks": [],
          "tests": [
            {
              "title": "View Rooms",
              "fullTitle": "Test suite with Page-objects - Assignment02 View Rooms",
              "timedOut": null,
              "duration": 4433,
              "state": "passed",
              "speed": "slow",
              "pass": true,
              "fail": false,
              "pending": false,
              "context": null,
              "code": "indexPage.navigateToRooms('Rooms');\nroomsPage.performLogout('Login');",
              "err": {},
              "uuid": "9ff462da-302c-4bc2-95b2-85956c36e112",
              "parentUUID": "6d0d29fa-eb5b-4389-a36b-3b279248c092",
              "isHook": false,
              "skipped": false
            },
            {
              "title": "Create a room by entering valid input in all fields",
              "fullTitle": "Test suite with Page-objects - Assignment02 Create a room by entering valid input in all fields",
              "timedOut": null,
              "duration": 7557,
              "state": "passed",
              "speed": "slow",
              "pass": true,
              "fail": false,
              "pending": false,
              "context": null,
              "code": "indexPage.navigateToRooms('Rooms');\nroomsPage.navigateToCreateRoom('New Room');\ncreateRoomPage.createRoom(randomCategory, randomRoomNumber, randomFloorNumber, randomAvailability, randomPrice, randomFeature);\ncreateRoomPage.saveRoom('Rooms');\nroomsPage.verifyNewRoom(randomCategory, randomRoomNumber, randomFloorNumber, randomAvailability, randomPrice - .00 + 'kr', randomFeaturesVerify);\nroomsPage.performLogout('Login');",
              "err": {},
              "uuid": "d8d2ce83-030e-4b54-bcf9-19e428d707e2",
              "parentUUID": "6d0d29fa-eb5b-4389-a36b-3b279248c092",
              "isHook": false,
              "skipped": false
            },
            {
              "title": "Create a room without choosing a category",
              "fullTitle": "Test suite with Page-objects - Assignment02 Create a room without choosing a category",
              "timedOut": null,
              "duration": 6573,
              "state": "passed",
              "speed": "slow",
              "pass": true,
              "fail": false,
              "pending": false,
              "context": null,
              "code": "indexPage.navigateToRooms('Rooms');\nroomsPage.navigateToCreateRoom('New Room');\ncreateRoomPage.createRoom('', randomRoomNumber, randomFloorNumber, randomAvailability, randomPrice, randomFeature);\ncreateRoomPage.saveRoom('Rooms');\nroomsPage.verifyNewRoom('', randomRoomNumber, randomFloorNumber, randomAvailability, randomPrice - .00 + 'kr', randomFeaturesVerify);\nroomsPage.checkForNoCategory();\nroomsPage.performLogout('Login');",
              "err": {},
              "uuid": "7abd7237-1908-46be-a8c4-42e7bd9745c1",
              "parentUUID": "6d0d29fa-eb5b-4389-a36b-3b279248c092",
              "isHook": false,
              "skipped": false
            },
            {
              "title": "Create a room without entering a roomnumber",
              "fullTitle": "Test suite with Page-objects - Assignment02 Create a room without entering a roomnumber",
              "timedOut": null,
              "duration": 6802,
              "state": "passed",
              "speed": "slow",
              "pass": true,
              "fail": false,
              "pending": false,
              "context": null,
              "code": "indexPage.navigateToRooms('Rooms');\nroomsPage.navigateToCreateRoom('New Room');\ncreateRoomPage.createRoom(randomCategory, '', randomFloorNumber, randomAvailability, randomPrice, randomFeature);\ncreateRoomPage.saveRoom('Room number must be set');\ncreateRoomPage.performLogout('Login');",
              "err": {},
              "uuid": "18ecc48a-1cbd-4b5a-aef9-e117b28a1d7c",
              "parentUUID": "6d0d29fa-eb5b-4389-a36b-3b279248c092",
              "isHook": false,
              "skipped": false
            },
            {
              "title": "Create a room by entering a floor",
              "fullTitle": "Test suite with Page-objects - Assignment02 Create a room by entering a floor",
              "timedOut": null,
              "duration": 6459,
              "state": "passed",
              "speed": "slow",
              "pass": true,
              "fail": false,
              "pending": false,
              "context": null,
              "code": "indexPage.navigateToRooms('Rooms');\nroomsPage.navigateToCreateRoom('New Room');\ncreateRoomPage.createRoom(randomCategory, randomRoomNumber, '', randomAvailability, randomPrice, randomFeature);\ncreateRoomPage.saveRoom('Floor must be set');\ncreateRoomPage.performLogout('Login');",
              "err": {},
              "uuid": "3133ee02-58a9-4342-b0b2-703868d02e27",
              "parentUUID": "6d0d29fa-eb5b-4389-a36b-3b279248c092",
              "isHook": false,
              "skipped": false
            },
            {
              "title": "Create room without entering availability",
              "fullTitle": "Test suite with Page-objects - Assignment02 Create room without entering availability",
              "timedOut": null,
              "duration": 6651,
              "state": "passed",
              "speed": "slow",
              "pass": true,
              "fail": false,
              "pending": false,
              "context": null,
              "code": "indexPage.navigateToRooms('Rooms');\nroomsPage.navigateToCreateRoom('New Room');\ncreateRoomPage.createRoom(randomCategory, randomRoomNumber, randomFloorNumber, '', randomPrice, randomFeature);\ncreateRoomPage.saveRoom('Rooms');\nroomsPage.verifyNewRoom(randomCategory, randomRoomNumber, randomFloorNumber, '', randomPrice - .00 + 'kr', randomFeaturesVerify);\nroomsPage.checkForNoAvailability();\nroomsPage.performLogout('Login');",
              "err": {},
              "uuid": "f523885f-b116-4125-85f2-e9b27f854efe",
              "parentUUID": "6d0d29fa-eb5b-4389-a36b-3b279248c092",
              "isHook": false,
              "skipped": false
            },
            {
              "title": "Create a room without entering features",
              "fullTitle": "Test suite with Page-objects - Assignment02 Create a room without entering features",
              "timedOut": null,
              "duration": 6556,
              "state": "passed",
              "speed": "slow",
              "pass": true,
              "fail": false,
              "pending": false,
              "context": null,
              "code": "indexPage.navigateToRooms('Rooms');\nroomsPage.navigateToCreateRoom('New Room');\ncreateRoomPage.createRoom(randomCategory, randomRoomNumber, randomFloorNumber, randomAvailability, randomPrice, '');\ncreateRoomPage.saveRoom('Rooms');\nroomsPage.verifyNewRoom(randomCategory, randomRoomNumber, randomFloorNumber, randomAvailability, randomPrice - .00 + 'kr', '');\nroomsPage.checkForNoFeatures();\nroomsPage.performLogout('Login');",
              "err": {},
              "uuid": "3c4be511-8c89-4a8e-a2a1-ca9f152bb8ee",
              "parentUUID": "6d0d29fa-eb5b-4389-a36b-3b279248c092",
              "isHook": false,
              "skipped": false
            },
            {
              "title": "Create a room without entering a price",
              "fullTitle": "Test suite with Page-objects - Assignment02 Create a room without entering a price",
              "timedOut": null,
              "duration": 6177,
              "state": "passed",
              "speed": "slow",
              "pass": true,
              "fail": false,
              "pending": false,
              "context": null,
              "code": "indexPage.navigateToRooms('Rooms');\nroomsPage.navigateToCreateRoom('New Room');\ncreateRoomPage.createRoom(randomCategory, randomRoomNumber, randomFloorNumber, randomAvailability, '', randomFeature);\ncreateRoomPage.saveRoom('Price must be a whole number');\ncreateRoomPage.performLogout('Login');",
              "err": {},
              "uuid": "837f118a-5045-4c47-9ac3-56d14420f28e",
              "parentUUID": "6d0d29fa-eb5b-4389-a36b-3b279248c092",
              "isHook": false,
              "skipped": false
            },
            {
              "title": "Use the Back button on the page for creating a new room",
              "fullTitle": "Test suite with Page-objects - Assignment02 Use the Back button on the page for creating a new room",
              "timedOut": null,
              "duration": 4720,
              "state": "passed",
              "speed": "slow",
              "pass": true,
              "fail": false,
              "pending": false,
              "context": null,
              "code": "indexPage.navigateToRooms('Rooms');\nroomsPage.navigateToCreateRoom('New Room');\ncreateRoomPage.returnToRoomsPage('Rooms');\nroomsPage.performLogout('Login');",
              "err": {},
              "uuid": "8156dc69-03a8-4860-8d6d-44b8203af190",
              "parentUUID": "6d0d29fa-eb5b-4389-a36b-3b279248c092",
              "isHook": false,
              "skipped": false
            },
            {
              "title": "Return to homepage when on the page Rooms",
              "fullTitle": "Test suite with Page-objects - Assignment02 Return to homepage when on the page Rooms",
              "timedOut": null,
              "duration": 3941,
              "state": "passed",
              "speed": "slow",
              "pass": true,
              "fail": false,
              "pending": false,
              "context": null,
              "code": "indexPage.navigateToRooms('Rooms');\nroomsPage.returnToIndexPage('Tester Hotel Overview');\nindexPage.performLogout('Login');",
              "err": {},
              "uuid": "98c2d7ab-6dba-4eae-87d7-4ed3f815283f",
              "parentUUID": "6d0d29fa-eb5b-4389-a36b-3b279248c092",
              "isHook": false,
              "skipped": false
            },
            {
              "title": "Delete room on on the page Rooms",
              "fullTitle": "Test suite with Page-objects - Assignment02 Delete room on on the page Rooms",
              "timedOut": null,
              "duration": 7686,
              "state": "passed",
              "speed": "slow",
              "pass": true,
              "fail": false,
              "pending": false,
              "context": null,
              "code": "indexPage.navigateToRooms('Rooms');\nroomsPage.navigateToCreateRoom('New Room');\ncreateRoomPage.createRoom(randomCategory, randomRoomNumber, randomFloorNumber, randomAvailability, randomPrice, randomFeature);\ncreateRoomPage.saveRoom('Rooms');\nroomsPage.verifyNewRoom(randomCategory, randomRoomNumber, randomFloorNumber, randomAvailability, randomPrice - .00 + 'kr', randomFeaturesVerify);\nroomsPage.deleteRoom();\nroomsPage.performLogout('Login');",
              "err": {},
              "uuid": "0ac55655-233f-4980-ac3c-2bdafefad79b",
              "parentUUID": "6d0d29fa-eb5b-4389-a36b-3b279248c092",
              "isHook": false,
              "skipped": false
            },
            {
              "title": "Edit the category of a room",
              "fullTitle": "Test suite with Page-objects - Assignment02 Edit the category of a room",
              "timedOut": null,
              "duration": 8723,
              "state": "passed",
              "speed": "slow",
              "pass": true,
              "fail": false,
              "pending": false,
              "context": null,
              "code": "indexPage.navigateToRooms('Rooms');\nroomsPage.navigateToCreateRoom('New Room');\ncreateRoomPage.createRoom(randomCategory, randomRoomNumber, randomFloorNumber, randomAvailability, randomPrice, randomFeature);\ncreateRoomPage.saveRoom('Rooms');\nroomsPage.verifyNewRoom(randomCategory, randomRoomNumber, randomFloorNumber, randomAvailability, randomPrice - .00 + 'kr', randomFeaturesVerify);\nroomsPage.navigateToEditRoomPage('Room: ');\neditRoomPage.editCategory(randomCategoryEdit);\neditRoomPage.saveEdit('Rooms');\nroomsPage.verifyPriceEdit(randomCategoryEdit);\nroomsPage.performLogout('Login');",
              "err": {},
              "uuid": "586c00f6-f8ff-45f9-a8dd-67a64205ec3c",
              "parentUUID": "6d0d29fa-eb5b-4389-a36b-3b279248c092",
              "isHook": false,
              "skipped": false
            },
            {
              "title": "Edit the room number of a room",
              "fullTitle": "Test suite with Page-objects - Assignment02 Edit the room number of a room",
              "timedOut": null,
              "duration": 8852,
              "state": "passed",
              "speed": "slow",
              "pass": true,
              "fail": false,
              "pending": false,
              "context": null,
              "code": "indexPage.navigateToRooms('Rooms');\nroomsPage.navigateToCreateRoom('New Room');\ncreateRoomPage.createRoom(randomCategory, randomRoomNumber, randomFloorNumber, randomAvailability, randomPrice, randomFeature);\ncreateRoomPage.saveRoom('Rooms');\nroomsPage.verifyNewRoom(randomCategory, randomRoomNumber, randomFloorNumber, randomAvailability, randomPrice - .00 + 'kr', randomFeaturesVerify);\nroomsPage.navigateToEditRoomPage('Room: ');\neditRoomPage.editRoomNumber(randomRoomNumberEdit);\neditRoomPage.saveEdit('Rooms');\nroomsPage.verifyRoomNumberEdit(randomRoomNumberEdit);\nroomsPage.performLogout('Login');",
              "err": {},
              "uuid": "01e61943-cad7-49ff-8d09-15dd01c61799",
              "parentUUID": "6d0d29fa-eb5b-4389-a36b-3b279248c092",
              "isHook": false,
              "skipped": false
            },
            {
              "title": "Edit the floor number of a room",
              "fullTitle": "Test suite with Page-objects - Assignment02 Edit the floor number of a room",
              "timedOut": null,
              "duration": 9055,
              "state": "passed",
              "speed": "slow",
              "pass": true,
              "fail": false,
              "pending": false,
              "context": null,
              "code": "indexPage.navigateToRooms('Rooms');\nroomsPage.navigateToCreateRoom('New Room');\ncreateRoomPage.createRoom(randomCategory, randomRoomNumber, randomFloorNumber, randomAvailability, randomPrice, randomFeature);\ncreateRoomPage.saveRoom('Rooms');\nroomsPage.verifyNewRoom(randomCategory, randomRoomNumber, randomFloorNumber, randomAvailability, randomPrice - .00 + 'kr', randomFeaturesVerify);\nroomsPage.navigateToEditRoomPage('Room: ');\neditRoomPage.editFloorNumber(randomFloorNumberEdit);\neditRoomPage.saveEdit('Rooms');\nroomsPage.verifyFloorNumberEdit(randomFloorNumberEdit);\nroomsPage.performLogout('Login');",
              "err": {},
              "uuid": "24d1d283-d919-4289-b31f-4d0abba33566",
              "parentUUID": "6d0d29fa-eb5b-4389-a36b-3b279248c092",
              "isHook": false,
              "skipped": false
            },
            {
              "title": "Edit the availability of a room",
              "fullTitle": "Test suite with Page-objects - Assignment02 Edit the availability of a room",
              "timedOut": null,
              "duration": 8891,
              "state": "passed",
              "speed": "slow",
              "pass": true,
              "fail": false,
              "pending": false,
              "context": null,
              "code": "indexPage.navigateToRooms('Rooms');\nroomsPage.navigateToCreateRoom('New Room');\ncreateRoomPage.createRoom(randomCategory, randomRoomNumber, randomFloorNumber, randomAvailability, randomPrice, randomFeature);\ncreateRoomPage.saveRoom('Rooms');\nroomsPage.verifyNewRoom(randomCategory, randomRoomNumber, randomFloorNumber, randomAvailability, randomPrice - .00 + 'kr', randomFeaturesVerify);\nroomsPage.navigateToEditRoomPage('Room: ');\neditRoomPage.editAvailability(randomAvailability);\neditRoomPage.saveEdit('Rooms');\nroomsPage.verifyAvailabilityEdit(randomAvailability);\nroomsPage.performLogout('Login');",
              "err": {},
              "uuid": "2ccb2e0e-b945-4bb9-9346-bc1f3dfbcf56",
              "parentUUID": "6d0d29fa-eb5b-4389-a36b-3b279248c092",
              "isHook": false,
              "skipped": false
            },
            {
              "title": "Edit the price of a room",
              "fullTitle": "Test suite with Page-objects - Assignment02 Edit the price of a room",
              "timedOut": null,
              "duration": 9093,
              "state": "passed",
              "speed": "slow",
              "pass": true,
              "fail": false,
              "pending": false,
              "context": null,
              "code": "indexPage.navigateToRooms('Rooms');\nroomsPage.navigateToCreateRoom('New Room');\ncreateRoomPage.createRoom(randomCategory, randomRoomNumber, randomFloorNumber, randomAvailability, randomPrice, randomFeature);\ncreateRoomPage.saveRoom('Rooms');\nroomsPage.verifyNewRoom(randomCategory, randomRoomNumber, randomFloorNumber, randomAvailability, randomPrice - .00 + 'kr', randomFeaturesVerify);\nroomsPage.navigateToEditRoomPage('Room: ');\neditRoomPage.editPrice(randomPriceEdit);\neditRoomPage.saveEdit('Rooms');\nroomsPage.verifyPriceEdit(randomPriceEdit - .00 + 'kr');\nroomsPage.performLogout('Login');",
              "err": {},
              "uuid": "3a298267-138e-4ab5-8932-e764bfd8c897",
              "parentUUID": "6d0d29fa-eb5b-4389-a36b-3b279248c092",
              "isHook": false,
              "skipped": false
            },
            {
              "title": "Edit the feature of a room",
              "fullTitle": "Test suite with Page-objects - Assignment02 Edit the feature of a room",
              "timedOut": null,
              "duration": 9031,
              "state": "passed",
              "speed": "slow",
              "pass": true,
              "fail": false,
              "pending": false,
              "context": null,
              "code": "indexPage.navigateToRooms('Rooms');\nroomsPage.navigateToCreateRoom('New Room');\ncreateRoomPage.createRoom(randomCategory, randomRoomNumber, randomFloorNumber, randomAvailability, randomPrice, randomFeature);\ncreateRoomPage.saveRoom('Rooms');\nroomsPage.verifyNewRoom(randomCategory, randomRoomNumber, randomFloorNumber, randomAvailability, randomPrice - .00 + 'kr', randomFeaturesVerify);\nroomsPage.navigateToEditRoomPage('Room: ');\neditRoomPage.editFeatures(randomFeatureEdit);\neditRoomPage.saveEdit('Rooms');\nroomsPage.verifyFeatureEdit(randomFeaturesVerifyEdit);\nroomsPage.performLogout('Login');",
              "err": {},
              "uuid": "2d90c7ee-e79d-40ea-acb7-3330d6564b66",
              "parentUUID": "6d0d29fa-eb5b-4389-a36b-3b279248c092",
              "isHook": false,
              "skipped": false
            }
          ],
          "suites": [],
          "passes": [
            "9ff462da-302c-4bc2-95b2-85956c36e112",
            "d8d2ce83-030e-4b54-bcf9-19e428d707e2",
            "7abd7237-1908-46be-a8c4-42e7bd9745c1",
            "18ecc48a-1cbd-4b5a-aef9-e117b28a1d7c",
            "3133ee02-58a9-4342-b0b2-703868d02e27",
            "f523885f-b116-4125-85f2-e9b27f854efe",
            "3c4be511-8c89-4a8e-a2a1-ca9f152bb8ee",
            "837f118a-5045-4c47-9ac3-56d14420f28e",
            "8156dc69-03a8-4860-8d6d-44b8203af190",
            "98c2d7ab-6dba-4eae-87d7-4ed3f815283f",
            "0ac55655-233f-4980-ac3c-2bdafefad79b",
            "586c00f6-f8ff-45f9-a8dd-67a64205ec3c",
            "01e61943-cad7-49ff-8d09-15dd01c61799",
            "24d1d283-d919-4289-b31f-4d0abba33566",
            "2ccb2e0e-b945-4bb9-9346-bc1f3dfbcf56",
            "3a298267-138e-4ab5-8932-e764bfd8c897",
            "2d90c7ee-e79d-40ea-acb7-3330d6564b66"
          ],
          "failures": [],
          "pending": [],
          "skipped": [],
          "duration": 121200,
          "root": false,
          "rootEmpty": false,
          "_timeout": 2000
        }
      ],
      "passes": [],
      "failures": [],
      "pending": [],
      "skipped": [],
      "duration": 0,
      "root": true,
      "rootEmpty": true,
      "_timeout": 2000
    }
  ],
  "meta": {
    "mocha": {
      "version": "7.0.1"
    },
    "mochawesome": {
      "options": {
        "quiet": false,
        "reportFilename": "mochawesome",
        "saveHtml": false,
        "saveJson": true,
        "consoleReporter": "spec",
        "useInlineDiffs": false,
        "code": true
      },
      "version": "6.2.2"
    },
    "marge": {
      "options": {
        "reportDir": "cypress/results",
        "overwrite": false,
        "html": false,
        "json": true
      },
      "version": "5.2.0"
    }
  }
}