{
  "stats": {
    "suites": 1,
    "tests": 6,
    "passes": 6,
    "pending": 0,
    "failures": 0,
    "start": "2021-04-28T12:03:23.943Z",
    "end": "2021-04-28T12:03:38.083Z",
    "duration": 14140,
    "testsRegistered": 6,
    "passPercent": 100,
    "pendingPercent": 0,
    "other": 0,
    "hasOther": false,
    "skipped": 0,
    "hasSkipped": false
  },
  "results": [
    {
      "uuid": "2441f9a3-01a0-4ab2-ab7b-03c699de372d",
      "title": "",
      "fullFile": "cypress/integration/extra-test-suites/extra-test-suite-login.spec.js",
      "file": "cypress/integration/extra-test-suites/extra-test-suite-login.spec.js",
      "beforeHooks": [],
      "afterHooks": [],
      "tests": [],
      "suites": [
        {
          "uuid": "822f3937-a95d-49ad-87b9-4307f4c987d1",
          "title": "Test suite with Page-objects - Login",
          "fullFile": "",
          "file": "",
          "beforeHooks": [],
          "afterHooks": [],
          "tests": [
            {
              "title": "Perform login with valid credentials",
              "fullTitle": "Test suite with Page-objects - Login Perform login with valid credentials",
              "timedOut": null,
              "duration": 2796,
              "state": "passed",
              "speed": "slow",
              "pass": true,
              "fail": false,
              "pending": false,
              "context": null,
              "code": "loginPage.checkLoginPageTitle();\nloginPage.performValidLogin('tester01', 'GteteqbQQgSr88SwNExUQv2ydb7xuf8c', 'Tester Hotel Overview');\nindexPage.performLogout('Login');",
              "err": {},
              "uuid": "cd2fc43b-b488-4bf2-a7d3-a22facedb669",
              "parentUUID": "822f3937-a95d-49ad-87b9-4307f4c987d1",
              "isHook": false,
              "skipped": false
            },
            {
              "title": "Perform login with invalid credentials",
              "fullTitle": "Test suite with Page-objects - Login Perform login with invalid credentials",
              "timedOut": null,
              "duration": 1896,
              "state": "passed",
              "speed": "slow",
              "pass": true,
              "fail": false,
              "pending": false,
              "context": null,
              "code": "loginPage.checkLoginPageTitle();\nloginPage.performInvalidLogin(randomUsername, randomPassword, 'Bad username or password');",
              "err": {},
              "uuid": "b1ab312b-40d7-416b-88ca-1583b7e1a48b",
              "parentUUID": "822f3937-a95d-49ad-87b9-4307f4c987d1",
              "isHook": false,
              "skipped": false
            },
            {
              "title": "Perform login with invalid username",
              "fullTitle": "Test suite with Page-objects - Login Perform login with invalid username",
              "timedOut": null,
              "duration": 1956,
              "state": "passed",
              "speed": "slow",
              "pass": true,
              "fail": false,
              "pending": false,
              "context": null,
              "code": "loginPage.checkLoginPageTitle();\nloginPage.performInvalidLogin(randomUsername, 'hello123', 'Bad username or password');",
              "err": {},
              "uuid": "090d9159-505a-4059-a76c-27ba0854430a",
              "parentUUID": "822f3937-a95d-49ad-87b9-4307f4c987d1",
              "isHook": false,
              "skipped": false
            },
            {
              "title": "Perform login with invalid password",
              "fullTitle": "Test suite with Page-objects - Login Perform login with invalid password",
              "timedOut": null,
              "duration": 1886,
              "state": "passed",
              "speed": "slow",
              "pass": true,
              "fail": false,
              "pending": false,
              "context": null,
              "code": "loginPage.checkLoginPageTitle();\nloginPage.performInvalidLogin('tester01', randomPassword, 'Bad username or password');",
              "err": {},
              "uuid": "52a788a8-1acf-4f2a-b77a-393b26b37f1e",
              "parentUUID": "822f3937-a95d-49ad-87b9-4307f4c987d1",
              "isHook": false,
              "skipped": false
            },
            {
              "title": "Perform login without entering username",
              "fullTitle": "Test suite with Page-objects - Login Perform login without entering username",
              "timedOut": null,
              "duration": 1642,
              "state": "passed",
              "speed": "slow",
              "pass": true,
              "fail": false,
              "pending": false,
              "context": null,
              "code": "loginPage.checkLoginPageTitle();\nloginPage.performLoginNoUsername('GteteqbQQgSr88SwNExUQv2ydb7xuf8c', 'Bad username or password');",
              "err": {},
              "uuid": "d13031f6-1ae6-4db4-925c-37e03e4b7802",
              "parentUUID": "822f3937-a95d-49ad-87b9-4307f4c987d1",
              "isHook": false,
              "skipped": false
            },
            {
              "title": "Perform login without entering password",
              "fullTitle": "Test suite with Page-objects - Login Perform login without entering password",
              "timedOut": null,
              "duration": 1320,
              "state": "passed",
              "speed": "slow",
              "pass": true,
              "fail": false,
              "pending": false,
              "context": null,
              "code": "loginPage.checkLoginPageTitle();\nloginPage.performLoginNoPassword('tester01', 'Bad username or password');",
              "err": {},
              "uuid": "9bdde3bc-0262-4c42-989c-f3d1e9339bb9",
              "parentUUID": "822f3937-a95d-49ad-87b9-4307f4c987d1",
              "isHook": false,
              "skipped": false
            }
          ],
          "suites": [],
          "passes": [
            "cd2fc43b-b488-4bf2-a7d3-a22facedb669",
            "b1ab312b-40d7-416b-88ca-1583b7e1a48b",
            "090d9159-505a-4059-a76c-27ba0854430a",
            "52a788a8-1acf-4f2a-b77a-393b26b37f1e",
            "d13031f6-1ae6-4db4-925c-37e03e4b7802",
            "9bdde3bc-0262-4c42-989c-f3d1e9339bb9"
          ],
          "failures": [],
          "pending": [],
          "skipped": [],
          "duration": 11496,
          "root": false,
          "rootEmpty": false,
          "_timeout": 2000
        }
      ],
      "passes": [],
      "failures": [],
      "pending": [],
      "skipped": [],
      "duration": 0,
      "root": true,
      "rootEmpty": true,
      "_timeout": 2000
    }
  ],
  "meta": {
    "mocha": {
      "version": "7.0.1"
    },
    "mochawesome": {
      "options": {
        "quiet": false,
        "reportFilename": "mochawesome",
        "saveHtml": false,
        "saveJson": true,
        "consoleReporter": "spec",
        "useInlineDiffs": false,
        "code": true
      },
      "version": "6.2.2"
    },
    "marge": {
      "options": {
        "reportDir": "cypress/results",
        "overwrite": false,
        "html": false,
        "json": true
      },
      "version": "5.2.0"
    }
  }
}