{
  "stats": {
    "suites": 1,
    "tests": 9,
    "passes": 9,
    "pending": 0,
    "failures": 0,
    "start": "2021-04-28T12:01:49.433Z",
    "end": "2021-04-28T12:02:56.266Z",
    "duration": 66833,
    "testsRegistered": 9,
    "passPercent": 100,
    "pendingPercent": 0,
    "other": 0,
    "hasOther": false,
    "skipped": 0,
    "hasSkipped": false
  },
  "results": [
    {
      "uuid": "f7f809ed-0da9-49cc-a773-dd0f02cd6836",
      "title": "",
      "fullFile": "cypress/integration/extra-test-suites/extra-test-suite-clients.spec.js",
      "file": "cypress/integration/extra-test-suites/extra-test-suite-clients.spec.js",
      "beforeHooks": [],
      "afterHooks": [],
      "tests": [],
      "suites": [
        {
          "uuid": "fdd119d1-aa71-4dd0-a670-a33872800b60",
          "title": "Extra test suite with Page-objects - Clients",
          "fullFile": "",
          "file": "",
          "beforeHooks": [],
          "afterHooks": [],
          "tests": [
            {
              "title": "View Clients",
              "fullTitle": "Extra test suite with Page-objects - Clients View Clients",
              "timedOut": null,
              "duration": 3894,
              "state": "passed",
              "speed": "slow",
              "pass": true,
              "fail": false,
              "pending": false,
              "context": null,
              "code": "indexPage.navigateToClients('Clients');\nclientsPage.performLogout('Login');",
              "err": {},
              "uuid": "c2a7b480-7f2c-4da7-b83a-1ef25a762075",
              "parentUUID": "fdd119d1-aa71-4dd0-a670-a33872800b60",
              "isHook": false,
              "skipped": false
            },
            {
              "title": "Create a new client by using valid input in all fields",
              "fullTitle": "Extra test suite with Page-objects - Clients Create a new client by using valid input in all fields",
              "timedOut": null,
              "duration": 6624,
              "state": "passed",
              "speed": "slow",
              "pass": true,
              "fail": false,
              "pending": false,
              "context": null,
              "code": "indexPage.navigateToClients('Clients');\nclientsPage.navigateToCreateClientPage('New Client');\ncreateClientPage.createClient(randomName1, randomEmail1, randomTelephone1);\ncreateClientPage.saveClient('Clients');\nclientsPage.verifyNewClient(randomName1, randomEmail1, randomTelephone1);\nclientsPage.performLogout('Login');",
              "err": {},
              "uuid": "af64fbf6-c12b-49ac-b78a-b864ffdbe0a1",
              "parentUUID": "fdd119d1-aa71-4dd0-a670-a33872800b60",
              "isHook": false,
              "skipped": false
            },
            {
              "title": "Return to indexpage when creating a client",
              "fullTitle": "Extra test suite with Page-objects - Clients Return to indexpage when creating a client",
              "timedOut": null,
              "duration": 5505,
              "state": "passed",
              "speed": "slow",
              "pass": true,
              "fail": false,
              "pending": false,
              "context": null,
              "code": "indexPage.navigateToClients('Clients');\nclientsPage.navigateToCreateClientPage('New Client');\ncreateClientPage.returnToClientsPage('Clients');\nclientsPage.returnToIndexPage('Tester Hotel Overview');\nindexPage.performLogout('Login');",
              "err": {},
              "uuid": "e0ffb799-1ef1-4031-8c87-4d6198730751",
              "parentUUID": "fdd119d1-aa71-4dd0-a670-a33872800b60",
              "isHook": false,
              "skipped": false
            },
            {
              "title": "Return to indexpage when on Clients page",
              "fullTitle": "Extra test suite with Page-objects - Clients Return to indexpage when on Clients page",
              "timedOut": null,
              "duration": 4037,
              "state": "passed",
              "speed": "slow",
              "pass": true,
              "fail": false,
              "pending": false,
              "context": null,
              "code": "indexPage.navigateToClients('Clients');\nclientsPage.returnToIndexPage('Tester Hotel Overview');\nindexPage.performLogout('Login');",
              "err": {},
              "uuid": "5a5db6c5-5bce-414d-a8d0-016ffcd331ce",
              "parentUUID": "fdd119d1-aa71-4dd0-a670-a33872800b60",
              "isHook": false,
              "skipped": false
            },
            {
              "title": "Return to indexpage when editing a client",
              "fullTitle": "Extra test suite with Page-objects - Clients Return to indexpage when editing a client",
              "timedOut": null,
              "duration": 8894,
              "state": "passed",
              "speed": "slow",
              "pass": true,
              "fail": false,
              "pending": false,
              "context": null,
              "code": "indexPage.navigateToClients('Clients');\nclientsPage.navigateToCreateClientPage('New Client');\ncreateClientPage.createClient(randomName1, randomEmail1, randomTelephone1);\ncreateClientPage.saveClient('Clients');\nclientsPage.verifyNewClient(randomName1, randomEmail1, randomTelephone1);\nclientsPage.navigateToEditClientPage('Client: ');\neditClientPage.returnToClientsPage('Clients');\nclientsPage.returnToIndexPage('Tester Hotel Overview');\nindexPage.performLogout('Login');",
              "err": {},
              "uuid": "a07e6863-6250-4b2e-8ef4-e2be1efa2cda",
              "parentUUID": "fdd119d1-aa71-4dd0-a670-a33872800b60",
              "isHook": false,
              "skipped": false
            },
            {
              "title": "Delete client on edit clients page",
              "fullTitle": "Extra test suite with Page-objects - Clients Delete client on edit clients page",
              "timedOut": null,
              "duration": 8032,
              "state": "passed",
              "speed": "slow",
              "pass": true,
              "fail": false,
              "pending": false,
              "context": null,
              "code": "indexPage.navigateToClients('Clients');\nclientsPage.navigateToCreateClientPage('New Client');\ncreateClientPage.createClient(randomName1, randomEmail1, randomTelephone1);\ncreateClientPage.saveClient('Clients');\nclientsPage.verifyNewClient(randomName1, randomEmail1, randomTelephone1);\nclientsPage.navigateToEditClientPage('Client: ');\neditClientPage.deleteClient('Clients');\nclientsPage.performLogout('Login');",
              "err": {},
              "uuid": "ed6b1ff8-d88f-415b-88a3-41d70833b1fa",
              "parentUUID": "fdd119d1-aa71-4dd0-a670-a33872800b60",
              "isHook": false,
              "skipped": false
            },
            {
              "title": "Edit clients Name",
              "fullTitle": "Extra test suite with Page-objects - Clients Edit clients Name",
              "timedOut": null,
              "duration": 8655,
              "state": "passed",
              "speed": "slow",
              "pass": true,
              "fail": false,
              "pending": false,
              "context": null,
              "code": "indexPage.navigateToClients('Clients');\nclientsPage.navigateToCreateClientPage('New Client');\ncreateClientPage.createClient(randomName1, randomEmail1, randomTelephone1);\ncreateClientPage.saveClient('Clients');\nclientsPage.verifyNewClient(randomName1, randomEmail1, randomTelephone1);\nclientsPage.navigateToEditClientPage('Client: ');\neditClientPage.editName(randomName2);\neditClientPage.saveClient('Clients');\nclientsPage.verifyNameEdit(randomName2);\nclientsPage.performLogout('Login');",
              "err": {},
              "uuid": "e78c020f-e5ff-4a23-a359-77a4be76d8fe",
              "parentUUID": "fdd119d1-aa71-4dd0-a670-a33872800b60",
              "isHook": false,
              "skipped": false
            },
            {
              "title": "Edit clients Email",
              "fullTitle": "Extra test suite with Page-objects - Clients Edit clients Email",
              "timedOut": null,
              "duration": 8829,
              "state": "passed",
              "speed": "slow",
              "pass": true,
              "fail": false,
              "pending": false,
              "context": null,
              "code": "indexPage.navigateToClients('Clients');\nclientsPage.navigateToCreateClientPage('New Client');\ncreateClientPage.createClient(randomName1, randomEmail1, randomTelephone1);\ncreateClientPage.saveClient('Clients');\nclientsPage.verifyNewClient(randomName1, randomEmail1, randomTelephone1);\nclientsPage.navigateToEditClientPage('Client: ');\neditClientPage.editEmail(randomEmail2);\neditClientPage.saveClient('Clients');\nclientsPage.verifyEmailEdit(randomEmail2);\nclientsPage.performLogout('Login');",
              "err": {},
              "uuid": "9b97c55c-7aa6-48fc-b8e0-cbfe52c21d31",
              "parentUUID": "fdd119d1-aa71-4dd0-a670-a33872800b60",
              "isHook": false,
              "skipped": false
            },
            {
              "title": "Edit clients Telephone",
              "fullTitle": "Extra test suite with Page-objects - Clients Edit clients Telephone",
              "timedOut": null,
              "duration": 8852,
              "state": "passed",
              "speed": "slow",
              "pass": true,
              "fail": false,
              "pending": false,
              "context": null,
              "code": "indexPage.navigateToClients('Clients');\nclientsPage.navigateToCreateClientPage('New Client');\ncreateClientPage.createClient(randomName1, randomEmail1, randomTelephone1);\ncreateClientPage.saveClient('Clients');\nclientsPage.verifyNewClient(randomName1, randomEmail1, randomTelephone1);\nclientsPage.navigateToEditClientPage('Client: ');\neditClientPage.editTelephone(randomTelephone2);\neditClientPage.saveClient('Clients');\nclientsPage.verifyTelephoneEdit(randomTelephone2);\nclientsPage.performLogout('Login');",
              "err": {},
              "uuid": "d92d563a-186c-4cc8-8cf8-056e1b174e21",
              "parentUUID": "fdd119d1-aa71-4dd0-a670-a33872800b60",
              "isHook": false,
              "skipped": false
            }
          ],
          "suites": [],
          "passes": [
            "c2a7b480-7f2c-4da7-b83a-1ef25a762075",
            "af64fbf6-c12b-49ac-b78a-b864ffdbe0a1",
            "e0ffb799-1ef1-4031-8c87-4d6198730751",
            "5a5db6c5-5bce-414d-a8d0-016ffcd331ce",
            "a07e6863-6250-4b2e-8ef4-e2be1efa2cda",
            "ed6b1ff8-d88f-415b-88a3-41d70833b1fa",
            "e78c020f-e5ff-4a23-a359-77a4be76d8fe",
            "9b97c55c-7aa6-48fc-b8e0-cbfe52c21d31",
            "d92d563a-186c-4cc8-8cf8-056e1b174e21"
          ],
          "failures": [],
          "pending": [],
          "skipped": [],
          "duration": 63322,
          "root": false,
          "rootEmpty": false,
          "_timeout": 2000
        }
      ],
      "passes": [],
      "failures": [],
      "pending": [],
      "skipped": [],
      "duration": 0,
      "root": true,
      "rootEmpty": true,
      "_timeout": 2000
    }
  ],
  "meta": {
    "mocha": {
      "version": "7.0.1"
    },
    "mochawesome": {
      "options": {
        "quiet": false,
        "reportFilename": "mochawesome",
        "saveHtml": false,
        "saveJson": true,
        "consoleReporter": "spec",
        "useInlineDiffs": false,
        "code": true
      },
      "version": "6.2.2"
    },
    "marge": {
      "options": {
        "reportDir": "cypress/results",
        "overwrite": false,
        "html": false,
        "json": true
      },
      "version": "5.2.0"
    }
  }
}