{
  "stats": {
    "suites": 1,
    "tests": 5,
    "passes": 1,
    "pending": 0,
    "failures": 4,
    "start": "2021-04-23T09:00:14.640Z",
    "end": "2021-04-23T09:00:37.132Z",
    "duration": 22492,
    "testsRegistered": 5,
    "passPercent": 20,
    "pendingPercent": 0,
    "other": 0,
    "hasOther": false,
    "skipped": 0,
    "hasSkipped": false
  },
  "results": [
    {
      "uuid": "28950708-667d-4d0c-be87-47539ccd92fa",
      "title": "",
      "fullFile": "cypress/integration/extra test suites/extra-test-suite-bills.spec.js",
      "file": "cypress/integration/extra test suites/extra-test-suite-bills.spec.js",
      "beforeHooks": [],
      "afterHooks": [],
      "tests": [],
      "suites": [
        {
          "uuid": "6acf1ae2-0dfb-468f-9413-b16c9219c222",
          "title": "Extra test suite with Page-objects - Bills",
          "fullFile": "",
          "file": "",
          "beforeHooks": [],
          "afterHooks": [],
          "tests": [
            {
              "title": "View Bills",
              "fullTitle": "Extra test suite with Page-objects - Bills View Bills",
              "timedOut": null,
              "duration": 2835,
              "state": "passed",
              "speed": "slow",
              "pass": true,
              "fail": false,
              "pending": false,
              "context": null,
              "code": "indexPage.navigateToBills('Bills');\nbillsPage.performLogout('Login');",
              "err": {},
              "uuid": "3efbcc1c-0994-425f-af70-dfae9e49dd56",
              "parentUUID": "6acf1ae2-0dfb-468f-9413-b16c9219c222",
              "isHook": false,
              "skipped": false
            },
            {
              "title": "Create a new bill by using valid input in all fields",
              "fullTitle": "Extra test suite with Page-objects - Bills Create a new bill by using valid input in all fields",
              "timedOut": null,
              "duration": 5202,
              "state": "failed",
              "speed": null,
              "pass": false,
              "fail": true,
              "pending": false,
              "context": null,
              "code": "indexPage.navigateToBills('Bills');\nbillsPage.navigateToCreateBillPage('New Bill');\ncreateBillPage.addValue('1000kr');\ncreateBillPage.addAsPaid();\ncreateBillPage.saveBill('Bills');\nbillsPage.verifyLastBill('1000kr', 'Yes');\nbillsPage.performLogout('Login');",
              "err": {
                "message": "AssertionError: object tested must be an array, a map, an object, a set, a string, or a weakset, but undefined given",
                "estack": "AssertionError: object tested must be an array, a map, an object, a set, a string, or a weakset, but undefined given\n    at Object.verifyLastBill (http://localhost:3000/__cypress/tests?p=cypress/integration/extra%20test%20suites/extra-test-suite-bills.spec.js:324:16)\n    at Context.eval (http://localhost:3000/__cypress/tests?p=cypress/integration/extra%20test%20suites/extra-test-suite-bills.spec.js:226:15)",
                "diff": null
              },
              "uuid": "df32d4fa-b8c3-461f-9bdf-094ce7fbbbdc",
              "parentUUID": "6acf1ae2-0dfb-468f-9413-b16c9219c222",
              "isHook": false,
              "skipped": false
            },
            {
              "title": "Delete bill on bills page",
              "fullTitle": "Extra test suite with Page-objects - Bills Delete bill on bills page",
              "timedOut": null,
              "duration": 4230,
              "state": "failed",
              "speed": null,
              "pass": false,
              "fail": true,
              "pending": false,
              "context": null,
              "code": "indexPage.navigateToBills('Bills');\nbillsPage.navigateToCreateBillPage('New Bill');\ncreateBillPage.addValue('1000kr');\ncreateBillPage.addAsPaid();\ncreateBillPage.saveBill('Bills');\nbillsPage.verifyLastBill('1000kr', 'Yes');\nbillsPage.deleteBill('Bills');\nbillsPage.performLogout('Login');",
              "err": {
                "message": "AssertionError: object tested must be an array, a map, an object, a set, a string, or a weakset, but undefined given",
                "estack": "AssertionError: object tested must be an array, a map, an object, a set, a string, or a weakset, but undefined given\n    at Object.verifyLastBill (http://localhost:3000/__cypress/tests?p=cypress/integration/extra%20test%20suites/extra-test-suite-bills.spec.js:324:16)\n    at Context.eval (http://localhost:3000/__cypress/tests?p=cypress/integration/extra%20test%20suites/extra-test-suite-bills.spec.js:235:15)",
                "diff": null
              },
              "uuid": "0ed3ff2b-7cb1-4882-9c5f-71ee621eae50",
              "parentUUID": "6acf1ae2-0dfb-468f-9413-b16c9219c222",
              "isHook": false,
              "skipped": false
            },
            {
              "title": "Edit bill",
              "fullTitle": "Extra test suite with Page-objects - Bills Edit bill",
              "timedOut": null,
              "duration": 4173,
              "state": "failed",
              "speed": null,
              "pass": false,
              "fail": true,
              "pending": false,
              "context": null,
              "code": "indexPage.navigateToBills('Bills');\nbillsPage.navigateToCreateBillPage('New Bill');\ncreateBillPage.addValue('1000kr');\ncreateBillPage.addAsPaid();\ncreateBillPage.saveBill('Bills');\nbillsPage.verifyLastBill('1000kr', 'Yes');\nbillsPage.navigateToEditBillPage('Bill: ');\neditBillPage.editValue('500kr');\neditBillPage.editPaid();\neditBillPage.saveBill('Bills');\nbillsPage.verifyLastBill('500kr', 'No');\nbillsPage.performLogout('Login');",
              "err": {
                "message": "AssertionError: object tested must be an array, a map, an object, a set, a string, or a weakset, but undefined given",
                "estack": "AssertionError: object tested must be an array, a map, an object, a set, a string, or a weakset, but undefined given\n    at Object.verifyLastBill (http://localhost:3000/__cypress/tests?p=cypress/integration/extra%20test%20suites/extra-test-suite-bills.spec.js:324:16)\n    at Context.eval (http://localhost:3000/__cypress/tests?p=cypress/integration/extra%20test%20suites/extra-test-suite-bills.spec.js:245:15)",
                "diff": null
              },
              "uuid": "ec57cce2-6091-446f-8058-8dcd5437b3c8",
              "parentUUID": "6acf1ae2-0dfb-468f-9413-b16c9219c222",
              "isHook": false,
              "skipped": false
            },
            {
              "title": "Delete bill on edit bill page",
              "fullTitle": "Extra test suite with Page-objects - Bills Delete bill on edit bill page",
              "timedOut": null,
              "duration": 4106,
              "state": "failed",
              "speed": null,
              "pass": false,
              "fail": true,
              "pending": false,
              "context": null,
              "code": "indexPage.navigateToBills('Bills');\nbillsPage.navigateToCreateBillPage('New Bill');\ncreateBillPage.addValue('1000kr');\ncreateBillPage.addAsPaid();\ncreateBillPage.saveBill('Bills');\nbillsPage.verifyLastBill('1000kr', 'Yes');\nbillsPage.navigateToEditBillPage('Bill: ');\neditBillPage.deleteBill('Bills');\nbillsPage.performLogout('Login');",
              "err": {
                "message": "AssertionError: object tested must be an array, a map, an object, a set, a string, or a weakset, but undefined given",
                "estack": "AssertionError: object tested must be an array, a map, an object, a set, a string, or a weakset, but undefined given\n    at Object.verifyLastBill (http://localhost:3000/__cypress/tests?p=cypress/integration/extra%20test%20suites/extra-test-suite-bills.spec.js:324:16)\n    at Context.eval (http://localhost:3000/__cypress/tests?p=cypress/integration/extra%20test%20suites/extra-test-suite-bills.spec.js:259:15)",
                "diff": null
              },
              "uuid": "b96f0418-05a3-4492-b9d6-119a6977f75e",
              "parentUUID": "6acf1ae2-0dfb-468f-9413-b16c9219c222",
              "isHook": false,
              "skipped": false
            }
          ],
          "suites": [],
          "passes": [
            "3efbcc1c-0994-425f-af70-dfae9e49dd56"
          ],
          "failures": [
            "df32d4fa-b8c3-461f-9bdf-094ce7fbbbdc",
            "0ed3ff2b-7cb1-4882-9c5f-71ee621eae50",
            "ec57cce2-6091-446f-8058-8dcd5437b3c8",
            "b96f0418-05a3-4492-b9d6-119a6977f75e"
          ],
          "pending": [],
          "skipped": [],
          "duration": 20546,
          "root": false,
          "rootEmpty": false,
          "_timeout": 2000
        }
      ],
      "passes": [],
      "failures": [],
      "pending": [],
      "skipped": [],
      "duration": 0,
      "root": true,
      "rootEmpty": true,
      "_timeout": 2000
    }
  ],
  "meta": {
    "mocha": {
      "version": "7.0.1"
    },
    "mochawesome": {
      "options": {
        "quiet": false,
        "reportFilename": "mochawesome",
        "saveHtml": false,
        "saveJson": true,
        "consoleReporter": "spec",
        "useInlineDiffs": false,
        "code": true
      },
      "version": "6.2.2"
    },
    "marge": {
      "options": {
        "reportDir": "cypress/results",
        "overwrite": false,
        "html": false,
        "json": true
      },
      "version": "5.2.0"
    }
  }
}