{
  "stats": {
    "suites": 1,
    "tests": 10,
    "passes": 10,
    "pending": 0,
    "failures": 0,
    "start": "2021-04-23T09:29:07.004Z",
    "end": "2021-04-23T09:29:45.024Z",
    "duration": 38020,
    "testsRegistered": 10,
    "passPercent": 100,
    "pendingPercent": 0,
    "other": 0,
    "hasOther": false,
    "skipped": 0,
    "hasSkipped": false
  },
  "results": [
    {
      "uuid": "5f961c7a-d1ad-495b-813c-a8cd4486e298",
      "title": "",
      "fullFile": "cypress/integration/test-suite-rooms.spec.js",
      "file": "cypress/integration/test-suite-rooms.spec.js",
      "beforeHooks": [],
      "afterHooks": [],
      "tests": [],
      "suites": [
        {
          "uuid": "2b6ef758-f76d-4b26-8df9-53a6dedd5900",
          "title": "Test suite with Page-objects - Rooms",
          "fullFile": "",
          "file": "",
          "beforeHooks": [],
          "afterHooks": [],
          "tests": [
            {
              "title": "View Rooms",
              "fullTitle": "Test suite with Page-objects - Rooms View Rooms",
              "timedOut": null,
              "duration": 3042,
              "state": "passed",
              "speed": "slow",
              "pass": true,
              "fail": false,
              "pending": false,
              "context": null,
              "code": "indexPage.navigateToRooms('Rooms');\nroomsPage.performLogout('Login');",
              "err": {},
              "uuid": "ca09cb9f-4306-4007-9d1b-59e26b8bf9aa",
              "parentUUID": "2b6ef758-f76d-4b26-8df9-53a6dedd5900",
              "isHook": false,
              "skipped": false
            },
            {
              "title": "Create a room by entering valid input in all fields",
              "fullTitle": "Test suite with Page-objects - Rooms Create a room by entering valid input in all fields",
              "timedOut": null,
              "duration": 4586,
              "state": "passed",
              "speed": "slow",
              "pass": true,
              "fail": false,
              "pending": false,
              "context": null,
              "code": "indexPage.navigateToRooms('Rooms');\nroomsPage.navigateToCreateRoom('New Room');\ncreateRoomPage.chooseCategory('double');\ncreateRoomPage.addRoomNumber('103');\ncreateRoomPage.addFloorNumber('1');\ncreateRoomPage.chooseAsAvailable();\ncreateRoomPage.addPrice('1500kr');\ncreateRoomPage.chooseFeatures('Balcony');\ncreateRoomPage.saveRoom('Rooms');\nroomsPage.verifyLastRoom('1', '103', 'double', 'true', '1500kr', 'balcony');\nroomsPage.performLogout('Login');",
              "err": {},
              "uuid": "cdf7a345-fc57-469b-b68c-a41b705fb5af",
              "parentUUID": "2b6ef758-f76d-4b26-8df9-53a6dedd5900",
              "isHook": false,
              "skipped": false
            },
            {
              "title": "Create a room without choosing a category",
              "fullTitle": "Test suite with Page-objects - Rooms Create a room without choosing a category",
              "timedOut": null,
              "duration": 4189,
              "state": "passed",
              "speed": "slow",
              "pass": true,
              "fail": false,
              "pending": false,
              "context": null,
              "code": "indexPage.navigateToRooms('Rooms');\nroomsPage.navigateToCreateRoom('New Room');\ncreateRoomPage.addRoomNumber('103');\ncreateRoomPage.addFloorNumber('1');\ncreateRoomPage.chooseAsAvailable();\ncreateRoomPage.addPrice('1500kr');\ncreateRoomPage.chooseFeatures('Balcony');\ncreateRoomPage.saveRoom('Rooms');\nroomsPage.verifyLastRoom('1', '103', '', 'true', '1500kr', 'balcony');\nroomsPage.checkForNoCategory();\nroomsPage.performLogout('Login');",
              "err": {},
              "uuid": "8da3f583-ead9-493d-821b-99f76ea6cde2",
              "parentUUID": "2b6ef758-f76d-4b26-8df9-53a6dedd5900",
              "isHook": false,
              "skipped": false
            },
            {
              "title": "Create a room without entering a roomnumber",
              "fullTitle": "Test suite with Page-objects - Rooms Create a room without entering a roomnumber",
              "timedOut": null,
              "duration": 3533,
              "state": "passed",
              "speed": "slow",
              "pass": true,
              "fail": false,
              "pending": false,
              "context": null,
              "code": "indexPage.navigateToRooms('Rooms');\nroomsPage.navigateToCreateRoom('New Room');\ncreateRoomPage.chooseCategory('double');\ncreateRoomPage.addFloorNumber('1');\ncreateRoomPage.chooseAsAvailable();\ncreateRoomPage.addPrice('1500kr');\ncreateRoomPage.chooseFeatures('Balcony');\ncreateRoomPage.saveRoom('Room number must be set');\ncreateRoomPage.performLogout('Login');",
              "err": {},
              "uuid": "8a4797aa-f20f-47be-aa9b-9b93e0f92a80",
              "parentUUID": "2b6ef758-f76d-4b26-8df9-53a6dedd5900",
              "isHook": false,
              "skipped": false
            },
            {
              "title": "Create a room by entering a floor",
              "fullTitle": "Test suite with Page-objects - Rooms Create a room by entering a floor",
              "timedOut": null,
              "duration": 3982,
              "state": "passed",
              "speed": "slow",
              "pass": true,
              "fail": false,
              "pending": false,
              "context": null,
              "code": "indexPage.navigateToRooms('Rooms');\nroomsPage.navigateToCreateRoom('New Room');\ncreateRoomPage.chooseCategory('double');\ncreateRoomPage.addRoomNumber('103');\ncreateRoomPage.chooseAsAvailable();\ncreateRoomPage.addPrice('1500kr');\ncreateRoomPage.chooseFeatures('Balcony');\ncreateRoomPage.saveRoom('Floor must be set');\ncreateRoomPage.performLogout('Login');",
              "err": {},
              "uuid": "3d007d1f-e041-4962-a179-e49527412c63",
              "parentUUID": "2b6ef758-f76d-4b26-8df9-53a6dedd5900",
              "isHook": false,
              "skipped": false
            },
            {
              "title": "Create room without entering availability",
              "fullTitle": "Test suite with Page-objects - Rooms Create room without entering availability",
              "timedOut": null,
              "duration": 4223,
              "state": "passed",
              "speed": "slow",
              "pass": true,
              "fail": false,
              "pending": false,
              "context": null,
              "code": "indexPage.navigateToRooms('Rooms');\nroomsPage.navigateToCreateRoom('New Room');\ncreateRoomPage.chooseCategory('double');\ncreateRoomPage.addRoomNumber('103');\ncreateRoomPage.addFloorNumber('1');\ncreateRoomPage.addPrice('1500kr');\ncreateRoomPage.chooseFeatures('Balcony');\ncreateRoomPage.saveRoom('Rooms');\nroomsPage.verifyLastRoom('1', '103', 'double', '', '1500kr', 'balcony');\nroomsPage.checkForNoAvailability();\nroomsPage.performLogout('Login');",
              "err": {},
              "uuid": "13341998-fc33-42ef-b925-be68f8fe6a58",
              "parentUUID": "2b6ef758-f76d-4b26-8df9-53a6dedd5900",
              "isHook": false,
              "skipped": false
            },
            {
              "title": "Create a room without entering features",
              "fullTitle": "Test suite with Page-objects - Rooms Create a room without entering features",
              "timedOut": null,
              "duration": 4084,
              "state": "passed",
              "speed": "slow",
              "pass": true,
              "fail": false,
              "pending": false,
              "context": null,
              "code": "indexPage.navigateToRooms('Rooms');\nroomsPage.navigateToCreateRoom('New Room');\ncreateRoomPage.chooseCategory('double');\ncreateRoomPage.addRoomNumber('103');\ncreateRoomPage.addFloorNumber('1');\ncreateRoomPage.chooseAsAvailable();\ncreateRoomPage.addPrice('1500kr');\ncreateRoomPage.saveRoom('Rooms');\nroomsPage.verifyLastRoom('1', '103', 'double', 'true', '1500kr', '');\nroomsPage.checkForNoFeatures();\nroomsPage.performLogout('Login');",
              "err": {},
              "uuid": "cbc0ed10-d5de-4b69-bdb0-2e5baa25d5d5",
              "parentUUID": "2b6ef758-f76d-4b26-8df9-53a6dedd5900",
              "isHook": false,
              "skipped": false
            },
            {
              "title": "Create a room without entering a price",
              "fullTitle": "Test suite with Page-objects - Rooms Create a room without entering a price",
              "timedOut": null,
              "duration": 3627,
              "state": "passed",
              "speed": "slow",
              "pass": true,
              "fail": false,
              "pending": false,
              "context": null,
              "code": "indexPage.navigateToRooms('Rooms');\nroomsPage.navigateToCreateRoom('New Room');\ncreateRoomPage.chooseCategory('double');\ncreateRoomPage.addRoomNumber('103');\ncreateRoomPage.addFloorNumber('1');\ncreateRoomPage.chooseAsAvailable();\ncreateRoomPage.chooseFeatures('Balcony');\ncreateRoomPage.saveRoom('Price must be a whole number');\ncreateRoomPage.performLogout('Login');",
              "err": {},
              "uuid": "763608c9-3e67-4a81-9533-ae5d0ba0ff5c",
              "parentUUID": "2b6ef758-f76d-4b26-8df9-53a6dedd5900",
              "isHook": false,
              "skipped": false
            },
            {
              "title": "Use the Back button on the page for creating a new room",
              "fullTitle": "Test suite with Page-objects - Rooms Use the Back button on the page for creating a new room",
              "timedOut": null,
              "duration": 2703,
              "state": "passed",
              "speed": "slow",
              "pass": true,
              "fail": false,
              "pending": false,
              "context": null,
              "code": "indexPage.navigateToRooms('Rooms');\nroomsPage.navigateToCreateRoom('New Room');\ncreateRoomPage.returnToRoomsPage('Rooms');\nroomsPage.performLogout('Login');",
              "err": {},
              "uuid": "0239b141-535f-485c-944b-e9212f87a772",
              "parentUUID": "2b6ef758-f76d-4b26-8df9-53a6dedd5900",
              "isHook": false,
              "skipped": false
            },
            {
              "title": "Return to homepage when on the page Rooms",
              "fullTitle": "Test suite with Page-objects - Rooms Return to homepage when on the page Rooms",
              "timedOut": null,
              "duration": 2604,
              "state": "passed",
              "speed": "slow",
              "pass": true,
              "fail": false,
              "pending": false,
              "context": null,
              "code": "indexPage.navigateToRooms('Rooms');\nroomsPage.returnToIndexPage('Tester Hotel Overview');\nindexPage.performLogout('Login');",
              "err": {},
              "uuid": "91f239ae-1c3d-41f0-aaea-cd08b9f8e16e",
              "parentUUID": "2b6ef758-f76d-4b26-8df9-53a6dedd5900",
              "isHook": false,
              "skipped": false
            }
          ],
          "suites": [],
          "passes": [
            "ca09cb9f-4306-4007-9d1b-59e26b8bf9aa",
            "cdf7a345-fc57-469b-b68c-a41b705fb5af",
            "8da3f583-ead9-493d-821b-99f76ea6cde2",
            "8a4797aa-f20f-47be-aa9b-9b93e0f92a80",
            "3d007d1f-e041-4962-a179-e49527412c63",
            "13341998-fc33-42ef-b925-be68f8fe6a58",
            "cbc0ed10-d5de-4b69-bdb0-2e5baa25d5d5",
            "763608c9-3e67-4a81-9533-ae5d0ba0ff5c",
            "0239b141-535f-485c-944b-e9212f87a772",
            "91f239ae-1c3d-41f0-aaea-cd08b9f8e16e"
          ],
          "failures": [],
          "pending": [],
          "skipped": [],
          "duration": 36573,
          "root": false,
          "rootEmpty": false,
          "_timeout": 2000
        }
      ],
      "passes": [],
      "failures": [],
      "pending": [],
      "skipped": [],
      "duration": 0,
      "root": true,
      "rootEmpty": true,
      "_timeout": 2000
    }
  ],
  "meta": {
    "mocha": {
      "version": "7.0.1"
    },
    "mochawesome": {
      "options": {
        "quiet": false,
        "reportFilename": "mochawesome",
        "saveHtml": false,
        "saveJson": true,
        "consoleReporter": "spec",
        "useInlineDiffs": false,
        "code": true
      },
      "version": "6.2.2"
    },
    "marge": {
      "options": {
        "reportDir": "cypress/results",
        "overwrite": false,
        "html": false,
        "json": true
      },
      "version": "5.2.0"
    }
  }
}