{
  "stats": {
    "suites": 5,
    "tests": 50,
    "passes": 50,
    "pending": 0,
    "failures": 0,
    "start": "2021-04-28T12:00:32.766Z",
    "end": "2021-04-28T12:08:02.766Z",
    "duration": 329774,
    "testsRegistered": 50,
    "passPercent": 100,
    "pendingPercent": 0,
    "other": 0,
    "hasOther": false,
    "skipped": 0,
    "hasSkipped": false
  },
  "results": [
    {
      "uuid": "15862502-e2ee-4619-b1f6-4475bd67d503",
      "title": "",
      "fullFile": "cypress/integration/extra-test-suites/extra-test-suite-bills.spec.js",
      "file": "cypress/integration/extra-test-suites/extra-test-suite-bills.spec.js",
      "beforeHooks": [],
      "afterHooks": [],
      "tests": [],
      "suites": [
        {
          "uuid": "092634f2-cff0-4d4a-96f3-29549ba69a6c",
          "title": "Extra test suite with Page-objects - Bills",
          "fullFile": "",
          "file": "",
          "beforeHooks": [],
          "afterHooks": [],
          "tests": [
            {
              "title": "View Bills",
              "fullTitle": "Extra test suite with Page-objects - Bills View Bills",
              "timedOut": null,
              "duration": 3624,
              "state": "passed",
              "speed": "slow",
              "pass": true,
              "fail": false,
              "pending": false,
              "context": null,
              "code": "indexPage.navigateToBills('Bills');\nbillsPage.performLogout('Login');",
              "err": {},
              "uuid": "3606311d-734a-4c64-accb-b4a55c376c28",
              "parentUUID": "092634f2-cff0-4d4a-96f3-29549ba69a6c",
              "isHook": false,
              "skipped": false
            },
            {
              "title": "Create a new bill by using valid input in all fields",
              "fullTitle": "Extra test suite with Page-objects - Bills Create a new bill by using valid input in all fields",
              "timedOut": null,
              "duration": 5455,
              "state": "passed",
              "speed": "slow",
              "pass": true,
              "fail": false,
              "pending": false,
              "context": null,
              "code": "indexPage.navigateToBills('Bills');\nbillsPage.navigateToCreateBillPage('New Bill');\ncreateBillPage.createBill(randomValue1, randomPaid1);\ncreateBillPage.saveBill('Bills');\nbillsPage.verifyNewBill(randomValue1, randomPaid1);\nbillsPage.performLogout('Login');",
              "err": {},
              "uuid": "fd1219c9-43d2-4d8a-852d-b320c16fc767",
              "parentUUID": "092634f2-cff0-4d4a-96f3-29549ba69a6c",
              "isHook": false,
              "skipped": false
            },
            {
              "title": "Delete bill on bills page",
              "fullTitle": "Extra test suite with Page-objects - Bills Delete bill on bills page",
              "timedOut": null,
              "duration": 6227,
              "state": "passed",
              "speed": "slow",
              "pass": true,
              "fail": false,
              "pending": false,
              "context": null,
              "code": "indexPage.navigateToBills('Bills');\nbillsPage.navigateToCreateBillPage('New Bill');\ncreateBillPage.createBill(randomValue1, randomPaid1);\ncreateBillPage.saveBill('Bills');\nbillsPage.verifyNewBill(randomValue1, randomPaid1);\nbillsPage.deleteBill();\nbillsPage.performLogout('Login');",
              "err": {},
              "uuid": "5001edc3-4140-4119-9c79-fb53fa9da067",
              "parentUUID": "092634f2-cff0-4d4a-96f3-29549ba69a6c",
              "isHook": false,
              "skipped": false
            },
            {
              "title": "Edit value of bill",
              "fullTitle": "Extra test suite with Page-objects - Bills Edit value of bill",
              "timedOut": null,
              "duration": 7332,
              "state": "passed",
              "speed": "slow",
              "pass": true,
              "fail": false,
              "pending": false,
              "context": null,
              "code": "indexPage.navigateToBills('Bills');\nbillsPage.navigateToCreateBillPage('New Bill');\ncreateBillPage.createBill(randomValue1, randomPaid1);\ncreateBillPage.saveBill('Bills');\nbillsPage.verifyNewBill(randomValue1, randomPaid1);\nbillsPage.navigateToEditBillPage('Bill: ');\neditBillPage.editValue(randomValue2);\neditBillPage.saveBill('Bills');\nbillsPage.verifyValueEdit(randomValue2);\nbillsPage.performLogout('Login');",
              "err": {},
              "uuid": "4c242b62-3640-483b-bffb-6ee51d10d7e4",
              "parentUUID": "092634f2-cff0-4d4a-96f3-29549ba69a6c",
              "isHook": false,
              "skipped": false
            },
            {
              "title": "Edit payment of bill",
              "fullTitle": "Extra test suite with Page-objects - Bills Edit payment of bill",
              "timedOut": null,
              "duration": 7151,
              "state": "passed",
              "speed": "slow",
              "pass": true,
              "fail": false,
              "pending": false,
              "context": null,
              "code": "indexPage.navigateToBills('Bills');\nbillsPage.navigateToCreateBillPage('New Bill');\ncreateBillPage.createBill(randomValue1, randomPaid1);\ncreateBillPage.saveBill('Bills');\nbillsPage.verifyNewBill(randomValue1, randomPaid1);\nbillsPage.navigateToEditBillPage('Bill: ');\neditBillPage.editPaid(randomPaid2);\neditBillPage.saveBill('Bills');\nbillsPage.verifyPaidEdit(randomPaid1);\nbillsPage.performLogout('Login');",
              "err": {},
              "uuid": "882f34f5-6ca5-4af7-891b-c20d8dbe9766",
              "parentUUID": "092634f2-cff0-4d4a-96f3-29549ba69a6c",
              "isHook": false,
              "skipped": false
            },
            {
              "title": "Delete bill on edit bill page",
              "fullTitle": "Extra test suite with Page-objects - Bills Delete bill on edit bill page",
              "timedOut": null,
              "duration": 6873,
              "state": "passed",
              "speed": "slow",
              "pass": true,
              "fail": false,
              "pending": false,
              "context": null,
              "code": "indexPage.navigateToBills('Bills');\nbillsPage.navigateToCreateBillPage('New Bill');\ncreateBillPage.createBill(randomValue1, randomPaid1);\ncreateBillPage.saveBill('Bills');\nbillsPage.verifyNewBill(randomValue1, randomPaid1);\nbillsPage.navigateToEditBillPage('Bill: ');\neditBillPage.deleteBill('Bills');\nbillsPage.performLogout('Login');",
              "err": {},
              "uuid": "94d1be79-c937-4df5-aec0-feea4109467c",
              "parentUUID": "092634f2-cff0-4d4a-96f3-29549ba69a6c",
              "isHook": false,
              "skipped": false
            },
            {
              "title": "Return to indexpage when creating a bill",
              "fullTitle": "Extra test suite with Page-objects - Bills Return to indexpage when creating a bill",
              "timedOut": null,
              "duration": 5067,
              "state": "passed",
              "speed": "slow",
              "pass": true,
              "fail": false,
              "pending": false,
              "context": null,
              "code": "indexPage.navigateToBills('Bills');\nbillsPage.navigateToCreateBillPage('New Bill');\ncreateBillPage.returnToBillsPage('Bills');\nbillsPage.returnToIndexPage('Tester Hotel Overview');\nindexPage.performLogout('Login');",
              "err": {},
              "uuid": "1193f2d1-c84c-4e6f-88be-f80028d60f6a",
              "parentUUID": "092634f2-cff0-4d4a-96f3-29549ba69a6c",
              "isHook": false,
              "skipped": false
            },
            {
              "title": "Return to indexpage when on Bills page",
              "fullTitle": "Extra test suite with Page-objects - Bills Return to indexpage when on Bills page",
              "timedOut": null,
              "duration": 3818,
              "state": "passed",
              "speed": "slow",
              "pass": true,
              "fail": false,
              "pending": false,
              "context": null,
              "code": "indexPage.navigateToBills('Bills');\nbillsPage.returnToIndexPage('Tester Hotel Overview');\nindexPage.performLogout('Login');",
              "err": {},
              "uuid": "49663d96-7c59-4451-a46b-cb019aa16bdb",
              "parentUUID": "092634f2-cff0-4d4a-96f3-29549ba69a6c",
              "isHook": false,
              "skipped": false
            },
            {
              "title": "Return to indexpage when editing a bill",
              "fullTitle": "Extra test suite with Page-objects - Bills Return to indexpage when editing a bill",
              "timedOut": null,
              "duration": 7516,
              "state": "passed",
              "speed": "slow",
              "pass": true,
              "fail": false,
              "pending": false,
              "context": null,
              "code": "indexPage.navigateToBills('Bills');\nbillsPage.navigateToCreateBillPage('New Bill');\ncreateBillPage.createBill(randomValue1, randomPaid1);\ncreateBillPage.saveBill('Bills');\nbillsPage.verifyNewBill(randomValue1, randomPaid1);\nbillsPage.navigateToEditBillPage('Bill: ');\neditBillPage.returnToBillsPage('Bills');\nbillsPage.returnToIndexPage('Tester Hotel Overview');\nindexPage.performLogout('Login');",
              "err": {},
              "uuid": "49a95be3-2da9-490d-afbb-6946752a8bc3",
              "parentUUID": "092634f2-cff0-4d4a-96f3-29549ba69a6c",
              "isHook": false,
              "skipped": false
            }
          ],
          "suites": [],
          "passes": [
            "3606311d-734a-4c64-accb-b4a55c376c28",
            "fd1219c9-43d2-4d8a-852d-b320c16fc767",
            "5001edc3-4140-4119-9c79-fb53fa9da067",
            "4c242b62-3640-483b-bffb-6ee51d10d7e4",
            "882f34f5-6ca5-4af7-891b-c20d8dbe9766",
            "94d1be79-c937-4df5-aec0-feea4109467c",
            "1193f2d1-c84c-4e6f-88be-f80028d60f6a",
            "49663d96-7c59-4451-a46b-cb019aa16bdb",
            "49a95be3-2da9-490d-afbb-6946752a8bc3"
          ],
          "failures": [],
          "pending": [],
          "skipped": [],
          "duration": 53063,
          "root": false,
          "rootEmpty": false,
          "_timeout": 2000
        }
      ],
      "passes": [],
      "failures": [],
      "pending": [],
      "skipped": [],
      "duration": 0,
      "root": true,
      "rootEmpty": true,
      "_timeout": 2000
    },
    {
      "uuid": "f7f809ed-0da9-49cc-a773-dd0f02cd6836",
      "title": "",
      "fullFile": "cypress/integration/extra-test-suites/extra-test-suite-clients.spec.js",
      "file": "cypress/integration/extra-test-suites/extra-test-suite-clients.spec.js",
      "beforeHooks": [],
      "afterHooks": [],
      "tests": [],
      "suites": [
        {
          "uuid": "fdd119d1-aa71-4dd0-a670-a33872800b60",
          "title": "Extra test suite with Page-objects - Clients",
          "fullFile": "",
          "file": "",
          "beforeHooks": [],
          "afterHooks": [],
          "tests": [
            {
              "title": "View Clients",
              "fullTitle": "Extra test suite with Page-objects - Clients View Clients",
              "timedOut": null,
              "duration": 3894,
              "state": "passed",
              "speed": "slow",
              "pass": true,
              "fail": false,
              "pending": false,
              "context": null,
              "code": "indexPage.navigateToClients('Clients');\nclientsPage.performLogout('Login');",
              "err": {},
              "uuid": "c2a7b480-7f2c-4da7-b83a-1ef25a762075",
              "parentUUID": "fdd119d1-aa71-4dd0-a670-a33872800b60",
              "isHook": false,
              "skipped": false
            },
            {
              "title": "Create a new client by using valid input in all fields",
              "fullTitle": "Extra test suite with Page-objects - Clients Create a new client by using valid input in all fields",
              "timedOut": null,
              "duration": 6624,
              "state": "passed",
              "speed": "slow",
              "pass": true,
              "fail": false,
              "pending": false,
              "context": null,
              "code": "indexPage.navigateToClients('Clients');\nclientsPage.navigateToCreateClientPage('New Client');\ncreateClientPage.createClient(randomName1, randomEmail1, randomTelephone1);\ncreateClientPage.saveClient('Clients');\nclientsPage.verifyNewClient(randomName1, randomEmail1, randomTelephone1);\nclientsPage.performLogout('Login');",
              "err": {},
              "uuid": "af64fbf6-c12b-49ac-b78a-b864ffdbe0a1",
              "parentUUID": "fdd119d1-aa71-4dd0-a670-a33872800b60",
              "isHook": false,
              "skipped": false
            },
            {
              "title": "Return to indexpage when creating a client",
              "fullTitle": "Extra test suite with Page-objects - Clients Return to indexpage when creating a client",
              "timedOut": null,
              "duration": 5505,
              "state": "passed",
              "speed": "slow",
              "pass": true,
              "fail": false,
              "pending": false,
              "context": null,
              "code": "indexPage.navigateToClients('Clients');\nclientsPage.navigateToCreateClientPage('New Client');\ncreateClientPage.returnToClientsPage('Clients');\nclientsPage.returnToIndexPage('Tester Hotel Overview');\nindexPage.performLogout('Login');",
              "err": {},
              "uuid": "e0ffb799-1ef1-4031-8c87-4d6198730751",
              "parentUUID": "fdd119d1-aa71-4dd0-a670-a33872800b60",
              "isHook": false,
              "skipped": false
            },
            {
              "title": "Return to indexpage when on Clients page",
              "fullTitle": "Extra test suite with Page-objects - Clients Return to indexpage when on Clients page",
              "timedOut": null,
              "duration": 4037,
              "state": "passed",
              "speed": "slow",
              "pass": true,
              "fail": false,
              "pending": false,
              "context": null,
              "code": "indexPage.navigateToClients('Clients');\nclientsPage.returnToIndexPage('Tester Hotel Overview');\nindexPage.performLogout('Login');",
              "err": {},
              "uuid": "5a5db6c5-5bce-414d-a8d0-016ffcd331ce",
              "parentUUID": "fdd119d1-aa71-4dd0-a670-a33872800b60",
              "isHook": false,
              "skipped": false
            },
            {
              "title": "Return to indexpage when editing a client",
              "fullTitle": "Extra test suite with Page-objects - Clients Return to indexpage when editing a client",
              "timedOut": null,
              "duration": 8894,
              "state": "passed",
              "speed": "slow",
              "pass": true,
              "fail": false,
              "pending": false,
              "context": null,
              "code": "indexPage.navigateToClients('Clients');\nclientsPage.navigateToCreateClientPage('New Client');\ncreateClientPage.createClient(randomName1, randomEmail1, randomTelephone1);\ncreateClientPage.saveClient('Clients');\nclientsPage.verifyNewClient(randomName1, randomEmail1, randomTelephone1);\nclientsPage.navigateToEditClientPage('Client: ');\neditClientPage.returnToClientsPage('Clients');\nclientsPage.returnToIndexPage('Tester Hotel Overview');\nindexPage.performLogout('Login');",
              "err": {},
              "uuid": "a07e6863-6250-4b2e-8ef4-e2be1efa2cda",
              "parentUUID": "fdd119d1-aa71-4dd0-a670-a33872800b60",
              "isHook": false,
              "skipped": false
            },
            {
              "title": "Delete client on edit clients page",
              "fullTitle": "Extra test suite with Page-objects - Clients Delete client on edit clients page",
              "timedOut": null,
              "duration": 8032,
              "state": "passed",
              "speed": "slow",
              "pass": true,
              "fail": false,
              "pending": false,
              "context": null,
              "code": "indexPage.navigateToClients('Clients');\nclientsPage.navigateToCreateClientPage('New Client');\ncreateClientPage.createClient(randomName1, randomEmail1, randomTelephone1);\ncreateClientPage.saveClient('Clients');\nclientsPage.verifyNewClient(randomName1, randomEmail1, randomTelephone1);\nclientsPage.navigateToEditClientPage('Client: ');\neditClientPage.deleteClient('Clients');\nclientsPage.performLogout('Login');",
              "err": {},
              "uuid": "ed6b1ff8-d88f-415b-88a3-41d70833b1fa",
              "parentUUID": "fdd119d1-aa71-4dd0-a670-a33872800b60",
              "isHook": false,
              "skipped": false
            },
            {
              "title": "Edit clients Name",
              "fullTitle": "Extra test suite with Page-objects - Clients Edit clients Name",
              "timedOut": null,
              "duration": 8655,
              "state": "passed",
              "speed": "slow",
              "pass": true,
              "fail": false,
              "pending": false,
              "context": null,
              "code": "indexPage.navigateToClients('Clients');\nclientsPage.navigateToCreateClientPage('New Client');\ncreateClientPage.createClient(randomName1, randomEmail1, randomTelephone1);\ncreateClientPage.saveClient('Clients');\nclientsPage.verifyNewClient(randomName1, randomEmail1, randomTelephone1);\nclientsPage.navigateToEditClientPage('Client: ');\neditClientPage.editName(randomName2);\neditClientPage.saveClient('Clients');\nclientsPage.verifyNameEdit(randomName2);\nclientsPage.performLogout('Login');",
              "err": {},
              "uuid": "e78c020f-e5ff-4a23-a359-77a4be76d8fe",
              "parentUUID": "fdd119d1-aa71-4dd0-a670-a33872800b60",
              "isHook": false,
              "skipped": false
            },
            {
              "title": "Edit clients Email",
              "fullTitle": "Extra test suite with Page-objects - Clients Edit clients Email",
              "timedOut": null,
              "duration": 8829,
              "state": "passed",
              "speed": "slow",
              "pass": true,
              "fail": false,
              "pending": false,
              "context": null,
              "code": "indexPage.navigateToClients('Clients');\nclientsPage.navigateToCreateClientPage('New Client');\ncreateClientPage.createClient(randomName1, randomEmail1, randomTelephone1);\ncreateClientPage.saveClient('Clients');\nclientsPage.verifyNewClient(randomName1, randomEmail1, randomTelephone1);\nclientsPage.navigateToEditClientPage('Client: ');\neditClientPage.editEmail(randomEmail2);\neditClientPage.saveClient('Clients');\nclientsPage.verifyEmailEdit(randomEmail2);\nclientsPage.performLogout('Login');",
              "err": {},
              "uuid": "9b97c55c-7aa6-48fc-b8e0-cbfe52c21d31",
              "parentUUID": "fdd119d1-aa71-4dd0-a670-a33872800b60",
              "isHook": false,
              "skipped": false
            },
            {
              "title": "Edit clients Telephone",
              "fullTitle": "Extra test suite with Page-objects - Clients Edit clients Telephone",
              "timedOut": null,
              "duration": 8852,
              "state": "passed",
              "speed": "slow",
              "pass": true,
              "fail": false,
              "pending": false,
              "context": null,
              "code": "indexPage.navigateToClients('Clients');\nclientsPage.navigateToCreateClientPage('New Client');\ncreateClientPage.createClient(randomName1, randomEmail1, randomTelephone1);\ncreateClientPage.saveClient('Clients');\nclientsPage.verifyNewClient(randomName1, randomEmail1, randomTelephone1);\nclientsPage.navigateToEditClientPage('Client: ');\neditClientPage.editTelephone(randomTelephone2);\neditClientPage.saveClient('Clients');\nclientsPage.verifyTelephoneEdit(randomTelephone2);\nclientsPage.performLogout('Login');",
              "err": {},
              "uuid": "d92d563a-186c-4cc8-8cf8-056e1b174e21",
              "parentUUID": "fdd119d1-aa71-4dd0-a670-a33872800b60",
              "isHook": false,
              "skipped": false
            }
          ],
          "suites": [],
          "passes": [
            "c2a7b480-7f2c-4da7-b83a-1ef25a762075",
            "af64fbf6-c12b-49ac-b78a-b864ffdbe0a1",
            "e0ffb799-1ef1-4031-8c87-4d6198730751",
            "5a5db6c5-5bce-414d-a8d0-016ffcd331ce",
            "a07e6863-6250-4b2e-8ef4-e2be1efa2cda",
            "ed6b1ff8-d88f-415b-88a3-41d70833b1fa",
            "e78c020f-e5ff-4a23-a359-77a4be76d8fe",
            "9b97c55c-7aa6-48fc-b8e0-cbfe52c21d31",
            "d92d563a-186c-4cc8-8cf8-056e1b174e21"
          ],
          "failures": [],
          "pending": [],
          "skipped": [],
          "duration": 63322,
          "root": false,
          "rootEmpty": false,
          "_timeout": 2000
        }
      ],
      "passes": [],
      "failures": [],
      "pending": [],
      "skipped": [],
      "duration": 0,
      "root": true,
      "rootEmpty": true,
      "_timeout": 2000
    },
    {
      "uuid": "2441f9a3-01a0-4ab2-ab7b-03c699de372d",
      "title": "",
      "fullFile": "cypress/integration/extra-test-suites/extra-test-suite-login.spec.js",
      "file": "cypress/integration/extra-test-suites/extra-test-suite-login.spec.js",
      "beforeHooks": [],
      "afterHooks": [],
      "tests": [],
      "suites": [
        {
          "uuid": "822f3937-a95d-49ad-87b9-4307f4c987d1",
          "title": "Test suite with Page-objects - Login",
          "fullFile": "",
          "file": "",
          "beforeHooks": [],
          "afterHooks": [],
          "tests": [
            {
              "title": "Perform login with valid credentials",
              "fullTitle": "Test suite with Page-objects - Login Perform login with valid credentials",
              "timedOut": null,
              "duration": 2796,
              "state": "passed",
              "speed": "slow",
              "pass": true,
              "fail": false,
              "pending": false,
              "context": null,
              "code": "loginPage.checkLoginPageTitle();\nloginPage.performValidLogin('tester01', 'GteteqbQQgSr88SwNExUQv2ydb7xuf8c', 'Tester Hotel Overview');\nindexPage.performLogout('Login');",
              "err": {},
              "uuid": "cd2fc43b-b488-4bf2-a7d3-a22facedb669",
              "parentUUID": "822f3937-a95d-49ad-87b9-4307f4c987d1",
              "isHook": false,
              "skipped": false
            },
            {
              "title": "Perform login with invalid credentials",
              "fullTitle": "Test suite with Page-objects - Login Perform login with invalid credentials",
              "timedOut": null,
              "duration": 1896,
              "state": "passed",
              "speed": "slow",
              "pass": true,
              "fail": false,
              "pending": false,
              "context": null,
              "code": "loginPage.checkLoginPageTitle();\nloginPage.performInvalidLogin(randomUsername, randomPassword, 'Bad username or password');",
              "err": {},
              "uuid": "b1ab312b-40d7-416b-88ca-1583b7e1a48b",
              "parentUUID": "822f3937-a95d-49ad-87b9-4307f4c987d1",
              "isHook": false,
              "skipped": false
            },
            {
              "title": "Perform login with invalid username",
              "fullTitle": "Test suite with Page-objects - Login Perform login with invalid username",
              "timedOut": null,
              "duration": 1956,
              "state": "passed",
              "speed": "slow",
              "pass": true,
              "fail": false,
              "pending": false,
              "context": null,
              "code": "loginPage.checkLoginPageTitle();\nloginPage.performInvalidLogin(randomUsername, 'hello123', 'Bad username or password');",
              "err": {},
              "uuid": "090d9159-505a-4059-a76c-27ba0854430a",
              "parentUUID": "822f3937-a95d-49ad-87b9-4307f4c987d1",
              "isHook": false,
              "skipped": false
            },
            {
              "title": "Perform login with invalid password",
              "fullTitle": "Test suite with Page-objects - Login Perform login with invalid password",
              "timedOut": null,
              "duration": 1886,
              "state": "passed",
              "speed": "slow",
              "pass": true,
              "fail": false,
              "pending": false,
              "context": null,
              "code": "loginPage.checkLoginPageTitle();\nloginPage.performInvalidLogin('tester01', randomPassword, 'Bad username or password');",
              "err": {},
              "uuid": "52a788a8-1acf-4f2a-b77a-393b26b37f1e",
              "parentUUID": "822f3937-a95d-49ad-87b9-4307f4c987d1",
              "isHook": false,
              "skipped": false
            },
            {
              "title": "Perform login without entering username",
              "fullTitle": "Test suite with Page-objects - Login Perform login without entering username",
              "timedOut": null,
              "duration": 1642,
              "state": "passed",
              "speed": "slow",
              "pass": true,
              "fail": false,
              "pending": false,
              "context": null,
              "code": "loginPage.checkLoginPageTitle();\nloginPage.performLoginNoUsername('GteteqbQQgSr88SwNExUQv2ydb7xuf8c', 'Bad username or password');",
              "err": {},
              "uuid": "d13031f6-1ae6-4db4-925c-37e03e4b7802",
              "parentUUID": "822f3937-a95d-49ad-87b9-4307f4c987d1",
              "isHook": false,
              "skipped": false
            },
            {
              "title": "Perform login without entering password",
              "fullTitle": "Test suite with Page-objects - Login Perform login without entering password",
              "timedOut": null,
              "duration": 1320,
              "state": "passed",
              "speed": "slow",
              "pass": true,
              "fail": false,
              "pending": false,
              "context": null,
              "code": "loginPage.checkLoginPageTitle();\nloginPage.performLoginNoPassword('tester01', 'Bad username or password');",
              "err": {},
              "uuid": "9bdde3bc-0262-4c42-989c-f3d1e9339bb9",
              "parentUUID": "822f3937-a95d-49ad-87b9-4307f4c987d1",
              "isHook": false,
              "skipped": false
            }
          ],
          "suites": [],
          "passes": [
            "cd2fc43b-b488-4bf2-a7d3-a22facedb669",
            "b1ab312b-40d7-416b-88ca-1583b7e1a48b",
            "090d9159-505a-4059-a76c-27ba0854430a",
            "52a788a8-1acf-4f2a-b77a-393b26b37f1e",
            "d13031f6-1ae6-4db4-925c-37e03e4b7802",
            "9bdde3bc-0262-4c42-989c-f3d1e9339bb9"
          ],
          "failures": [],
          "pending": [],
          "skipped": [],
          "duration": 11496,
          "root": false,
          "rootEmpty": false,
          "_timeout": 2000
        }
      ],
      "passes": [],
      "failures": [],
      "pending": [],
      "skipped": [],
      "duration": 0,
      "root": true,
      "rootEmpty": true,
      "_timeout": 2000
    },
    {
      "uuid": "daed2315-ad49-444c-b8bf-e2fbd6d8d3c8",
      "title": "",
      "fullFile": "cypress/integration/extra-test-suites/extra-test-suite-reservations.spec.js",
      "file": "cypress/integration/extra-test-suites/extra-test-suite-reservations.spec.js",
      "beforeHooks": [],
      "afterHooks": [],
      "tests": [],
      "suites": [
        {
          "uuid": "c04006fa-7e39-47b6-923d-23b43fe8d710",
          "title": "Extra test suite with Page-objects - Reservations",
          "fullFile": "",
          "file": "",
          "beforeHooks": [],
          "afterHooks": [],
          "tests": [
            {
              "title": "View Reservations",
              "fullTitle": "Extra test suite with Page-objects - Reservations View Reservations",
              "timedOut": null,
              "duration": 19786,
              "state": "passed",
              "speed": "slow",
              "pass": true,
              "fail": false,
              "pending": false,
              "context": null,
              "code": "indexPage.navigateToReservations('Reservations');\nreservationsPage.performLogout('Login');",
              "err": {},
              "uuid": "b9bd344b-c666-426b-bd31-b08b6435b34c",
              "parentUUID": "c04006fa-7e39-47b6-923d-23b43fe8d710",
              "isHook": false,
              "skipped": false
            },
            {
              "title": "Create a new reservation by using valid input in all fields",
              "fullTitle": "Extra test suite with Page-objects - Reservations Create a new reservation by using valid input in all fields",
              "timedOut": null,
              "duration": 7200,
              "state": "passed",
              "speed": "slow",
              "pass": true,
              "fail": false,
              "pending": false,
              "context": null,
              "code": "indexPage.navigateToReservations('Reservation');\nreservationsPage.navigateToCreateReservationPage('New Reservation');\ncreateReservationPage.createReservation(randomStartDate1, randomEndDate1, randomName1, randomFloorNumber1, randomRoomNumber1);\ncreateReservationPage.saveReservation('Reservations');\nreservationsPage.verifyNewReservation(randomStartDate1, randomEndDate1, randomName1);\nreservationsPage.performLogout('Login');",
              "err": {},
              "uuid": "172c5e72-6abf-4fdf-a8a7-ba099c03a8f4",
              "parentUUID": "c04006fa-7e39-47b6-923d-23b43fe8d710",
              "isHook": false,
              "skipped": false
            },
            {
              "title": "Create a new reservation with a start date the occurs later than the end date",
              "fullTitle": "Extra test suite with Page-objects - Reservations Create a new reservation with a start date the occurs later than the end date",
              "timedOut": null,
              "duration": 7763,
              "state": "passed",
              "speed": "slow",
              "pass": true,
              "fail": false,
              "pending": false,
              "context": null,
              "code": "indexPage.navigateToReservations('Reservation');\nreservationsPage.navigateToCreateReservationPage('New Reservation');\ncreateReservationPage.createReservation(randomEndDate1, randomStartDate1, randomName1, randomFloorNumber1, randomRoomNumber1);\ncreateReservationPage.saveReservation('Reservations');\nreservationsPage.verifyNewReservation(randomEndDate1, randomStartDate1, randomName1);\nreservationsPage.performLogout('Login');",
              "err": {},
              "uuid": "6e4ec044-cb21-4e9b-b43c-e5cb88bb912c",
              "parentUUID": "c04006fa-7e39-47b6-923d-23b43fe8d710",
              "isHook": false,
              "skipped": false
            },
            {
              "title": "Delete reservation on reservations page",
              "fullTitle": "Extra test suite with Page-objects - Reservations Delete reservation on reservations page",
              "timedOut": null,
              "duration": 8070,
              "state": "passed",
              "speed": "slow",
              "pass": true,
              "fail": false,
              "pending": false,
              "context": null,
              "code": "indexPage.navigateToReservations('Reservation');\nreservationsPage.navigateToCreateReservationPage('New Reservation');\ncreateReservationPage.createReservation(randomStartDate1, randomEndDate1, randomName1, randomFloorNumber1, randomRoomNumber1);\ncreateReservationPage.saveReservation('Reservations');\nreservationsPage.verifyNewReservation(randomStartDate1, randomEndDate1, randomName1);\nreservationsPage.deleteReservation('Reservations');\nreservationsPage.performLogout('Login');",
              "err": {},
              "uuid": "86d5419f-e627-452c-bcb4-99131fab431b",
              "parentUUID": "c04006fa-7e39-47b6-923d-23b43fe8d710",
              "isHook": false,
              "skipped": false
            },
            {
              "title": "Edit reservation",
              "fullTitle": "Extra test suite with Page-objects - Reservations Edit reservation",
              "timedOut": null,
              "duration": 11399,
              "state": "passed",
              "speed": "slow",
              "pass": true,
              "fail": false,
              "pending": false,
              "context": null,
              "code": "indexPage.navigateToReservations('Reservation');\nreservationsPage.navigateToCreateReservationPage('New Reservation');\ncreateReservationPage.createReservation(randomStartDate1, randomEndDate1);\ncreateReservationPage.saveReservation('Reservations');\nreservationsPage.verifyNewReservation(randomStartDate1, randomEndDate1, randomName1);\nreservationsPage.navigateToEditReservationPage('Reservation: ');\neditReservationPage.editStartDate(randomStartDate2);\neditReservationPage.editEndDate(randomEndDate2);\neditReservationPage.editClient(randomName1);\neditReservationPage.editRoom(randomRoomNumber1);\neditReservationPage.editBill();\neditReservationPage.saveReservation('Reservations');\nreservationsPage.verifyStartDateEdit(randomStartDate2);\nreservationsPage.verifyEndDateEdit(randomEndDate2);\nreservationsPage.verifyClient(randomName1);\nreservationsPage.performLogout('Login');",
              "err": {},
              "uuid": "54631f08-ff4e-48d0-b706-8e1f296929ce",
              "parentUUID": "c04006fa-7e39-47b6-923d-23b43fe8d710",
              "isHook": false,
              "skipped": false
            },
            {
              "title": "Delete reservation on edit reservation page",
              "fullTitle": "Extra test suite with Page-objects - Reservations Delete reservation on edit reservation page",
              "timedOut": null,
              "duration": 8699,
              "state": "passed",
              "speed": "slow",
              "pass": true,
              "fail": false,
              "pending": false,
              "context": null,
              "code": "indexPage.navigateToReservations('Reservation');\nreservationsPage.navigateToCreateReservationPage('New Reservation');\ncreateReservationPage.createReservation(randomStartDate1, randomEndDate1, randomName1, randomFloorNumber1, randomRoomNumber1);\ncreateReservationPage.saveReservation('Reservations');\nreservationsPage.verifyNewReservation(randomStartDate1, randomEndDate1, randomName1);\nreservationsPage.navigateToEditReservationPage('Reservation: ');\neditReservationPage.deleteReservation('Reservations');\nreservationsPage.performLogout('Login');",
              "err": {},
              "uuid": "88227b23-3108-4248-ad1d-a89c21ca983b",
              "parentUUID": "c04006fa-7e39-47b6-923d-23b43fe8d710",
              "isHook": false,
              "skipped": false
            },
            {
              "title": "Return to indexpage when creating a reservation",
              "fullTitle": "Extra test suite with Page-objects - Reservations Return to indexpage when creating a reservation",
              "timedOut": null,
              "duration": 4940,
              "state": "passed",
              "speed": "slow",
              "pass": true,
              "fail": false,
              "pending": false,
              "context": null,
              "code": "indexPage.navigateToReservations('Reservations');\nreservationsPage.navigateToCreateReservationPage('New Reservation');\ncreateReservationPage.returnToReservationsPage('Reservations');\nreservationsPage.returnToIndexPage('Tester Hotel Overview');\nindexPage.performLogout('Login');",
              "err": {},
              "uuid": "4e477759-468c-4438-968c-24a61d88c537",
              "parentUUID": "c04006fa-7e39-47b6-923d-23b43fe8d710",
              "isHook": false,
              "skipped": false
            },
            {
              "title": "Return to indexpage when on Reservation page",
              "fullTitle": "Extra test suite with Page-objects - Reservations Return to indexpage when on Reservation page",
              "timedOut": null,
              "duration": 3674,
              "state": "passed",
              "speed": "slow",
              "pass": true,
              "fail": false,
              "pending": false,
              "context": null,
              "code": "indexPage.navigateToReservations('Reservations');\nreservationsPage.returnToIndexPage('Tester Hotel Overview');\nindexPage.performLogout('Login');",
              "err": {},
              "uuid": "7951f8ed-6984-4e1c-b7b7-2a3e63daf3dd",
              "parentUUID": "c04006fa-7e39-47b6-923d-23b43fe8d710",
              "isHook": false,
              "skipped": false
            },
            {
              "title": "Return to indexpage when editing a reservaion",
              "fullTitle": "Extra test suite with Page-objects - Reservations Return to indexpage when editing a reservaion",
              "timedOut": null,
              "duration": 9162,
              "state": "passed",
              "speed": "slow",
              "pass": true,
              "fail": false,
              "pending": false,
              "context": null,
              "code": "indexPage.navigateToReservations('Reservations');\nreservationsPage.navigateToCreateReservationPage('New Reservation');\ncreateReservationPage.createReservation(randomStartDate1, randomEndDate1, randomName1, randomFloorNumber1, randomRoomNumber1);\ncreateReservationPage.saveReservation('Reservations');\nreservationsPage.verifyNewReservation(randomStartDate1, randomEndDate1, randomName1);\nreservationsPage.navigateToEditReservationPage('Reservation: ');\neditReservationPage.returnToReservationsPage('Reservations');\nreservationsPage.returnToIndexPage('Tester Hotel Overview');\nindexPage.performLogout('Login');",
              "err": {},
              "uuid": "f85a2de4-6c1b-4012-ab07-94df4e1a3378",
              "parentUUID": "c04006fa-7e39-47b6-923d-23b43fe8d710",
              "isHook": false,
              "skipped": false
            }
          ],
          "suites": [],
          "passes": [
            "b9bd344b-c666-426b-bd31-b08b6435b34c",
            "172c5e72-6abf-4fdf-a8a7-ba099c03a8f4",
            "6e4ec044-cb21-4e9b-b43c-e5cb88bb912c",
            "86d5419f-e627-452c-bcb4-99131fab431b",
            "54631f08-ff4e-48d0-b706-8e1f296929ce",
            "88227b23-3108-4248-ad1d-a89c21ca983b",
            "4e477759-468c-4438-968c-24a61d88c537",
            "7951f8ed-6984-4e1c-b7b7-2a3e63daf3dd",
            "f85a2de4-6c1b-4012-ab07-94df4e1a3378"
          ],
          "failures": [],
          "pending": [],
          "skipped": [],
          "duration": 80693,
          "root": false,
          "rootEmpty": false,
          "_timeout": 2000
        }
      ],
      "passes": [],
      "failures": [],
      "pending": [],
      "skipped": [],
      "duration": 0,
      "root": true,
      "rootEmpty": true,
      "_timeout": 2000
    },
    {
      "uuid": "cfad3e9b-cb09-41ab-9d03-1eb1444a9cb6",
      "title": "",
      "fullFile": "cypress/integration/test-suite-assignment02.spec.js",
      "file": "cypress/integration/test-suite-assignment02.spec.js",
      "beforeHooks": [],
      "afterHooks": [],
      "tests": [],
      "suites": [
        {
          "uuid": "6d0d29fa-eb5b-4389-a36b-3b279248c092",
          "title": "Test suite with Page-objects - Assignment02",
          "fullFile": "",
          "file": "",
          "beforeHooks": [],
          "afterHooks": [],
          "tests": [
            {
              "title": "View Rooms",
              "fullTitle": "Test suite with Page-objects - Assignment02 View Rooms",
              "timedOut": null,
              "duration": 4433,
              "state": "passed",
              "speed": "slow",
              "pass": true,
              "fail": false,
              "pending": false,
              "context": null,
              "code": "indexPage.navigateToRooms('Rooms');\nroomsPage.performLogout('Login');",
              "err": {},
              "uuid": "9ff462da-302c-4bc2-95b2-85956c36e112",
              "parentUUID": "6d0d29fa-eb5b-4389-a36b-3b279248c092",
              "isHook": false,
              "skipped": false
            },
            {
              "title": "Create a room by entering valid input in all fields",
              "fullTitle": "Test suite with Page-objects - Assignment02 Create a room by entering valid input in all fields",
              "timedOut": null,
              "duration": 7557,
              "state": "passed",
              "speed": "slow",
              "pass": true,
              "fail": false,
              "pending": false,
              "context": null,
              "code": "indexPage.navigateToRooms('Rooms');\nroomsPage.navigateToCreateRoom('New Room');\ncreateRoomPage.createRoom(randomCategory, randomRoomNumber, randomFloorNumber, randomAvailability, randomPrice, randomFeature);\ncreateRoomPage.saveRoom('Rooms');\nroomsPage.verifyNewRoom(randomCategory, randomRoomNumber, randomFloorNumber, randomAvailability, randomPrice - .00 + 'kr', randomFeaturesVerify);\nroomsPage.performLogout('Login');",
              "err": {},
              "uuid": "d8d2ce83-030e-4b54-bcf9-19e428d707e2",
              "parentUUID": "6d0d29fa-eb5b-4389-a36b-3b279248c092",
              "isHook": false,
              "skipped": false
            },
            {
              "title": "Create a room without choosing a category",
              "fullTitle": "Test suite with Page-objects - Assignment02 Create a room without choosing a category",
              "timedOut": null,
              "duration": 6573,
              "state": "passed",
              "speed": "slow",
              "pass": true,
              "fail": false,
              "pending": false,
              "context": null,
              "code": "indexPage.navigateToRooms('Rooms');\nroomsPage.navigateToCreateRoom('New Room');\ncreateRoomPage.createRoom('', randomRoomNumber, randomFloorNumber, randomAvailability, randomPrice, randomFeature);\ncreateRoomPage.saveRoom('Rooms');\nroomsPage.verifyNewRoom('', randomRoomNumber, randomFloorNumber, randomAvailability, randomPrice - .00 + 'kr', randomFeaturesVerify);\nroomsPage.checkForNoCategory();\nroomsPage.performLogout('Login');",
              "err": {},
              "uuid": "7abd7237-1908-46be-a8c4-42e7bd9745c1",
              "parentUUID": "6d0d29fa-eb5b-4389-a36b-3b279248c092",
              "isHook": false,
              "skipped": false
            },
            {
              "title": "Create a room without entering a roomnumber",
              "fullTitle": "Test suite with Page-objects - Assignment02 Create a room without entering a roomnumber",
              "timedOut": null,
              "duration": 6802,
              "state": "passed",
              "speed": "slow",
              "pass": true,
              "fail": false,
              "pending": false,
              "context": null,
              "code": "indexPage.navigateToRooms('Rooms');\nroomsPage.navigateToCreateRoom('New Room');\ncreateRoomPage.createRoom(randomCategory, '', randomFloorNumber, randomAvailability, randomPrice, randomFeature);\ncreateRoomPage.saveRoom('Room number must be set');\ncreateRoomPage.performLogout('Login');",
              "err": {},
              "uuid": "18ecc48a-1cbd-4b5a-aef9-e117b28a1d7c",
              "parentUUID": "6d0d29fa-eb5b-4389-a36b-3b279248c092",
              "isHook": false,
              "skipped": false
            },
            {
              "title": "Create a room by entering a floor",
              "fullTitle": "Test suite with Page-objects - Assignment02 Create a room by entering a floor",
              "timedOut": null,
              "duration": 6459,
              "state": "passed",
              "speed": "slow",
              "pass": true,
              "fail": false,
              "pending": false,
              "context": null,
              "code": "indexPage.navigateToRooms('Rooms');\nroomsPage.navigateToCreateRoom('New Room');\ncreateRoomPage.createRoom(randomCategory, randomRoomNumber, '', randomAvailability, randomPrice, randomFeature);\ncreateRoomPage.saveRoom('Floor must be set');\ncreateRoomPage.performLogout('Login');",
              "err": {},
              "uuid": "3133ee02-58a9-4342-b0b2-703868d02e27",
              "parentUUID": "6d0d29fa-eb5b-4389-a36b-3b279248c092",
              "isHook": false,
              "skipped": false
            },
            {
              "title": "Create room without entering availability",
              "fullTitle": "Test suite with Page-objects - Assignment02 Create room without entering availability",
              "timedOut": null,
              "duration": 6651,
              "state": "passed",
              "speed": "slow",
              "pass": true,
              "fail": false,
              "pending": false,
              "context": null,
              "code": "indexPage.navigateToRooms('Rooms');\nroomsPage.navigateToCreateRoom('New Room');\ncreateRoomPage.createRoom(randomCategory, randomRoomNumber, randomFloorNumber, '', randomPrice, randomFeature);\ncreateRoomPage.saveRoom('Rooms');\nroomsPage.verifyNewRoom(randomCategory, randomRoomNumber, randomFloorNumber, '', randomPrice - .00 + 'kr', randomFeaturesVerify);\nroomsPage.checkForNoAvailability();\nroomsPage.performLogout('Login');",
              "err": {},
              "uuid": "f523885f-b116-4125-85f2-e9b27f854efe",
              "parentUUID": "6d0d29fa-eb5b-4389-a36b-3b279248c092",
              "isHook": false,
              "skipped": false
            },
            {
              "title": "Create a room without entering features",
              "fullTitle": "Test suite with Page-objects - Assignment02 Create a room without entering features",
              "timedOut": null,
              "duration": 6556,
              "state": "passed",
              "speed": "slow",
              "pass": true,
              "fail": false,
              "pending": false,
              "context": null,
              "code": "indexPage.navigateToRooms('Rooms');\nroomsPage.navigateToCreateRoom('New Room');\ncreateRoomPage.createRoom(randomCategory, randomRoomNumber, randomFloorNumber, randomAvailability, randomPrice, '');\ncreateRoomPage.saveRoom('Rooms');\nroomsPage.verifyNewRoom(randomCategory, randomRoomNumber, randomFloorNumber, randomAvailability, randomPrice - .00 + 'kr', '');\nroomsPage.checkForNoFeatures();\nroomsPage.performLogout('Login');",
              "err": {},
              "uuid": "3c4be511-8c89-4a8e-a2a1-ca9f152bb8ee",
              "parentUUID": "6d0d29fa-eb5b-4389-a36b-3b279248c092",
              "isHook": false,
              "skipped": false
            },
            {
              "title": "Create a room without entering a price",
              "fullTitle": "Test suite with Page-objects - Assignment02 Create a room without entering a price",
              "timedOut": null,
              "duration": 6177,
              "state": "passed",
              "speed": "slow",
              "pass": true,
              "fail": false,
              "pending": false,
              "context": null,
              "code": "indexPage.navigateToRooms('Rooms');\nroomsPage.navigateToCreateRoom('New Room');\ncreateRoomPage.createRoom(randomCategory, randomRoomNumber, randomFloorNumber, randomAvailability, '', randomFeature);\ncreateRoomPage.saveRoom('Price must be a whole number');\ncreateRoomPage.performLogout('Login');",
              "err": {},
              "uuid": "837f118a-5045-4c47-9ac3-56d14420f28e",
              "parentUUID": "6d0d29fa-eb5b-4389-a36b-3b279248c092",
              "isHook": false,
              "skipped": false
            },
            {
              "title": "Use the Back button on the page for creating a new room",
              "fullTitle": "Test suite with Page-objects - Assignment02 Use the Back button on the page for creating a new room",
              "timedOut": null,
              "duration": 4720,
              "state": "passed",
              "speed": "slow",
              "pass": true,
              "fail": false,
              "pending": false,
              "context": null,
              "code": "indexPage.navigateToRooms('Rooms');\nroomsPage.navigateToCreateRoom('New Room');\ncreateRoomPage.returnToRoomsPage('Rooms');\nroomsPage.performLogout('Login');",
              "err": {},
              "uuid": "8156dc69-03a8-4860-8d6d-44b8203af190",
              "parentUUID": "6d0d29fa-eb5b-4389-a36b-3b279248c092",
              "isHook": false,
              "skipped": false
            },
            {
              "title": "Return to homepage when on the page Rooms",
              "fullTitle": "Test suite with Page-objects - Assignment02 Return to homepage when on the page Rooms",
              "timedOut": null,
              "duration": 3941,
              "state": "passed",
              "speed": "slow",
              "pass": true,
              "fail": false,
              "pending": false,
              "context": null,
              "code": "indexPage.navigateToRooms('Rooms');\nroomsPage.returnToIndexPage('Tester Hotel Overview');\nindexPage.performLogout('Login');",
              "err": {},
              "uuid": "98c2d7ab-6dba-4eae-87d7-4ed3f815283f",
              "parentUUID": "6d0d29fa-eb5b-4389-a36b-3b279248c092",
              "isHook": false,
              "skipped": false
            },
            {
              "title": "Delete room on on the page Rooms",
              "fullTitle": "Test suite with Page-objects - Assignment02 Delete room on on the page Rooms",
              "timedOut": null,
              "duration": 7686,
              "state": "passed",
              "speed": "slow",
              "pass": true,
              "fail": false,
              "pending": false,
              "context": null,
              "code": "indexPage.navigateToRooms('Rooms');\nroomsPage.navigateToCreateRoom('New Room');\ncreateRoomPage.createRoom(randomCategory, randomRoomNumber, randomFloorNumber, randomAvailability, randomPrice, randomFeature);\ncreateRoomPage.saveRoom('Rooms');\nroomsPage.verifyNewRoom(randomCategory, randomRoomNumber, randomFloorNumber, randomAvailability, randomPrice - .00 + 'kr', randomFeaturesVerify);\nroomsPage.deleteRoom();\nroomsPage.performLogout('Login');",
              "err": {},
              "uuid": "0ac55655-233f-4980-ac3c-2bdafefad79b",
              "parentUUID": "6d0d29fa-eb5b-4389-a36b-3b279248c092",
              "isHook": false,
              "skipped": false
            },
            {
              "title": "Edit the category of a room",
              "fullTitle": "Test suite with Page-objects - Assignment02 Edit the category of a room",
              "timedOut": null,
              "duration": 8723,
              "state": "passed",
              "speed": "slow",
              "pass": true,
              "fail": false,
              "pending": false,
              "context": null,
              "code": "indexPage.navigateToRooms('Rooms');\nroomsPage.navigateToCreateRoom('New Room');\ncreateRoomPage.createRoom(randomCategory, randomRoomNumber, randomFloorNumber, randomAvailability, randomPrice, randomFeature);\ncreateRoomPage.saveRoom('Rooms');\nroomsPage.verifyNewRoom(randomCategory, randomRoomNumber, randomFloorNumber, randomAvailability, randomPrice - .00 + 'kr', randomFeaturesVerify);\nroomsPage.navigateToEditRoomPage('Room: ');\neditRoomPage.editCategory(randomCategoryEdit);\neditRoomPage.saveEdit('Rooms');\nroomsPage.verifyPriceEdit(randomCategoryEdit);\nroomsPage.performLogout('Login');",
              "err": {},
              "uuid": "586c00f6-f8ff-45f9-a8dd-67a64205ec3c",
              "parentUUID": "6d0d29fa-eb5b-4389-a36b-3b279248c092",
              "isHook": false,
              "skipped": false
            },
            {
              "title": "Edit the room number of a room",
              "fullTitle": "Test suite with Page-objects - Assignment02 Edit the room number of a room",
              "timedOut": null,
              "duration": 8852,
              "state": "passed",
              "speed": "slow",
              "pass": true,
              "fail": false,
              "pending": false,
              "context": null,
              "code": "indexPage.navigateToRooms('Rooms');\nroomsPage.navigateToCreateRoom('New Room');\ncreateRoomPage.createRoom(randomCategory, randomRoomNumber, randomFloorNumber, randomAvailability, randomPrice, randomFeature);\ncreateRoomPage.saveRoom('Rooms');\nroomsPage.verifyNewRoom(randomCategory, randomRoomNumber, randomFloorNumber, randomAvailability, randomPrice - .00 + 'kr', randomFeaturesVerify);\nroomsPage.navigateToEditRoomPage('Room: ');\neditRoomPage.editRoomNumber(randomRoomNumberEdit);\neditRoomPage.saveEdit('Rooms');\nroomsPage.verifyRoomNumberEdit(randomRoomNumberEdit);\nroomsPage.performLogout('Login');",
              "err": {},
              "uuid": "01e61943-cad7-49ff-8d09-15dd01c61799",
              "parentUUID": "6d0d29fa-eb5b-4389-a36b-3b279248c092",
              "isHook": false,
              "skipped": false
            },
            {
              "title": "Edit the floor number of a room",
              "fullTitle": "Test suite with Page-objects - Assignment02 Edit the floor number of a room",
              "timedOut": null,
              "duration": 9055,
              "state": "passed",
              "speed": "slow",
              "pass": true,
              "fail": false,
              "pending": false,
              "context": null,
              "code": "indexPage.navigateToRooms('Rooms');\nroomsPage.navigateToCreateRoom('New Room');\ncreateRoomPage.createRoom(randomCategory, randomRoomNumber, randomFloorNumber, randomAvailability, randomPrice, randomFeature);\ncreateRoomPage.saveRoom('Rooms');\nroomsPage.verifyNewRoom(randomCategory, randomRoomNumber, randomFloorNumber, randomAvailability, randomPrice - .00 + 'kr', randomFeaturesVerify);\nroomsPage.navigateToEditRoomPage('Room: ');\neditRoomPage.editFloorNumber(randomFloorNumberEdit);\neditRoomPage.saveEdit('Rooms');\nroomsPage.verifyFloorNumberEdit(randomFloorNumberEdit);\nroomsPage.performLogout('Login');",
              "err": {},
              "uuid": "24d1d283-d919-4289-b31f-4d0abba33566",
              "parentUUID": "6d0d29fa-eb5b-4389-a36b-3b279248c092",
              "isHook": false,
              "skipped": false
            },
            {
              "title": "Edit the availability of a room",
              "fullTitle": "Test suite with Page-objects - Assignment02 Edit the availability of a room",
              "timedOut": null,
              "duration": 8891,
              "state": "passed",
              "speed": "slow",
              "pass": true,
              "fail": false,
              "pending": false,
              "context": null,
              "code": "indexPage.navigateToRooms('Rooms');\nroomsPage.navigateToCreateRoom('New Room');\ncreateRoomPage.createRoom(randomCategory, randomRoomNumber, randomFloorNumber, randomAvailability, randomPrice, randomFeature);\ncreateRoomPage.saveRoom('Rooms');\nroomsPage.verifyNewRoom(randomCategory, randomRoomNumber, randomFloorNumber, randomAvailability, randomPrice - .00 + 'kr', randomFeaturesVerify);\nroomsPage.navigateToEditRoomPage('Room: ');\neditRoomPage.editAvailability(randomAvailability);\neditRoomPage.saveEdit('Rooms');\nroomsPage.verifyAvailabilityEdit(randomAvailability);\nroomsPage.performLogout('Login');",
              "err": {},
              "uuid": "2ccb2e0e-b945-4bb9-9346-bc1f3dfbcf56",
              "parentUUID": "6d0d29fa-eb5b-4389-a36b-3b279248c092",
              "isHook": false,
              "skipped": false
            },
            {
              "title": "Edit the price of a room",
              "fullTitle": "Test suite with Page-objects - Assignment02 Edit the price of a room",
              "timedOut": null,
              "duration": 9093,
              "state": "passed",
              "speed": "slow",
              "pass": true,
              "fail": false,
              "pending": false,
              "context": null,
              "code": "indexPage.navigateToRooms('Rooms');\nroomsPage.navigateToCreateRoom('New Room');\ncreateRoomPage.createRoom(randomCategory, randomRoomNumber, randomFloorNumber, randomAvailability, randomPrice, randomFeature);\ncreateRoomPage.saveRoom('Rooms');\nroomsPage.verifyNewRoom(randomCategory, randomRoomNumber, randomFloorNumber, randomAvailability, randomPrice - .00 + 'kr', randomFeaturesVerify);\nroomsPage.navigateToEditRoomPage('Room: ');\neditRoomPage.editPrice(randomPriceEdit);\neditRoomPage.saveEdit('Rooms');\nroomsPage.verifyPriceEdit(randomPriceEdit - .00 + 'kr');\nroomsPage.performLogout('Login');",
              "err": {},
              "uuid": "3a298267-138e-4ab5-8932-e764bfd8c897",
              "parentUUID": "6d0d29fa-eb5b-4389-a36b-3b279248c092",
              "isHook": false,
              "skipped": false
            },
            {
              "title": "Edit the feature of a room",
              "fullTitle": "Test suite with Page-objects - Assignment02 Edit the feature of a room",
              "timedOut": null,
              "duration": 9031,
              "state": "passed",
              "speed": "slow",
              "pass": true,
              "fail": false,
              "pending": false,
              "context": null,
              "code": "indexPage.navigateToRooms('Rooms');\nroomsPage.navigateToCreateRoom('New Room');\ncreateRoomPage.createRoom(randomCategory, randomRoomNumber, randomFloorNumber, randomAvailability, randomPrice, randomFeature);\ncreateRoomPage.saveRoom('Rooms');\nroomsPage.verifyNewRoom(randomCategory, randomRoomNumber, randomFloorNumber, randomAvailability, randomPrice - .00 + 'kr', randomFeaturesVerify);\nroomsPage.navigateToEditRoomPage('Room: ');\neditRoomPage.editFeatures(randomFeatureEdit);\neditRoomPage.saveEdit('Rooms');\nroomsPage.verifyFeatureEdit(randomFeaturesVerifyEdit);\nroomsPage.performLogout('Login');",
              "err": {},
              "uuid": "2d90c7ee-e79d-40ea-acb7-3330d6564b66",
              "parentUUID": "6d0d29fa-eb5b-4389-a36b-3b279248c092",
              "isHook": false,
              "skipped": false
            }
          ],
          "suites": [],
          "passes": [
            "9ff462da-302c-4bc2-95b2-85956c36e112",
            "d8d2ce83-030e-4b54-bcf9-19e428d707e2",
            "7abd7237-1908-46be-a8c4-42e7bd9745c1",
            "18ecc48a-1cbd-4b5a-aef9-e117b28a1d7c",
            "3133ee02-58a9-4342-b0b2-703868d02e27",
            "f523885f-b116-4125-85f2-e9b27f854efe",
            "3c4be511-8c89-4a8e-a2a1-ca9f152bb8ee",
            "837f118a-5045-4c47-9ac3-56d14420f28e",
            "8156dc69-03a8-4860-8d6d-44b8203af190",
            "98c2d7ab-6dba-4eae-87d7-4ed3f815283f",
            "0ac55655-233f-4980-ac3c-2bdafefad79b",
            "586c00f6-f8ff-45f9-a8dd-67a64205ec3c",
            "01e61943-cad7-49ff-8d09-15dd01c61799",
            "24d1d283-d919-4289-b31f-4d0abba33566",
            "2ccb2e0e-b945-4bb9-9346-bc1f3dfbcf56",
            "3a298267-138e-4ab5-8932-e764bfd8c897",
            "2d90c7ee-e79d-40ea-acb7-3330d6564b66"
          ],
          "failures": [],
          "pending": [],
          "skipped": [],
          "duration": 121200,
          "root": false,
          "rootEmpty": false,
          "_timeout": 2000
        }
      ],
      "passes": [],
      "failures": [],
      "pending": [],
      "skipped": [],
      "duration": 0,
      "root": true,
      "rootEmpty": true,
      "_timeout": 2000
    }
  ],
  "meta": {
    "mocha": {
      "version": "7.0.1"
    },
    "mochawesome": {
      "options": {
        "quiet": false,
        "reportFilename": "mochawesome",
        "saveHtml": false,
        "saveJson": true,
        "consoleReporter": "spec",
        "useInlineDiffs": false,
        "code": true
      },
      "version": "6.2.2"
    },
    "marge": {
      "options": {
        "reportDir": "cypress/results",
        "overwrite": false,
        "html": false,
        "json": true
      },
      "version": "5.2.0"
    }
  }
}