{
  "stats": {
    "suites": 6,
    "tests": 32,
    "passes": 32,
    "pending": 0,
    "failures": 0,
    "start": "2021-04-23T13:24:46.433Z",
    "end": "2021-04-23T13:27:53.615Z",
    "duration": 135607,
    "testsRegistered": 32,
    "passPercent": 100,
    "pendingPercent": 0,
    "other": 0,
    "hasOther": false,
    "skipped": 0,
    "hasSkipped": false
  },
  "results": [
    {
      "uuid": "4a2e9107-0da0-479b-8b78-0e70fdf34815",
      "title": "",
      "fullFile": "cypress/integration/extra-test-suites/extra-test-suite-bills.spec.js",
      "file": "cypress/integration/extra-test-suites/extra-test-suite-bills.spec.js",
      "beforeHooks": [],
      "afterHooks": [],
      "tests": [],
      "suites": [
        {
          "uuid": "775458a3-818f-4fe7-bcc2-c8f62039ac82",
          "title": "Extra test suite with Page-objects - Bills",
          "fullFile": "",
          "file": "",
          "beforeHooks": [],
          "afterHooks": [],
          "tests": [
            {
              "title": "View Bills",
              "fullTitle": "Extra test suite with Page-objects - Bills View Bills",
              "timedOut": null,
              "duration": 2609,
              "state": "passed",
              "speed": "slow",
              "pass": true,
              "fail": false,
              "pending": false,
              "context": null,
              "code": "indexPage.navigateToBills('Bills');\nbillsPage.performLogout('Login');",
              "err": {},
              "uuid": "2cd41632-15a8-4ca7-b021-002b555f125c",
              "parentUUID": "775458a3-818f-4fe7-bcc2-c8f62039ac82",
              "isHook": false,
              "skipped": false
            },
            {
              "title": "Create a new bill by using valid input in all fields",
              "fullTitle": "Extra test suite with Page-objects - Bills Create a new bill by using valid input in all fields",
              "timedOut": null,
              "duration": 3636,
              "state": "passed",
              "speed": "slow",
              "pass": true,
              "fail": false,
              "pending": false,
              "context": null,
              "code": "indexPage.navigateToBills('Bills');\nbillsPage.navigateToCreateBillPage('New Bill');\ncreateBillPage.addValue('1000kr');\ncreateBillPage.addAsPaid();\ncreateBillPage.saveBill('Bills');\nbillsPage.verifyLastBill('1000kr', 'Yes');\nbillsPage.performLogout('Login');",
              "err": {},
              "uuid": "76d7ca1c-b047-4915-a8dd-f8cec21799cb",
              "parentUUID": "775458a3-818f-4fe7-bcc2-c8f62039ac82",
              "isHook": false,
              "skipped": false
            },
            {
              "title": "Delete bill on bills page",
              "fullTitle": "Extra test suite with Page-objects - Bills Delete bill on bills page",
              "timedOut": null,
              "duration": 4295,
              "state": "passed",
              "speed": "slow",
              "pass": true,
              "fail": false,
              "pending": false,
              "context": null,
              "code": "indexPage.navigateToBills('Bills');\nbillsPage.navigateToCreateBillPage('New Bill');\ncreateBillPage.addValue('1000kr');\ncreateBillPage.addAsPaid();\ncreateBillPage.saveBill('Bills');\nbillsPage.verifyLastBill('1000kr', 'Yes');\nbillsPage.deleteBill('Bills');\nbillsPage.performLogout('Login');",
              "err": {},
              "uuid": "a4ec76a6-57ca-4929-8b74-881a58f61be3",
              "parentUUID": "775458a3-818f-4fe7-bcc2-c8f62039ac82",
              "isHook": false,
              "skipped": false
            },
            {
              "title": "Edit bill",
              "fullTitle": "Extra test suite with Page-objects - Bills Edit bill",
              "timedOut": null,
              "duration": 4970,
              "state": "passed",
              "speed": "slow",
              "pass": true,
              "fail": false,
              "pending": false,
              "context": null,
              "code": "indexPage.navigateToBills('Bills');\nbillsPage.navigateToCreateBillPage('New Bill');\ncreateBillPage.addValue('1000kr');\ncreateBillPage.addAsPaid();\ncreateBillPage.saveBill('Bills');\nbillsPage.verifyLastBill('1000kr', 'Yes');\nbillsPage.navigateToEditBillPage('Bill: ');\neditBillPage.editValue('500kr');\neditBillPage.editPaid();\neditBillPage.saveBill('Bills');\nbillsPage.verifyLastBill('500kr', 'No');\nbillsPage.performLogout('Login');",
              "err": {},
              "uuid": "10906655-600e-452a-aef2-697940284662",
              "parentUUID": "775458a3-818f-4fe7-bcc2-c8f62039ac82",
              "isHook": false,
              "skipped": false
            },
            {
              "title": "Delete bill on edit bill page",
              "fullTitle": "Extra test suite with Page-objects - Bills Delete bill on edit bill page",
              "timedOut": null,
              "duration": 4461,
              "state": "passed",
              "speed": "slow",
              "pass": true,
              "fail": false,
              "pending": false,
              "context": null,
              "code": "indexPage.navigateToBills('Bills');\nbillsPage.navigateToCreateBillPage('New Bill');\ncreateBillPage.addValue('1000kr');\ncreateBillPage.addAsPaid();\ncreateBillPage.saveBill('Bills');\nbillsPage.verifyLastBill('1000kr', 'Yes');\nbillsPage.navigateToEditBillPage('Bill: ');\neditBillPage.deleteBill('Bills');\nbillsPage.performLogout('Login');",
              "err": {},
              "uuid": "8d3f94a3-68da-4281-88c4-6c92db379ed8",
              "parentUUID": "775458a3-818f-4fe7-bcc2-c8f62039ac82",
              "isHook": false,
              "skipped": false
            }
          ],
          "suites": [],
          "passes": [
            "2cd41632-15a8-4ca7-b021-002b555f125c",
            "76d7ca1c-b047-4915-a8dd-f8cec21799cb",
            "a4ec76a6-57ca-4929-8b74-881a58f61be3",
            "10906655-600e-452a-aef2-697940284662",
            "8d3f94a3-68da-4281-88c4-6c92db379ed8"
          ],
          "failures": [],
          "pending": [],
          "skipped": [],
          "duration": 19971,
          "root": false,
          "rootEmpty": false,
          "_timeout": 2000
        }
      ],
      "passes": [],
      "failures": [],
      "pending": [],
      "skipped": [],
      "duration": 0,
      "root": true,
      "rootEmpty": true,
      "_timeout": 2000
    },
    {
      "uuid": "4aca8638-aaa1-4782-993f-ef6f6f1b4cba",
      "title": "",
      "fullFile": "cypress/integration/extra-test-suites/extra-test-suite-clients.spec.js",
      "file": "cypress/integration/extra-test-suites/extra-test-suite-clients.spec.js",
      "beforeHooks": [],
      "afterHooks": [],
      "tests": [],
      "suites": [
        {
          "uuid": "a67f1ceb-f41e-441a-90f8-250d5a1f93ff",
          "title": "Extra test suite with Page-objects - Clients",
          "fullFile": "",
          "file": "",
          "beforeHooks": [],
          "afterHooks": [],
          "tests": [
            {
              "title": "View Clients",
              "fullTitle": "Extra test suite with Page-objects - Clients View Clients",
              "timedOut": null,
              "duration": 2621,
              "state": "passed",
              "speed": "slow",
              "pass": true,
              "fail": false,
              "pending": false,
              "context": null,
              "code": "indexPage.navigateToClients('Clients');\nclientsPage.performLogout('Login');",
              "err": {},
              "uuid": "58078f55-5480-4533-addb-629d84e57703",
              "parentUUID": "a67f1ceb-f41e-441a-90f8-250d5a1f93ff",
              "isHook": false,
              "skipped": false
            },
            {
              "title": "Create a new client by using valid input in all fields",
              "fullTitle": "Extra test suite with Page-objects - Clients Create a new client by using valid input in all fields",
              "timedOut": null,
              "duration": 4394,
              "state": "passed",
              "speed": "slow",
              "pass": true,
              "fail": false,
              "pending": false,
              "context": null,
              "code": "indexPage.navigateToClients('Clients');\nclientsPage.navigateToCreateClientPage('New Client');\ncreateClientPage.addName('ABC');\ncreateClientPage.addEmail('abc@xyz.com');\ncreateClientPage.addTelephone('0701234567');\ncreateClientPage.saveClient('Clients');\nclientsPage.verifyLastClient('ABC', 'abc@xyz.com', '0701234567');\nclientsPage.performLogout('Login');",
              "err": {},
              "uuid": "310e4fd9-4d2b-4605-a2a7-4617465a4713",
              "parentUUID": "a67f1ceb-f41e-441a-90f8-250d5a1f93ff",
              "isHook": false,
              "skipped": false
            },
            {
              "title": "Edit client",
              "fullTitle": "Extra test suite with Page-objects - Clients Edit client",
              "timedOut": null,
              "duration": 6869,
              "state": "passed",
              "speed": "slow",
              "pass": true,
              "fail": false,
              "pending": false,
              "context": null,
              "code": "indexPage.navigateToClients('Clients');\nclientsPage.navigateToCreateClientPage('New Client');\ncreateClientPage.addName('ABC');\ncreateClientPage.addEmail('abc@xyz.com');\ncreateClientPage.addTelephone('0701234567');\ncreateClientPage.saveClient('Clients');\nclientsPage.verifyLastClient('ABC', 'abc@xyz.com', '0701234567');\nclientsPage.navigateToEditClientPage('Client: ');\neditClientPage.editName('XYZ');\neditClientPage.editEmail('xyz@abc.se');\neditClientPage.editTelephone('0707654321');\neditClientPage.saveClient('Clients');\nclientsPage.verifyLastClient('XYZ', 'xyz@abc.se', '0707654321');\nclientsPage.performLogout('Login');",
              "err": {},
              "uuid": "576d3ab2-184c-43d0-bd2b-2191a59954aa",
              "parentUUID": "a67f1ceb-f41e-441a-90f8-250d5a1f93ff",
              "isHook": false,
              "skipped": false
            },
            {
              "title": "Delete client on clients page",
              "fullTitle": "Extra test suite with Page-objects - Clients Delete client on clients page",
              "timedOut": null,
              "duration": 4802,
              "state": "passed",
              "speed": "slow",
              "pass": true,
              "fail": false,
              "pending": false,
              "context": null,
              "code": "indexPage.navigateToClients('Clients');\nclientsPage.navigateToCreateClientPage('New Client');\ncreateClientPage.addName('ABC');\ncreateClientPage.addEmail('abc@xyz.com');\ncreateClientPage.addTelephone('0701234567');\ncreateClientPage.saveClient('Clients');\nclientsPage.verifyLastClient('ABC', 'abc@xyz.com', '0701234567');\nclientsPage.deleteClient('Clients');\nclientsPage.performLogout('Login');",
              "err": {},
              "uuid": "97dee813-ed18-45c2-a7d2-ef65f9df429f",
              "parentUUID": "a67f1ceb-f41e-441a-90f8-250d5a1f93ff",
              "isHook": false,
              "skipped": false
            },
            {
              "title": "Return to indexpage when creating a client",
              "fullTitle": "Extra test suite with Page-objects - Clients Return to indexpage when creating a client",
              "timedOut": null,
              "duration": 3201,
              "state": "passed",
              "speed": "slow",
              "pass": true,
              "fail": false,
              "pending": false,
              "context": null,
              "code": "indexPage.navigateToClients('Clients');\nclientsPage.navigateToCreateClientPage('New Client');\ncreateClientPage.returnToClientsPage('Clients');\nclientsPage.returnToIndexPage('Tester Hotel Overview');\nclientsPage.performLogout('Login');",
              "err": {},
              "uuid": "b5602b6c-27e0-4f2c-9506-bb31f04f0b52",
              "parentUUID": "a67f1ceb-f41e-441a-90f8-250d5a1f93ff",
              "isHook": false,
              "skipped": false
            },
            {
              "title": "Return to indexpage when on Clients page",
              "fullTitle": "Extra test suite with Page-objects - Clients Return to indexpage when on Clients page",
              "timedOut": null,
              "duration": 2699,
              "state": "passed",
              "speed": "slow",
              "pass": true,
              "fail": false,
              "pending": false,
              "context": null,
              "code": "indexPage.navigateToClients('Clients');\nclientsPage.returnToIndexPage('Tester Hotel Overview');\nclientsPage.performLogout('Login');",
              "err": {},
              "uuid": "ef4363f9-c8bd-4a1f-98f2-88b107886ed9",
              "parentUUID": "a67f1ceb-f41e-441a-90f8-250d5a1f93ff",
              "isHook": false,
              "skipped": false
            },
            {
              "title": "Return to indexpage when editing a client",
              "fullTitle": "Extra test suite with Page-objects - Clients Return to indexpage when editing a client",
              "timedOut": null,
              "duration": 5391,
              "state": "passed",
              "speed": "slow",
              "pass": true,
              "fail": false,
              "pending": false,
              "context": null,
              "code": "indexPage.navigateToClients('Clients');\nclientsPage.navigateToCreateClientPage('New Client');\ncreateClientPage.addName('ABC');\ncreateClientPage.addEmail('abc@xyz.com');\ncreateClientPage.addTelephone('0701234567');\ncreateClientPage.saveClient('Clients');\nclientsPage.navigateToEditClientPage('Client: ');\neditClientPage.returnToClientsPage('Clients');\nclientsPage.returnToIndexPage('Tester Hotel Overview');\nclientsPage.performLogout('Login');",
              "err": {},
              "uuid": "6c4fe364-7398-4f52-ae85-94057a89d89f",
              "parentUUID": "a67f1ceb-f41e-441a-90f8-250d5a1f93ff",
              "isHook": false,
              "skipped": false
            },
            {
              "title": "Delete client on edit clients page",
              "fullTitle": "Extra test suite with Page-objects - Clients Delete client on edit clients page",
              "timedOut": null,
              "duration": 5429,
              "state": "passed",
              "speed": "slow",
              "pass": true,
              "fail": false,
              "pending": false,
              "context": null,
              "code": "indexPage.navigateToClients('Clients');\nclientsPage.navigateToCreateClientPage('New Client');\ncreateClientPage.addName('ABC');\ncreateClientPage.addEmail('abc@xyz.com');\ncreateClientPage.addTelephone('0701234567');\ncreateClientPage.saveClient('Clients');\nclientsPage.verifyLastClient('ABC', 'abc@xyz.com', '0701234567');\nclientsPage.navigateToEditClientPage('Client: ');\neditClientPage.deleteClient('Clients');\nclientsPage.performLogout('Login');",
              "err": {},
              "uuid": "2027ccf4-97b0-429d-a8d3-1213bed71f22",
              "parentUUID": "a67f1ceb-f41e-441a-90f8-250d5a1f93ff",
              "isHook": false,
              "skipped": false
            }
          ],
          "suites": [],
          "passes": [
            "58078f55-5480-4533-addb-629d84e57703",
            "310e4fd9-4d2b-4605-a2a7-4617465a4713",
            "576d3ab2-184c-43d0-bd2b-2191a59954aa",
            "97dee813-ed18-45c2-a7d2-ef65f9df429f",
            "b5602b6c-27e0-4f2c-9506-bb31f04f0b52",
            "ef4363f9-c8bd-4a1f-98f2-88b107886ed9",
            "6c4fe364-7398-4f52-ae85-94057a89d89f",
            "2027ccf4-97b0-429d-a8d3-1213bed71f22"
          ],
          "failures": [],
          "pending": [],
          "skipped": [],
          "duration": 35406,
          "root": false,
          "rootEmpty": false,
          "_timeout": 2000
        }
      ],
      "passes": [],
      "failures": [],
      "pending": [],
      "skipped": [],
      "duration": 0,
      "root": true,
      "rootEmpty": true,
      "_timeout": 2000
    },
    {
      "uuid": "80dc109e-ae9b-4a5d-9d39-bebaef087bc5",
      "title": "",
      "fullFile": "cypress/integration/extra-test-suites/extra-test-suite-login.spec.js",
      "file": "cypress/integration/extra-test-suites/extra-test-suite-login.spec.js",
      "beforeHooks": [],
      "afterHooks": [],
      "tests": [],
      "suites": [
        {
          "uuid": "95141448-d7d3-4a05-a960-da5eaea7e85e",
          "title": "Test suite with Page-objects - Login",
          "fullFile": "",
          "file": "",
          "beforeHooks": [],
          "afterHooks": [],
          "tests": [
            {
              "title": "Perform login with valid credentials",
              "fullTitle": "Test suite with Page-objects - Login Perform login with valid credentials",
              "timedOut": null,
              "duration": 2315,
              "state": "passed",
              "speed": "slow",
              "pass": true,
              "fail": false,
              "pending": false,
              "context": null,
              "code": "loginPage.checkLoginPageTitle();\nloginPage.performValidLogin('tester01', 'GteteqbQQgSr88SwNExUQv2ydb7xuf8c', 'Tester Hotel Overview');\nindexPage.performLogout('Login');",
              "err": {},
              "uuid": "21ed8db2-82cb-41e0-9043-ba0a1f56741a",
              "parentUUID": "95141448-d7d3-4a05-a960-da5eaea7e85e",
              "isHook": false,
              "skipped": false
            },
            {
              "title": "Perform login with invalid credentials",
              "fullTitle": "Test suite with Page-objects - Login Perform login with invalid credentials",
              "timedOut": null,
              "duration": 1692,
              "state": "passed",
              "speed": "slow",
              "pass": true,
              "fail": false,
              "pending": false,
              "context": null,
              "code": "loginPage.checkLoginPageTitle();\nloginPage.performValidLogin('tester01', 'hello123', 'Bad username or password');",
              "err": {},
              "uuid": "f6c5a8ad-72b9-4f7b-a33f-4e0479e0a182",
              "parentUUID": "95141448-d7d3-4a05-a960-da5eaea7e85e",
              "isHook": false,
              "skipped": false
            }
          ],
          "suites": [],
          "passes": [
            "21ed8db2-82cb-41e0-9043-ba0a1f56741a",
            "f6c5a8ad-72b9-4f7b-a33f-4e0479e0a182"
          ],
          "failures": [],
          "pending": [],
          "skipped": [],
          "duration": 4007,
          "root": false,
          "rootEmpty": false,
          "_timeout": 2000
        }
      ],
      "passes": [],
      "failures": [],
      "pending": [],
      "skipped": [],
      "duration": 0,
      "root": true,
      "rootEmpty": true,
      "_timeout": 2000
    },
    {
      "uuid": "45776d40-b0b0-4166-be68-fe251c4daa02",
      "title": "",
      "fullFile": "cypress/integration/extra-test-suites/extra-test-suite-reservations.spec.js",
      "file": "cypress/integration/extra-test-suites/extra-test-suite-reservations.spec.js",
      "beforeHooks": [],
      "afterHooks": [],
      "tests": [],
      "suites": [
        {
          "uuid": "86c00eca-cce0-4329-9a8b-dbee9c4a1ed9",
          "title": "Extra test suite with Page-objects - Reservations",
          "fullFile": "",
          "file": "",
          "beforeHooks": [],
          "afterHooks": [],
          "tests": [
            {
              "title": "View Reservations",
              "fullTitle": "Extra test suite with Page-objects - Reservations View Reservations",
              "timedOut": null,
              "duration": 2789,
              "state": "passed",
              "speed": "slow",
              "pass": true,
              "fail": false,
              "pending": false,
              "context": null,
              "code": "indexPage.navigateToReservations('Reservations');\nreservationsPage.performLogout('Login');",
              "err": {},
              "uuid": "484978d2-98cb-4f53-8d38-9c146a44b3b4",
              "parentUUID": "86c00eca-cce0-4329-9a8b-dbee9c4a1ed9",
              "isHook": false,
              "skipped": false
            },
            {
              "title": "Create a new reservation by using valid input in all fields",
              "fullTitle": "Extra test suite with Page-objects - Reservations Create a new reservation by using valid input in all fields",
              "timedOut": null,
              "duration": 5769,
              "state": "passed",
              "speed": "slow",
              "pass": true,
              "fail": false,
              "pending": false,
              "context": null,
              "code": "indexPage.navigateToReservations('Reservation');\nreservationsPage.navigateToCreateReservationPage('New Reservation');\ncreateReservationPage.addStartDate('2022-01-01');\ncreateReservationPage.addEndDate('2022-01-03');\ncreateReservationPage.addClient('Jonas Hellman (#1)');\ncreateReservationPage.addRoom('Floor 1, Room 101');\ncreateReservationPage.addBill('1');\ncreateReservationPage.saveReservation('Reservations');\nreservationsPage.verifyLastReservation('2022-01-01', '2022-01-03', 'Jonas Hellman');\nreservationsPage.performLogout('Login');",
              "err": {},
              "uuid": "ff53be7d-518c-4509-9c88-bb001e9e2339",
              "parentUUID": "86c00eca-cce0-4329-9a8b-dbee9c4a1ed9",
              "isHook": false,
              "skipped": false
            },
            {
              "title": "Delete reservation on reservations page",
              "fullTitle": "Extra test suite with Page-objects - Reservations Delete reservation on reservations page",
              "timedOut": null,
              "duration": 6115,
              "state": "passed",
              "speed": "slow",
              "pass": true,
              "fail": false,
              "pending": false,
              "context": null,
              "code": "indexPage.navigateToReservations('Reservation');\nreservationsPage.navigateToCreateReservationPage('New Reservation');\ncreateReservationPage.addStartDate('2022-01-01');\ncreateReservationPage.addEndDate('2022-01-03');\ncreateReservationPage.addClient('Jonas Hellman (#1)');\ncreateReservationPage.addRoom('Floor 1, Room 101');\ncreateReservationPage.addBill('1');\ncreateReservationPage.saveReservation('Reservations');\nreservationsPage.verifyLastReservation('2022-01-01', '2022-01-03', 'Jonas Hellman');\nreservationsPage.deleteReservation('Reservations');\nreservationsPage.performLogout('Login');",
              "err": {},
              "uuid": "c86bea82-66bf-4621-88a8-a6cb636706f7",
              "parentUUID": "86c00eca-cce0-4329-9a8b-dbee9c4a1ed9",
              "isHook": false,
              "skipped": false
            },
            {
              "title": "Edit reservation",
              "fullTitle": "Extra test suite with Page-objects - Reservations Edit reservation",
              "timedOut": null,
              "duration": 8202,
              "state": "passed",
              "speed": "slow",
              "pass": true,
              "fail": false,
              "pending": false,
              "context": null,
              "code": "indexPage.navigateToReservations('Reservation');\nreservationsPage.navigateToCreateReservationPage('New Reservation');\ncreateReservationPage.addStartDate('2022-01-01');\ncreateReservationPage.addEndDate('2022-01-03');\ncreateReservationPage.addClient('Jonas Hellman (#1)');\ncreateReservationPage.addRoom('Floor 1, Room 101');\ncreateReservationPage.addBill('1');\ncreateReservationPage.saveReservation('Reservations');\nreservationsPage.verifyLastReservation('2022-01-01', '2022-01-03', 'Jonas Hellman');\nreservationsPage.navigateToEditReservationPage('Reservation: ');\neditReservationPage.editStartDate('2022-02-01');\neditReservationPage.editEndDate('2022-02-03');\neditReservationPage.editClient('Mikael Eriksson (#2)');\neditReservationPage.editRoom('Floor 1, Room 102');\neditReservationPage.editBill('2');\neditReservationPage.saveReservation('Reservations');\nreservationsPage.verifyLastReservation('2022-02-01', '2022-02-03', 'Mikael Eriksson');\nreservationsPage.performLogout('Login');",
              "err": {},
              "uuid": "2a975b46-4c4f-4da0-a9dc-d4ed56dbdb94",
              "parentUUID": "86c00eca-cce0-4329-9a8b-dbee9c4a1ed9",
              "isHook": false,
              "skipped": false
            },
            {
              "title": "Delete reservation on edit reservation page",
              "fullTitle": "Extra test suite with Page-objects - Reservations Delete reservation on edit reservation page",
              "timedOut": null,
              "duration": 6705,
              "state": "passed",
              "speed": "slow",
              "pass": true,
              "fail": false,
              "pending": false,
              "context": null,
              "code": "indexPage.navigateToReservations('Reservation');\nreservationsPage.navigateToCreateReservationPage('New Reservation');\ncreateReservationPage.addStartDate('2022-01-01');\ncreateReservationPage.addEndDate('2022-01-03');\ncreateReservationPage.addClient('Jonas Hellman (#1)');\ncreateReservationPage.addRoom('Floor 1, Room 101');\ncreateReservationPage.addBill('1');\ncreateReservationPage.saveReservation('Reservations');\nreservationsPage.verifyLastReservation('2022-01-01', '2022-01-03', 'Jonas Hellman');\nreservationsPage.navigateToEditReservationPage('Reservation: ');\neditReservationPage.deleteReservation('Reservations');\nreservationsPage.performLogout('Login');",
              "err": {},
              "uuid": "5a237588-00cc-43b6-82fd-4935ca7dc5f3",
              "parentUUID": "86c00eca-cce0-4329-9a8b-dbee9c4a1ed9",
              "isHook": false,
              "skipped": false
            }
          ],
          "suites": [],
          "passes": [
            "484978d2-98cb-4f53-8d38-9c146a44b3b4",
            "ff53be7d-518c-4509-9c88-bb001e9e2339",
            "c86bea82-66bf-4621-88a8-a6cb636706f7",
            "2a975b46-4c4f-4da0-a9dc-d4ed56dbdb94",
            "5a237588-00cc-43b6-82fd-4935ca7dc5f3"
          ],
          "failures": [],
          "pending": [],
          "skipped": [],
          "duration": 29580,
          "root": false,
          "rootEmpty": false,
          "_timeout": 2000
        }
      ],
      "passes": [],
      "failures": [],
      "pending": [],
      "skipped": [],
      "duration": 0,
      "root": true,
      "rootEmpty": true,
      "_timeout": 2000
    },
    {
      "uuid": "e99f281f-836c-4502-b0d7-fa614961cc88",
      "title": "",
      "fullFile": "cypress/integration/extra-test-suites/extra-test-suite-rooms.spec.js",
      "file": "cypress/integration/extra-test-suites/extra-test-suite-rooms.spec.js",
      "beforeHooks": [],
      "afterHooks": [],
      "tests": [],
      "suites": [
        {
          "uuid": "a9fdc888-4dc5-46ac-880d-2aa43ab5fc6b",
          "title": "Extra test suite with Page-objects - Rooms",
          "fullFile": "",
          "file": "",
          "beforeHooks": [],
          "afterHooks": [],
          "tests": [
            {
              "title": "Edit a room",
              "fullTitle": "Extra test suite with Page-objects - Rooms Edit a room",
              "timedOut": null,
              "duration": 10818,
              "state": "passed",
              "speed": "slow",
              "pass": true,
              "fail": false,
              "pending": false,
              "context": null,
              "code": "indexPage.navigateToRooms('Rooms');\nroomsPage.navigateToCreateRoom('New Room');\ncreateRoomPage.chooseCategory('double');\ncreateRoomPage.addRoomNumber('103');\ncreateRoomPage.addFloorNumber('1');\ncreateRoomPage.chooseAsAvailable();\ncreateRoomPage.addPrice('1500kr');\ncreateRoomPage.chooseFeatures('Balcony');\ncreateRoomPage.saveRoom('Rooms');\nroomsPage.verifyLastRoom('1', '103', 'double', 'true', '1500kr', 'balcony');\nroomsPage.navigateToEditRoomPage('Room:');\neditRoomPage.editCategory('single');\neditRoomPage.editRoomNumber(203);\neditRoomPage.editFloorNumber(2);\neditRoomPage.editAvailability();\neditRoomPage.editPrice('1000kr');\neditRoomPage.editFeatures('ensuite');\neditRoomPage.saveEdit('Rooms');\nroomsPage.verifyLastRoom('2', '203', 'single', 'false', '1000kr', 'ensuite');\nroomsPage.performLogout('Login');",
              "err": {},
              "uuid": "a730047c-0cf5-4141-a4a9-89acbed25a1a",
              "parentUUID": "a9fdc888-4dc5-46ac-880d-2aa43ab5fc6b",
              "isHook": false,
              "skipped": false
            },
            {
              "title": "Delete room",
              "fullTitle": "Extra test suite with Page-objects - Rooms Delete room",
              "timedOut": null,
              "duration": 4188,
              "state": "passed",
              "speed": "slow",
              "pass": true,
              "fail": false,
              "pending": false,
              "context": null,
              "code": "indexPage.navigateToRooms('Rooms');\nroomsPage.navigateToCreateRoom('New Room');\ncreateRoomPage.chooseCategory('double');\ncreateRoomPage.addRoomNumber('103');\ncreateRoomPage.addFloorNumber('1');\ncreateRoomPage.chooseAsAvailable();\ncreateRoomPage.addPrice('1500kr');\ncreateRoomPage.chooseFeatures('Balcony');\ncreateRoomPage.saveRoom('Rooms');\nroomsPage.verifyLastRoom('1', '103', 'double', 'true', '1500kr', 'balcony');\nroomsPage.deleteRoom();\nroomsPage.performLogout('Login');",
              "err": {},
              "uuid": "3d2bd58c-80ac-44a8-a462-4274016d9341",
              "parentUUID": "a9fdc888-4dc5-46ac-880d-2aa43ab5fc6b",
              "isHook": false,
              "skipped": false
            }
          ],
          "suites": [],
          "passes": [
            "a730047c-0cf5-4141-a4a9-89acbed25a1a",
            "3d2bd58c-80ac-44a8-a462-4274016d9341"
          ],
          "failures": [],
          "pending": [],
          "skipped": [],
          "duration": 15006,
          "root": false,
          "rootEmpty": false,
          "_timeout": 2000
        }
      ],
      "passes": [],
      "failures": [],
      "pending": [],
      "skipped": [],
      "duration": 0,
      "root": true,
      "rootEmpty": true,
      "_timeout": 2000
    },
    {
      "uuid": "a0612ffe-a39c-4583-a92b-f69cf8fe3cce",
      "title": "",
      "fullFile": "cypress/integration/test-suite-assignment02.spec.js",
      "file": "cypress/integration/test-suite-assignment02.spec.js",
      "beforeHooks": [],
      "afterHooks": [],
      "tests": [],
      "suites": [
        {
          "uuid": "98946d36-b393-48dd-942b-0cefa95378cd",
          "title": "Test suite with Page-objects - Assignment02",
          "fullFile": "",
          "file": "",
          "beforeHooks": [],
          "afterHooks": [],
          "tests": [
            {
              "title": "View Rooms",
              "fullTitle": "Test suite with Page-objects - Assignment02 View Rooms",
              "timedOut": null,
              "duration": 2442,
              "state": "passed",
              "speed": "slow",
              "pass": true,
              "fail": false,
              "pending": false,
              "context": null,
              "code": "indexPage.navigateToRooms('Rooms');\nroomsPage.performLogout('Login');",
              "err": {},
              "uuid": "b98c8e59-8c29-449f-b5c5-447378b44990",
              "parentUUID": "98946d36-b393-48dd-942b-0cefa95378cd",
              "isHook": false,
              "skipped": false
            },
            {
              "title": "Create a room by entering valid input in all fields",
              "fullTitle": "Test suite with Page-objects - Assignment02 Create a room by entering valid input in all fields",
              "timedOut": null,
              "duration": 3710,
              "state": "passed",
              "speed": "slow",
              "pass": true,
              "fail": false,
              "pending": false,
              "context": null,
              "code": "indexPage.navigateToRooms('Rooms');\nroomsPage.navigateToCreateRoom('New Room');\ncreateRoomPage.chooseCategory('double');\ncreateRoomPage.addRoomNumber('103');\ncreateRoomPage.addFloorNumber('1');\ncreateRoomPage.chooseAsAvailable();\ncreateRoomPage.addPrice('1500kr');\ncreateRoomPage.chooseFeatures('Balcony');\ncreateRoomPage.saveRoom('Rooms');\nroomsPage.verifyLastRoom('1', '103', 'double', 'true', '1500kr', 'balcony');\nroomsPage.performLogout('Login');",
              "err": {},
              "uuid": "e6557cbb-7d2e-499a-a68a-fdee041619c1",
              "parentUUID": "98946d36-b393-48dd-942b-0cefa95378cd",
              "isHook": false,
              "skipped": false
            },
            {
              "title": "Create a room without choosing a category",
              "fullTitle": "Test suite with Page-objects - Assignment02 Create a room without choosing a category",
              "timedOut": null,
              "duration": 3444,
              "state": "passed",
              "speed": "slow",
              "pass": true,
              "fail": false,
              "pending": false,
              "context": null,
              "code": "indexPage.navigateToRooms('Rooms');\nroomsPage.navigateToCreateRoom('New Room');\ncreateRoomPage.addRoomNumber('103');\ncreateRoomPage.addFloorNumber('1');\ncreateRoomPage.chooseAsAvailable();\ncreateRoomPage.addPrice('1500kr');\ncreateRoomPage.chooseFeatures('Balcony');\ncreateRoomPage.saveRoom('Rooms');\nroomsPage.verifyLastRoom('1', '103', '', 'true', '1500kr', 'balcony');\nroomsPage.checkForNoCategory();\nroomsPage.performLogout('Login');",
              "err": {},
              "uuid": "f68f845e-5644-4796-915e-ca17f9eeaaa7",
              "parentUUID": "98946d36-b393-48dd-942b-0cefa95378cd",
              "isHook": false,
              "skipped": false
            },
            {
              "title": "Create a room without entering a roomnumber",
              "fullTitle": "Test suite with Page-objects - Assignment02 Create a room without entering a roomnumber",
              "timedOut": null,
              "duration": 3253,
              "state": "passed",
              "speed": "slow",
              "pass": true,
              "fail": false,
              "pending": false,
              "context": null,
              "code": "indexPage.navigateToRooms('Rooms');\nroomsPage.navigateToCreateRoom('New Room');\ncreateRoomPage.chooseCategory('double');\ncreateRoomPage.addFloorNumber('1');\ncreateRoomPage.chooseAsAvailable();\ncreateRoomPage.addPrice('1500kr');\ncreateRoomPage.chooseFeatures('Balcony');\ncreateRoomPage.saveRoom('Room number must be set');\ncreateRoomPage.performLogout('Login');",
              "err": {},
              "uuid": "56761cd4-3912-4439-9151-0c7e9c2fb62f",
              "parentUUID": "98946d36-b393-48dd-942b-0cefa95378cd",
              "isHook": false,
              "skipped": false
            },
            {
              "title": "Create a room by entering a floor",
              "fullTitle": "Test suite with Page-objects - Assignment02 Create a room by entering a floor",
              "timedOut": null,
              "duration": 3239,
              "state": "passed",
              "speed": "slow",
              "pass": true,
              "fail": false,
              "pending": false,
              "context": null,
              "code": "indexPage.navigateToRooms('Rooms');\nroomsPage.navigateToCreateRoom('New Room');\ncreateRoomPage.chooseCategory('double');\ncreateRoomPage.addRoomNumber('103');\ncreateRoomPage.chooseAsAvailable();\ncreateRoomPage.addPrice('1500kr');\ncreateRoomPage.chooseFeatures('Balcony');\ncreateRoomPage.saveRoom('Floor must be set');\ncreateRoomPage.performLogout('Login');",
              "err": {},
              "uuid": "f768d708-840a-4ccf-8f98-d27051cf9497",
              "parentUUID": "98946d36-b393-48dd-942b-0cefa95378cd",
              "isHook": false,
              "skipped": false
            },
            {
              "title": "Create room without entering availability",
              "fullTitle": "Test suite with Page-objects - Assignment02 Create room without entering availability",
              "timedOut": null,
              "duration": 3477,
              "state": "passed",
              "speed": "slow",
              "pass": true,
              "fail": false,
              "pending": false,
              "context": null,
              "code": "indexPage.navigateToRooms('Rooms');\nroomsPage.navigateToCreateRoom('New Room');\ncreateRoomPage.chooseCategory('double');\ncreateRoomPage.addRoomNumber('103');\ncreateRoomPage.addFloorNumber('1');\ncreateRoomPage.addPrice('1500kr');\ncreateRoomPage.chooseFeatures('Balcony');\ncreateRoomPage.saveRoom('Rooms');\nroomsPage.verifyLastRoom('1', '103', 'double', '', '1500kr', 'balcony');\nroomsPage.checkForNoAvailability();\nroomsPage.performLogout('Login');",
              "err": {},
              "uuid": "c85e8684-469f-49d7-944f-83011cf0385a",
              "parentUUID": "98946d36-b393-48dd-942b-0cefa95378cd",
              "isHook": false,
              "skipped": false
            },
            {
              "title": "Create a room without entering features",
              "fullTitle": "Test suite with Page-objects - Assignment02 Create a room without entering features",
              "timedOut": null,
              "duration": 3377,
              "state": "passed",
              "speed": "slow",
              "pass": true,
              "fail": false,
              "pending": false,
              "context": null,
              "code": "indexPage.navigateToRooms('Rooms');\nroomsPage.navigateToCreateRoom('New Room');\ncreateRoomPage.chooseCategory('double');\ncreateRoomPage.addRoomNumber('103');\ncreateRoomPage.addFloorNumber('1');\ncreateRoomPage.chooseAsAvailable();\ncreateRoomPage.addPrice('1500kr');\ncreateRoomPage.saveRoom('Rooms');\nroomsPage.verifyLastRoom('1', '103', 'double', 'true', '1500kr', '');\nroomsPage.checkForNoFeatures();\nroomsPage.performLogout('Login');",
              "err": {},
              "uuid": "e186ef52-4a6f-49ad-854e-df026c927701",
              "parentUUID": "98946d36-b393-48dd-942b-0cefa95378cd",
              "isHook": false,
              "skipped": false
            },
            {
              "title": "Create a room without entering a price",
              "fullTitle": "Test suite with Page-objects - Assignment02 Create a room without entering a price",
              "timedOut": null,
              "duration": 3259,
              "state": "passed",
              "speed": "slow",
              "pass": true,
              "fail": false,
              "pending": false,
              "context": null,
              "code": "indexPage.navigateToRooms('Rooms');\nroomsPage.navigateToCreateRoom('New Room');\ncreateRoomPage.chooseCategory('double');\ncreateRoomPage.addRoomNumber('103');\ncreateRoomPage.addFloorNumber('1');\ncreateRoomPage.chooseAsAvailable();\ncreateRoomPage.chooseFeatures('Balcony');\ncreateRoomPage.saveRoom('Price must be a whole number');\ncreateRoomPage.performLogout('Login');",
              "err": {},
              "uuid": "41a1cafe-967b-494c-a815-40701defb4e4",
              "parentUUID": "98946d36-b393-48dd-942b-0cefa95378cd",
              "isHook": false,
              "skipped": false
            },
            {
              "title": "Use the Back button on the page for creating a new room",
              "fullTitle": "Test suite with Page-objects - Assignment02 Use the Back button on the page for creating a new room",
              "timedOut": null,
              "duration": 2526,
              "state": "passed",
              "speed": "slow",
              "pass": true,
              "fail": false,
              "pending": false,
              "context": null,
              "code": "indexPage.navigateToRooms('Rooms');\nroomsPage.navigateToCreateRoom('New Room');\ncreateRoomPage.returnToRoomsPage('Rooms');\nroomsPage.performLogout('Login');",
              "err": {},
              "uuid": "8953b747-11bd-443a-9e55-ca0dd49f58f1",
              "parentUUID": "98946d36-b393-48dd-942b-0cefa95378cd",
              "isHook": false,
              "skipped": false
            },
            {
              "title": "Return to homepage when on the page Rooms",
              "fullTitle": "Test suite with Page-objects - Assignment02 Return to homepage when on the page Rooms",
              "timedOut": null,
              "duration": 2910,
              "state": "passed",
              "speed": "slow",
              "pass": true,
              "fail": false,
              "pending": false,
              "context": null,
              "code": "indexPage.navigateToRooms('Rooms');\nroomsPage.returnToIndexPage('Tester Hotel Overview');\nindexPage.performLogout('Login');",
              "err": {},
              "uuid": "36d5a9da-56d0-4955-a25a-350e1cb7a4ee",
              "parentUUID": "98946d36-b393-48dd-942b-0cefa95378cd",
              "isHook": false,
              "skipped": false
            }
          ],
          "suites": [],
          "passes": [
            "b98c8e59-8c29-449f-b5c5-447378b44990",
            "e6557cbb-7d2e-499a-a68a-fdee041619c1",
            "f68f845e-5644-4796-915e-ca17f9eeaaa7",
            "56761cd4-3912-4439-9151-0c7e9c2fb62f",
            "f768d708-840a-4ccf-8f98-d27051cf9497",
            "c85e8684-469f-49d7-944f-83011cf0385a",
            "e186ef52-4a6f-49ad-854e-df026c927701",
            "41a1cafe-967b-494c-a815-40701defb4e4",
            "8953b747-11bd-443a-9e55-ca0dd49f58f1",
            "36d5a9da-56d0-4955-a25a-350e1cb7a4ee"
          ],
          "failures": [],
          "pending": [],
          "skipped": [],
          "duration": 31637,
          "root": false,
          "rootEmpty": false,
          "_timeout": 2000
        }
      ],
      "passes": [],
      "failures": [],
      "pending": [],
      "skipped": [],
      "duration": 0,
      "root": true,
      "rootEmpty": true,
      "_timeout": 2000
    }
  ],
  "meta": {
    "mocha": {
      "version": "7.0.1"
    },
    "mochawesome": {
      "options": {
        "quiet": false,
        "reportFilename": "mochawesome",
        "saveHtml": false,
        "saveJson": true,
        "consoleReporter": "spec",
        "useInlineDiffs": false,
        "code": true
      },
      "version": "6.2.2"
    },
    "marge": {
      "options": {
        "reportDir": "cypress/results",
        "overwrite": false,
        "html": false,
        "json": true
      },
      "version": "5.2.0"
    }
  }
}